[inst #1] addi x10,x0,5
Register Write to Reg: 0x0A Val: 0x00000005
[inst #2] addi x11,x0,10
Register Write to Reg: 0x0B Val: 0x0000000A
[inst #3] lui x12,65536
Register Write to Reg: 0x0C Val: 0x10000000
[inst #4] sw x10,0(x12)
Memory Write to Addr: 0x10000000 Val: 0x00000005
[inst #5] lw x1,0(x12)
Register Write to Reg: 0x01 Val: 0x00000005
[inst #6] addi x2,x0,1
Register Write to Reg: 0x02 Val: 0x00000001
[inst #7] andi x3,x0,0
Register Write to Reg: 0x03 Val: 0x00000000
[inst #8] add x4,x1,x2
Register Write to Reg: 0x04 Val: 0x00000006
[inst #9] lui x5,65536
Register Write to Reg: 0x05 Val: 0x10000000
[inst #10] ori x6,x0,7
Register Write to Reg: 0x06 Val: 0x00000007
[inst #11] addi x13,x0,3
Register Write to Reg: 0x0D Val: 0x00000003
[inst #12] slt x7,x5,x11
Register Write to Reg: 0x07 Val: 0x00000000
[inst #13] wfi 

Program terminated by dropping off the bottom.
