Reading pref.tcl

# 2025.1_2

# vsim -postsimdataflow -debugdb -c -voptargs=""+acc"" tb -do "modelsim_framework.do" -gOUTPUT_TRACE=ms.trace 
# Start time: 20:29:20 on Oct 22,2025
# ** Note: (vsim-3812) Design is being optimized...
# ** Note: (vsim-8611) Generating debug db.
# ** Warning: (vopt-10587) Some optimizations are turned off because the +acc switch is in effect. This will cause your simulation to run slowly. Please use -access/-debug to maintain needed visibility. The +acc switch would be deprecated in a future release.
# ** Note: (vopt-4301) Memory core inferred for signal 'ram' width=32, depth=1024, type=RAM at location proj/src/TopLevel/mem.vhd:35
# ** Note: (vsim-12126) Error and warning message counts have been restored: Errors=0, Warnings=1.
# //  Questa Sim-64
# //  Version 2025.1_2 linux_x86_64 Apr  7 2025
# //
# // Unpublished work. Copyright 2025 Siemens
# //
# // This material contains trade secrets or otherwise confidential information
# // owned by Siemens Industry Software Inc. or its affiliates (collectively,
# // "SISW"), or its licensors. Access to and use of this information is strictly
# // limited as set forth in the Customer's applicable agreements with SISW.
# //
# // This material may not be copied, distributed, or otherwise disclosed outside
# // of the Customer's facilities without the express written permission of SISW,
# // and may not be used in any way not expressly authorized by SISW.
# //
# Loading std.standard
# Loading std.textio(body)
# Loading ieee.std_logic_1164(body)
# Loading ieee.std_logic_textio(body)
# Loading std.env(body)
# Loading work.tb(mixed)#1
# Loading work.riscv_types(body)
# Loading work.riscv_processor(structure)#1
# Loading ieee.numeric_std(body)
# Loading work.mem(rtl)#1
# Loading work.control(dataflow)#1
# Loading work.rv32_regfile(structural)#1
# Loading work.decoder_5t32(dataflow)#1
# Loading work.dffg_n(behavioral)#1
# Loading work.mux_32t1(dataflow)#1
# Loading work.fetch(structural)#1
# Loading work.pc(structural)#1
# Loading work.carry_adder_n(structural)#1
# Loading work.full_adder(behavior)#1
# Loading work.xorg2(dataflow)#1
# Loading work.andg2(dataflow)#1
# Loading work.org2(dataflow)#1
# Loading work.left_shifter(structural)#1
# Loading work.mux2t1_n(structural)#1
# Loading work.mux2t1(behavior)#1
# Loading work.invg(dataflow)#1
# Loading work.butter_extender_nt32(generatebased)#1
# Loading work.alu_total(structural)#1
# Loading work.addsub_overflow(structural)#1
# Loading work.ones_comp_n(structural)#1
# Loading work.carry_adder_n_over(structural)#1
# Loading work.barrel_shifter(structural)#1
# Loading work.branch(structural)#1
# Loading work.mux_16t1(behavioral)#1
# ** Warning: (vsim-8683) Uninitialized out port /tb/MyRiscv/ALU/adder/C_out has no driver.
# This port will contribute value (U) to the signal network.
# ** Note: (vsim-8900) Creating design debug database vsim.dbg.
# do modelsim_framework.do
# ** Warning: NUMERIC_STD.TO_INTEGER: metavalue detected, returning 0
#    Time: 0 ns  Iteration: 0  Instance: /tb/MyRiscv/DMem
# ** Warning: NUMERIC_STD.TO_INTEGER: metavalue detected, returning 0
#    Time: 0 ns  Iteration: 0  Instance: /tb/MyRiscv/IMem
# ** Warning: NUMERIC_STD.TO_INTEGER: metavalue detected, returning 0
#    Time: 0 ns  Iteration: 3  Instance: /tb/MyRiscv/DMem
# ** Warning: NUMERIC_STD.TO_INTEGER: metavalue detected, returning 0
#    Time: 0 ns  Iteration: 5  Instance: /tb/MyRiscv/IMem
# End time: 20:29:23 on Oct 22,2025, Elapsed time: 0:00:03
# Errors: 0, Warnings: 6
