In clock cycle: 4
Register Write to Reg: 0x02 Val: 0x00000014
In clock cycle: 5
Register Write to Reg: 0x0A Val: 0x00000005
In clock cycle: 6
Register Write to Reg: 0x01 Val: 0x00000001
In clock cycle: 7
Register Write to Reg: 0x03 Val: 0x00000015
In clock cycle: 8
Register Write to Reg: 0x04 Val: 0x10000000
In clock cycle: 8
Memory Write to Addr: 0x10000000 Val: 0x00000005
In clock cycle: 10
Register Write to Reg: 0x05 Val: 0x00000005
In clock cycle: 12
Register Write to Reg: 0x06 Val: 0x00000006
In clock cycle: 13
Register Write to Reg: 0x07 Val: 0x00000002
In clock cycle: 14
Register Write to Reg: 0x1D Val: 0x00000001
In clock cycle: 15
Register Write to Reg: 0x08 Val: 0x00000001
In clock cycle: 16
Register Write to Reg: 0x09 Val: 0x00000000
In clock cycle: 17
Register Write to Reg: 0x0B Val: 0x00400034
In clock cycle: 22
Register Write to Reg: 0x01 Val: 0x00000015
In clock cycle: 23
Register Write to Reg: 0x01 Val: 0x0000000A
In clock cycle: 24
Register Write to Reg: 0x00 Val: 0x0040004C
Execution is stopping! Clock Cycle: 28
