[inst #1] addi x1,x0,1
Register Write to Reg: 0x01 Val: 0x00000001
[inst #2] addi x2,x0,2
Register Write to Reg: 0x02 Val: 0x00000002
[inst #3] addi x3,x0,3
Register Write to Reg: 0x03 Val: 0x00000003
[inst #4] addi x4,x0,4
Register Write to Reg: 0x04 Val: 0x00000004
[inst #5] addi x5,x0,5
Register Write to Reg: 0x05 Val: 0x00000005
[inst #6] addi x6,x0,6
Register Write to Reg: 0x06 Val: 0x00000006
[inst #7] addi x7,x0,7
Register Write to Reg: 0x07 Val: 0x00000007
[inst #8] addi x8,x0,8
Register Write to Reg: 0x08 Val: 0x00000008
[inst #9] addi x9,x0,9
Register Write to Reg: 0x09 Val: 0x00000009
[inst #10] addi x10,x0,10
Register Write to Reg: 0x0A Val: 0x0000000A
[inst #11] add x11,x1,x2
Register Write to Reg: 0x0B Val: 0x00000003
[inst #12] addi x0,x0,0
Register Write to Reg: 0x00 Val: 0x00000000
[inst #13] addi x0,x0,0
Register Write to Reg: 0x00 Val: 0x00000000
[inst #14] addi x0,x0,0
Register Write to Reg: 0x00 Val: 0x00000000
[inst #15] sub x12,x11,x3
Register Write to Reg: 0x0C Val: 0x00000000
[inst #16] addi x0,x0,0
Register Write to Reg: 0x00 Val: 0x00000000
[inst #17] addi x0,x0,0
Register Write to Reg: 0x00 Val: 0x00000000
[inst #18] addi x0,x0,0
Register Write to Reg: 0x00 Val: 0x00000000
[inst #19] add x13,x12,x4
Register Write to Reg: 0x0D Val: 0x00000004
[inst #20] addi x0,x0,0
Register Write to Reg: 0x00 Val: 0x00000000
[inst #21] addi x0,x0,0
Register Write to Reg: 0x00 Val: 0x00000000
[inst #22] addi x0,x0,0
Register Write to Reg: 0x00 Val: 0x00000000
[inst #23] sub x14,x13,x5
Register Write to Reg: 0x0E Val: 0xFFFFFFFF
[inst #24] addi x0,x0,0
Register Write to Reg: 0x00 Val: 0x00000000
[inst #25] addi x0,x0,0
Register Write to Reg: 0x00 Val: 0x00000000
[inst #26] addi x0,x0,0
Register Write to Reg: 0x00 Val: 0x00000000
[inst #27] add x15,x14,x6
Register Write to Reg: 0x0F Val: 0x00000005
[inst #28] addi x0,x0,0
Register Write to Reg: 0x00 Val: 0x00000000
[inst #29] addi x0,x0,0
Register Write to Reg: 0x00 Val: 0x00000000
[inst #30] addi x0,x0,0
Register Write to Reg: 0x00 Val: 0x00000000
[inst #31] sub x16,x15,x7
Register Write to Reg: 0x10 Val: 0xFFFFFFFE
[inst #32] addi x0,x0,0
Register Write to Reg: 0x00 Val: 0x00000000
[inst #33] addi x0,x0,0
Register Write to Reg: 0x00 Val: 0x00000000
[inst #34] addi x0,x0,0
Register Write to Reg: 0x00 Val: 0x00000000
[inst #35] add x17,x16,x8
Register Write to Reg: 0x11 Val: 0x00000006
[inst #36] addi x0,x0,0
Register Write to Reg: 0x00 Val: 0x00000000
[inst #37] addi x0,x0,0
Register Write to Reg: 0x00 Val: 0x00000000
[inst #38] addi x0,x0,0
Register Write to Reg: 0x00 Val: 0x00000000
[inst #39] sub x18,x17,x9
Register Write to Reg: 0x12 Val: 0xFFFFFFFD
[inst #40] addi x0,x0,0
Register Write to Reg: 0x00 Val: 0x00000000
[inst #41] addi x0,x0,0
Register Write to Reg: 0x00 Val: 0x00000000
[inst #42] addi x0,x0,0
Register Write to Reg: 0x00 Val: 0x00000000
[inst #43] add x19,x18,x10
Register Write to Reg: 0x13 Val: 0x00000007
[inst #44] addi x20,x0,35
Register Write to Reg: 0x14 Val: 0x00000023
[inst #45] addi x0,x0,0
Register Write to Reg: 0x00 Val: 0x00000000
[inst #46] addi x0,x0,0
Register Write to Reg: 0x00 Val: 0x00000000
[inst #47] addi x0,x0,0
Register Write to Reg: 0x00 Val: 0x00000000
[inst #48] add x21,x19,x20
Register Write to Reg: 0x15 Val: 0x0000002A
[inst #49] wfi 

Program terminated by dropping off the bottom.
