Warning in /home/zevang/Documents/CPRE3810_Fall_2025/Proj_part_2/internal/boilerplate_riscv_lab1/Proj1_mergesort.s line 10 column 10: RARS does not recognize the .asciiz directive.  Ignored.

[inst #1] jal x0,372
Register Write to Reg: 0x00 Val: 0x00400004
[inst #2] auipc x10,64528
Register Write to Reg: 0x0A Val: 0x10010174
[inst #3] addi x10,x10,-372
Register Write to Reg: 0x0A Val: 0x10010000
[inst #4] auipc x11,64528
Register Write to Reg: 0x0B Val: 0x1001017C
[inst #5] lw x11,-348(x11)
Register Write to Reg: 0x0B Val: 0x00000008
[inst #6] addi x12,x0,0
Register Write to Reg: 0x0C Val: 0x00000000
[inst #7] addi x13,x11,-1
Register Write to Reg: 0x0D Val: 0x00000007
[inst #8] jal x1,-392
Register Write to Reg: 0x01 Val: 0x00400190
[inst #9] addi x2,x2,-28
Register Write to Reg: 0x02 Val: 0x7FFFEFE0
[inst #10] sw x1,24(x2)
Memory Write to Addr: 0x7FFFEFF8 Val: 0x00400190
[inst #11] sw x10,20(x2)
Memory Write to Addr: 0x7FFFEFF4 Val: 0x10010000
[inst #12] sw x12,16(x2)
Memory Write to Addr: 0x7FFFEFF0 Val: 0x00000000
[inst #13] sw x13,12(x2)
Memory Write to Addr: 0x7FFFEFEC Val: 0x00000007
[inst #14] sw x14,8(x2)
Memory Write to Addr: 0x7FFFEFE8 Val: 0x00000000
[inst #15] bge x12,x13,72
[inst #16] add x14,x12,x13
Register Write to Reg: 0x0E Val: 0x00000007
[inst #17] srli x14,x14,1
Register Write to Reg: 0x0E Val: 0x00000003
[inst #18] sw x14,8(x2)
Memory Write to Addr: 0x7FFFEFE8 Val: 0x00000003
[inst #19] addi x13,x14,0
Register Write to Reg: 0x0D Val: 0x00000003
[inst #20] jal x1,-44
Register Write to Reg: 0x01 Val: 0x00400034
[inst #21] addi x2,x2,-28
Register Write to Reg: 0x02 Val: 0x7FFFEFC4
[inst #22] sw x1,24(x2)
Memory Write to Addr: 0x7FFFEFDC Val: 0x00400034
[inst #23] sw x10,20(x2)
Memory Write to Addr: 0x7FFFEFD8 Val: 0x10010000
[inst #24] sw x12,16(x2)
Memory Write to Addr: 0x7FFFEFD4 Val: 0x00000000
[inst #25] sw x13,12(x2)
Memory Write to Addr: 0x7FFFEFD0 Val: 0x00000003
[inst #26] sw x14,8(x2)
Memory Write to Addr: 0x7FFFEFCC Val: 0x00000003
[inst #27] bge x12,x13,72
[inst #28] add x14,x12,x13
Register Write to Reg: 0x0E Val: 0x00000003
[inst #29] srli x14,x14,1
Register Write to Reg: 0x0E Val: 0x00000001
[inst #30] sw x14,8(x2)
Memory Write to Addr: 0x7FFFEFCC Val: 0x00000001
[inst #31] addi x13,x14,0
Register Write to Reg: 0x0D Val: 0x00000001
[inst #32] jal x1,-44
Register Write to Reg: 0x01 Val: 0x00400034
[inst #33] addi x2,x2,-28
Register Write to Reg: 0x02 Val: 0x7FFFEFA8
[inst #34] sw x1,24(x2)
Memory Write to Addr: 0x7FFFEFC0 Val: 0x00400034
[inst #35] sw x10,20(x2)
Memory Write to Addr: 0x7FFFEFBC Val: 0x10010000
[inst #36] sw x12,16(x2)
Memory Write to Addr: 0x7FFFEFB8 Val: 0x00000000
[inst #37] sw x13,12(x2)
Memory Write to Addr: 0x7FFFEFB4 Val: 0x00000001
[inst #38] sw x14,8(x2)
Memory Write to Addr: 0x7FFFEFB0 Val: 0x00000001
[inst #39] bge x12,x13,72
[inst #40] add x14,x12,x13
Register Write to Reg: 0x0E Val: 0x00000001
[inst #41] srli x14,x14,1
Register Write to Reg: 0x0E Val: 0x00000000
[inst #42] sw x14,8(x2)
Memory Write to Addr: 0x7FFFEFB0 Val: 0x00000000
[inst #43] addi x13,x14,0
Register Write to Reg: 0x0D Val: 0x00000000
[inst #44] jal x1,-44
Register Write to Reg: 0x01 Val: 0x00400034
[inst #45] addi x2,x2,-28
Register Write to Reg: 0x02 Val: 0x7FFFEF8C
[inst #46] sw x1,24(x2)
Memory Write to Addr: 0x7FFFEFA4 Val: 0x00400034
[inst #47] sw x10,20(x2)
Memory Write to Addr: 0x7FFFEFA0 Val: 0x10010000
[inst #48] sw x12,16(x2)
Memory Write to Addr: 0x7FFFEF9C Val: 0x00000000
[inst #49] sw x13,12(x2)
Memory Write to Addr: 0x7FFFEF98 Val: 0x00000000
[inst #50] sw x14,8(x2)
Memory Write to Addr: 0x7FFFEF94 Val: 0x00000000
[inst #51] bge x12,x13,72
[inst #52] lw x1,24(x2)
Register Write to Reg: 0x01 Val: 0x00400034
[inst #53] addi x2,x2,28
Register Write to Reg: 0x02 Val: 0x7FFFEFA8
[inst #54] jalr x6,x1,0
Register Write to Reg: 0x06 Val: 0x00400070
[inst #55] lw x10,20(x2)
Register Write to Reg: 0x0A Val: 0x10010000
[inst #56] lw x12,16(x2)
Register Write to Reg: 0x0C Val: 0x00000000
[inst #57] lw x13,12(x2)
Register Write to Reg: 0x0D Val: 0x00000001
[inst #58] lw x14,8(x2)
Register Write to Reg: 0x0E Val: 0x00000000
[inst #59] addi x12,x14,1
Register Write to Reg: 0x0C Val: 0x00000001
[inst #60] jal x1,-68
Register Write to Reg: 0x01 Val: 0x0040004C
[inst #61] addi x2,x2,-28
Register Write to Reg: 0x02 Val: 0x7FFFEF8C
[inst #62] sw x1,24(x2)
Memory Write to Addr: 0x7FFFEFA4 Val: 0x0040004C
[inst #63] sw x10,20(x2)
Memory Write to Addr: 0x7FFFEFA0 Val: 0x10010000
[inst #64] sw x12,16(x2)
Memory Write to Addr: 0x7FFFEF9C Val: 0x00000001
[inst #65] sw x13,12(x2)
Memory Write to Addr: 0x7FFFEF98 Val: 0x00000001
[inst #66] sw x14,8(x2)
Memory Write to Addr: 0x7FFFEF94 Val: 0x00000000
[inst #67] bge x12,x13,72
[inst #68] lw x1,24(x2)
Register Write to Reg: 0x01 Val: 0x0040004C
[inst #69] addi x2,x2,28
Register Write to Reg: 0x02 Val: 0x7FFFEFA8
[inst #70] jalr x6,x1,0
Register Write to Reg: 0x06 Val: 0x00400070
[inst #71] lw x10,20(x2)
Register Write to Reg: 0x0A Val: 0x10010000
[inst #72] lw x12,16(x2)
Register Write to Reg: 0x0C Val: 0x00000000
[inst #73] lw x13,12(x2)
Register Write to Reg: 0x0D Val: 0x00000001
[inst #74] lw x14,8(x2)
Register Write to Reg: 0x0E Val: 0x00000000
[inst #75] addi x11,x14,0
Register Write to Reg: 0x0B Val: 0x00000000
[inst #76] jal x1,16
Register Write to Reg: 0x01 Val: 0x00400064
[inst #77] addi x2,x2,-48
Register Write to Reg: 0x02 Val: 0x7FFFEF78
[inst #78] sw x1,44(x2)
Memory Write to Addr: 0x7FFFEFA4 Val: 0x00400064
[inst #79] sw x10,40(x2)
Memory Write to Addr: 0x7FFFEFA0 Val: 0x10010000
[inst #80] sw x11,36(x2)
Memory Write to Addr: 0x7FFFEF9C Val: 0x00000000
[inst #81] sw x12,32(x2)
Memory Write to Addr: 0x7FFFEF98 Val: 0x00000000
[inst #82] sw x13,28(x2)
Memory Write to Addr: 0x7FFFEF94 Val: 0x00000001
[inst #83] auipc x14,64528
Register Write to Reg: 0x0E Val: 0x10010088
[inst #84] addi x14,x14,-100
Register Write to Reg: 0x0E Val: 0x10010024
[inst #85] addi x15,x12,0
Register Write to Reg: 0x0F Val: 0x00000000
[inst #86] addi x16,x11,1
Register Write to Reg: 0x10 Val: 0x00000001
[inst #87] addi x17,x12,0
Register Write to Reg: 0x11 Val: 0x00000000
[inst #88] blt x11,x15,128
[inst #89] blt x13,x16,84
[inst #90] slli x18,x15,2
Register Write to Reg: 0x12 Val: 0x00000000
[inst #91] add x19,x10,x18
Register Write to Reg: 0x13 Val: 0x10010000
[inst #92] lw x20,0(x19)
Register Write to Reg: 0x14 Val: 0x00000009
[inst #93] slli x21,x16,2
Register Write to Reg: 0x15 Val: 0x00000004
[inst #94] add x22,x10,x21
Register Write to Reg: 0x16 Val: 0x10010004
[inst #95] lw x23,0(x22)
Register Write to Reg: 0x17 Val: 0x00000003
[inst #96] blt x20,x23,8
[inst #97] jal x0,28
Register Write to Reg: 0x00 Val: 0x004000C4
[inst #98] slli x24,x17,2
Register Write to Reg: 0x18 Val: 0x00000000
[inst #99] add x25,x14,x24
Register Write to Reg: 0x19 Val: 0x10010024
[inst #100] sw x23,0(x25)
Memory Write to Addr: 0x10010024 Val: 0x00000003
[inst #101] addi x16,x16,1
Register Write to Reg: 0x10 Val: 0x00000002
[inst #102] addi x17,x17,1
Register Write to Reg: 0x11 Val: 0x00000001
[inst #103] jal x0,-84
Register Write to Reg: 0x00 Val: 0x004000F4
[inst #104] blt x11,x15,128
[inst #105] blt x13,x16,84
[inst #106] blt x11,x15,80
[inst #107] slli x18,x15,2
Register Write to Reg: 0x12 Val: 0x00000000
[inst #108] add x19,x10,x18
Register Write to Reg: 0x13 Val: 0x10010000
[inst #109] lw x20,0(x19)
Register Write to Reg: 0x14 Val: 0x00000009
[inst #110] slli x24,x17,2
Register Write to Reg: 0x18 Val: 0x00000004
[inst #111] add x25,x14,x24
Register Write to Reg: 0x19 Val: 0x10010028
[inst #112] sw x20,0(x25)
Memory Write to Addr: 0x10010028 Val: 0x00000009
[inst #113] addi x15,x15,1
Register Write to Reg: 0x0F Val: 0x00000001
[inst #114] addi x17,x17,1
Register Write to Reg: 0x11 Val: 0x00000002
[inst #115] jal x0,-36
Register Write to Reg: 0x00 Val: 0x0040011C
[inst #116] blt x11,x15,80
[inst #117] addi x17,x12,0
Register Write to Reg: 0x11 Val: 0x00000000
[inst #118] blt x13,x17,32
[inst #119] slli x24,x17,2
Register Write to Reg: 0x18 Val: 0x00000000
[inst #120] add x25,x14,x24
Register Write to Reg: 0x19 Val: 0x10010024
[inst #121] lw x26,0(x25)
Register Write to Reg: 0x1A Val: 0x00000003
[inst #122] add x27,x10,x24
Register Write to Reg: 0x1B Val: 0x10010000
[inst #123] sw x26,0(x27)
Memory Write to Addr: 0x10010000 Val: 0x00000003
[inst #124] addi x17,x17,1
Register Write to Reg: 0x11 Val: 0x00000001
[inst #125] jal x0,-28
Register Write to Reg: 0x00 Val: 0x00400168
[inst #126] blt x13,x17,32
[inst #127] slli x24,x17,2
Register Write to Reg: 0x18 Val: 0x00000004
[inst #128] add x25,x14,x24
Register Write to Reg: 0x19 Val: 0x10010028
[inst #129] lw x26,0(x25)
Register Write to Reg: 0x1A Val: 0x00000009
[inst #130] add x27,x10,x24
Register Write to Reg: 0x1B Val: 0x10010004
[inst #131] sw x26,0(x27)
Memory Write to Addr: 0x10010004 Val: 0x00000009
[inst #132] addi x17,x17,1
Register Write to Reg: 0x11 Val: 0x00000002
[inst #133] jal x0,-28
Register Write to Reg: 0x00 Val: 0x00400168
[inst #134] blt x13,x17,32
[inst #135] lw x1,44(x2)
Register Write to Reg: 0x01 Val: 0x00400064
[inst #136] addi x2,x2,48
Register Write to Reg: 0x02 Val: 0x7FFFEFA8
[inst #137] jalr x6,x1,0
Register Write to Reg: 0x06 Val: 0x00400174
[inst #138] lw x1,24(x2)
Register Write to Reg: 0x01 Val: 0x00400034
[inst #139] addi x2,x2,28
Register Write to Reg: 0x02 Val: 0x7FFFEFC4
[inst #140] jalr x6,x1,0
Register Write to Reg: 0x06 Val: 0x00400070
[inst #141] lw x10,20(x2)
Register Write to Reg: 0x0A Val: 0x10010000
[inst #142] lw x12,16(x2)
Register Write to Reg: 0x0C Val: 0x00000000
[inst #143] lw x13,12(x2)
Register Write to Reg: 0x0D Val: 0x00000003
[inst #144] lw x14,8(x2)
Register Write to Reg: 0x0E Val: 0x00000001
[inst #145] addi x12,x14,1
Register Write to Reg: 0x0C Val: 0x00000002
[inst #146] jal x1,-68
Register Write to Reg: 0x01 Val: 0x0040004C
[inst #147] addi x2,x2,-28
Register Write to Reg: 0x02 Val: 0x7FFFEFA8
[inst #148] sw x1,24(x2)
Memory Write to Addr: 0x7FFFEFC0 Val: 0x0040004C
[inst #149] sw x10,20(x2)
Memory Write to Addr: 0x7FFFEFBC Val: 0x10010000
[inst #150] sw x12,16(x2)
Memory Write to Addr: 0x7FFFEFB8 Val: 0x00000002
[inst #151] sw x13,12(x2)
Memory Write to Addr: 0x7FFFEFB4 Val: 0x00000003
[inst #152] sw x14,8(x2)
Memory Write to Addr: 0x7FFFEFB0 Val: 0x00000001
[inst #153] bge x12,x13,72
[inst #154] add x14,x12,x13
Register Write to Reg: 0x0E Val: 0x00000005
[inst #155] srli x14,x14,1
Register Write to Reg: 0x0E Val: 0x00000002
[inst #156] sw x14,8(x2)
Memory Write to Addr: 0x7FFFEFB0 Val: 0x00000002
[inst #157] addi x13,x14,0
Register Write to Reg: 0x0D Val: 0x00000002
[inst #158] jal x1,-44
Register Write to Reg: 0x01 Val: 0x00400034
[inst #159] addi x2,x2,-28
Register Write to Reg: 0x02 Val: 0x7FFFEF8C
[inst #160] sw x1,24(x2)
Memory Write to Addr: 0x7FFFEFA4 Val: 0x00400034
[inst #161] sw x10,20(x2)
Memory Write to Addr: 0x7FFFEFA0 Val: 0x10010000
[inst #162] sw x12,16(x2)
Memory Write to Addr: 0x7FFFEF9C Val: 0x00000002
[inst #163] sw x13,12(x2)
Memory Write to Addr: 0x7FFFEF98 Val: 0x00000002
[inst #164] sw x14,8(x2)
Memory Write to Addr: 0x7FFFEF94 Val: 0x00000002
[inst #165] bge x12,x13,72
[inst #166] lw x1,24(x2)
Register Write to Reg: 0x01 Val: 0x00400034
[inst #167] addi x2,x2,28
Register Write to Reg: 0x02 Val: 0x7FFFEFA8
[inst #168] jalr x6,x1,0
Register Write to Reg: 0x06 Val: 0x00400070
[inst #169] lw x10,20(x2)
Register Write to Reg: 0x0A Val: 0x10010000
[inst #170] lw x12,16(x2)
Register Write to Reg: 0x0C Val: 0x00000002
[inst #171] lw x13,12(x2)
Register Write to Reg: 0x0D Val: 0x00000003
[inst #172] lw x14,8(x2)
Register Write to Reg: 0x0E Val: 0x00000002
[inst #173] addi x12,x14,1
Register Write to Reg: 0x0C Val: 0x00000003
[inst #174] jal x1,-68
Register Write to Reg: 0x01 Val: 0x0040004C
[inst #175] addi x2,x2,-28
Register Write to Reg: 0x02 Val: 0x7FFFEF8C
[inst #176] sw x1,24(x2)
Memory Write to Addr: 0x7FFFEFA4 Val: 0x0040004C
[inst #177] sw x10,20(x2)
Memory Write to Addr: 0x7FFFEFA0 Val: 0x10010000
[inst #178] sw x12,16(x2)
Memory Write to Addr: 0x7FFFEF9C Val: 0x00000003
[inst #179] sw x13,12(x2)
Memory Write to Addr: 0x7FFFEF98 Val: 0x00000003
[inst #180] sw x14,8(x2)
Memory Write to Addr: 0x7FFFEF94 Val: 0x00000002
[inst #181] bge x12,x13,72
[inst #182] lw x1,24(x2)
Register Write to Reg: 0x01 Val: 0x0040004C
[inst #183] addi x2,x2,28
Register Write to Reg: 0x02 Val: 0x7FFFEFA8
[inst #184] jalr x6,x1,0
Register Write to Reg: 0x06 Val: 0x00400070
[inst #185] lw x10,20(x2)
Register Write to Reg: 0x0A Val: 0x10010000
[inst #186] lw x12,16(x2)
Register Write to Reg: 0x0C Val: 0x00000002
[inst #187] lw x13,12(x2)
Register Write to Reg: 0x0D Val: 0x00000003
[inst #188] lw x14,8(x2)
Register Write to Reg: 0x0E Val: 0x00000002
[inst #189] addi x11,x14,0
Register Write to Reg: 0x0B Val: 0x00000002
[inst #190] jal x1,16
Register Write to Reg: 0x01 Val: 0x00400064
[inst #191] addi x2,x2,-48
Register Write to Reg: 0x02 Val: 0x7FFFEF78
[inst #192] sw x1,44(x2)
Memory Write to Addr: 0x7FFFEFA4 Val: 0x00400064
[inst #193] sw x10,40(x2)
Memory Write to Addr: 0x7FFFEFA0 Val: 0x10010000
[inst #194] sw x11,36(x2)
Memory Write to Addr: 0x7FFFEF9C Val: 0x00000002
[inst #195] sw x12,32(x2)
Memory Write to Addr: 0x7FFFEF98 Val: 0x00000002
[inst #196] sw x13,28(x2)
Memory Write to Addr: 0x7FFFEF94 Val: 0x00000003
[inst #197] auipc x14,64528
Register Write to Reg: 0x0E Val: 0x10010088
[inst #198] addi x14,x14,-100
Register Write to Reg: 0x0E Val: 0x10010024
[inst #199] addi x15,x12,0
Register Write to Reg: 0x0F Val: 0x00000002
[inst #200] addi x16,x11,1
Register Write to Reg: 0x10 Val: 0x00000003
[inst #201] addi x17,x12,0
Register Write to Reg: 0x11 Val: 0x00000002
[inst #202] blt x11,x15,128
[inst #203] blt x13,x16,84
[inst #204] slli x18,x15,2
Register Write to Reg: 0x12 Val: 0x00000008
[inst #205] add x19,x10,x18
Register Write to Reg: 0x13 Val: 0x10010008
[inst #206] lw x20,0(x19)
Register Write to Reg: 0x14 Val: 0x00000007
[inst #207] slli x21,x16,2
Register Write to Reg: 0x15 Val: 0x0000000C
[inst #208] add x22,x10,x21
Register Write to Reg: 0x16 Val: 0x1001000C
[inst #209] lw x23,0(x22)
Register Write to Reg: 0x17 Val: 0x00000001
[inst #210] blt x20,x23,8
[inst #211] jal x0,28
Register Write to Reg: 0x00 Val: 0x004000C4
[inst #212] slli x24,x17,2
Register Write to Reg: 0x18 Val: 0x00000008
[inst #213] add x25,x14,x24
Register Write to Reg: 0x19 Val: 0x1001002C
[inst #214] sw x23,0(x25)
Memory Write to Addr: 0x1001002C Val: 0x00000001
[inst #215] addi x16,x16,1
Register Write to Reg: 0x10 Val: 0x00000004
[inst #216] addi x17,x17,1
Register Write to Reg: 0x11 Val: 0x00000003
[inst #217] jal x0,-84
Register Write to Reg: 0x00 Val: 0x004000F4
[inst #218] blt x11,x15,128
[inst #219] blt x13,x16,84
[inst #220] blt x11,x15,80
[inst #221] slli x18,x15,2
Register Write to Reg: 0x12 Val: 0x00000008
[inst #222] add x19,x10,x18
Register Write to Reg: 0x13 Val: 0x10010008
[inst #223] lw x20,0(x19)
Register Write to Reg: 0x14 Val: 0x00000007
[inst #224] slli x24,x17,2
Register Write to Reg: 0x18 Val: 0x0000000C
[inst #225] add x25,x14,x24
Register Write to Reg: 0x19 Val: 0x10010030
[inst #226] sw x20,0(x25)
Memory Write to Addr: 0x10010030 Val: 0x00000007
[inst #227] addi x15,x15,1
Register Write to Reg: 0x0F Val: 0x00000003
[inst #228] addi x17,x17,1
Register Write to Reg: 0x11 Val: 0x00000004
[inst #229] jal x0,-36
Register Write to Reg: 0x00 Val: 0x0040011C
[inst #230] blt x11,x15,80
[inst #231] addi x17,x12,0
Register Write to Reg: 0x11 Val: 0x00000002
[inst #232] blt x13,x17,32
[inst #233] slli x24,x17,2
Register Write to Reg: 0x18 Val: 0x00000008
[inst #234] add x25,x14,x24
Register Write to Reg: 0x19 Val: 0x1001002C
[inst #235] lw x26,0(x25)
Register Write to Reg: 0x1A Val: 0x00000001
[inst #236] add x27,x10,x24
Register Write to Reg: 0x1B Val: 0x10010008
[inst #237] sw x26,0(x27)
Memory Write to Addr: 0x10010008 Val: 0x00000001
[inst #238] addi x17,x17,1
Register Write to Reg: 0x11 Val: 0x00000003
[inst #239] jal x0,-28
Register Write to Reg: 0x00 Val: 0x00400168
[inst #240] blt x13,x17,32
[inst #241] slli x24,x17,2
Register Write to Reg: 0x18 Val: 0x0000000C
[inst #242] add x25,x14,x24
Register Write to Reg: 0x19 Val: 0x10010030
[inst #243] lw x26,0(x25)
Register Write to Reg: 0x1A Val: 0x00000007
[inst #244] add x27,x10,x24
Register Write to Reg: 0x1B Val: 0x1001000C
[inst #245] sw x26,0(x27)
Memory Write to Addr: 0x1001000C Val: 0x00000007
[inst #246] addi x17,x17,1
Register Write to Reg: 0x11 Val: 0x00000004
[inst #247] jal x0,-28
Register Write to Reg: 0x00 Val: 0x00400168
[inst #248] blt x13,x17,32
[inst #249] lw x1,44(x2)
Register Write to Reg: 0x01 Val: 0x00400064
[inst #250] addi x2,x2,48
Register Write to Reg: 0x02 Val: 0x7FFFEFA8
[inst #251] jalr x6,x1,0
Register Write to Reg: 0x06 Val: 0x00400174
[inst #252] lw x1,24(x2)
Register Write to Reg: 0x01 Val: 0x0040004C
[inst #253] addi x2,x2,28
Register Write to Reg: 0x02 Val: 0x7FFFEFC4
[inst #254] jalr x6,x1,0
Register Write to Reg: 0x06 Val: 0x00400070
[inst #255] lw x10,20(x2)
Register Write to Reg: 0x0A Val: 0x10010000
[inst #256] lw x12,16(x2)
Register Write to Reg: 0x0C Val: 0x00000000
[inst #257] lw x13,12(x2)
Register Write to Reg: 0x0D Val: 0x00000003
[inst #258] lw x14,8(x2)
Register Write to Reg: 0x0E Val: 0x00000001
[inst #259] addi x11,x14,0
Register Write to Reg: 0x0B Val: 0x00000001
[inst #260] jal x1,16
Register Write to Reg: 0x01 Val: 0x00400064
[inst #261] addi x2,x2,-48
Register Write to Reg: 0x02 Val: 0x7FFFEF94
[inst #262] sw x1,44(x2)
Memory Write to Addr: 0x7FFFEFC0 Val: 0x00400064
[inst #263] sw x10,40(x2)
Memory Write to Addr: 0x7FFFEFBC Val: 0x10010000
[inst #264] sw x11,36(x2)
Memory Write to Addr: 0x7FFFEFB8 Val: 0x00000001
[inst #265] sw x12,32(x2)
Memory Write to Addr: 0x7FFFEFB4 Val: 0x00000000
[inst #266] sw x13,28(x2)
Memory Write to Addr: 0x7FFFEFB0 Val: 0x00000003
[inst #267] auipc x14,64528
Register Write to Reg: 0x0E Val: 0x10010088
[inst #268] addi x14,x14,-100
Register Write to Reg: 0x0E Val: 0x10010024
[inst #269] addi x15,x12,0
Register Write to Reg: 0x0F Val: 0x00000000
[inst #270] addi x16,x11,1
Register Write to Reg: 0x10 Val: 0x00000002
[inst #271] addi x17,x12,0
Register Write to Reg: 0x11 Val: 0x00000000
[inst #272] blt x11,x15,128
[inst #273] blt x13,x16,84
[inst #274] slli x18,x15,2
Register Write to Reg: 0x12 Val: 0x00000000
[inst #275] add x19,x10,x18
Register Write to Reg: 0x13 Val: 0x10010000
[inst #276] lw x20,0(x19)
Register Write to Reg: 0x14 Val: 0x00000003
[inst #277] slli x21,x16,2
Register Write to Reg: 0x15 Val: 0x00000008
[inst #278] add x22,x10,x21
Register Write to Reg: 0x16 Val: 0x10010008
[inst #279] lw x23,0(x22)
Register Write to Reg: 0x17 Val: 0x00000001
[inst #280] blt x20,x23,8
[inst #281] jal x0,28
Register Write to Reg: 0x00 Val: 0x004000C4
[inst #282] slli x24,x17,2
Register Write to Reg: 0x18 Val: 0x00000000
[inst #283] add x25,x14,x24
Register Write to Reg: 0x19 Val: 0x10010024
[inst #284] sw x23,0(x25)
Memory Write to Addr: 0x10010024 Val: 0x00000001
[inst #285] addi x16,x16,1
Register Write to Reg: 0x10 Val: 0x00000003
[inst #286] addi x17,x17,1
Register Write to Reg: 0x11 Val: 0x00000001
[inst #287] jal x0,-84
Register Write to Reg: 0x00 Val: 0x004000F4
[inst #288] blt x11,x15,128
[inst #289] blt x13,x16,84
[inst #290] slli x18,x15,2
Register Write to Reg: 0x12 Val: 0x00000000
[inst #291] add x19,x10,x18
Register Write to Reg: 0x13 Val: 0x10010000
[inst #292] lw x20,0(x19)
Register Write to Reg: 0x14 Val: 0x00000003
[inst #293] slli x21,x16,2
Register Write to Reg: 0x15 Val: 0x0000000C
[inst #294] add x22,x10,x21
Register Write to Reg: 0x16 Val: 0x1001000C
[inst #295] lw x23,0(x22)
Register Write to Reg: 0x17 Val: 0x00000007
[inst #296] blt x20,x23,8
[inst #297] slli x24,x17,2
Register Write to Reg: 0x18 Val: 0x00000004
[inst #298] add x25,x14,x24
Register Write to Reg: 0x19 Val: 0x10010028
[inst #299] sw x20,0(x25)
Memory Write to Addr: 0x10010028 Val: 0x00000003
[inst #300] addi x15,x15,1
Register Write to Reg: 0x0F Val: 0x00000001
[inst #301] addi x17,x17,1
Register Write to Reg: 0x11 Val: 0x00000002
[inst #302] jal x0,-60
Register Write to Reg: 0x00 Val: 0x004000DC
[inst #303] blt x11,x15,128
[inst #304] blt x13,x16,84
[inst #305] slli x18,x15,2
Register Write to Reg: 0x12 Val: 0x00000004
[inst #306] add x19,x10,x18
Register Write to Reg: 0x13 Val: 0x10010004
[inst #307] lw x20,0(x19)
Register Write to Reg: 0x14 Val: 0x00000009
[inst #308] slli x21,x16,2
Register Write to Reg: 0x15 Val: 0x0000000C
[inst #309] add x22,x10,x21
Register Write to Reg: 0x16 Val: 0x1001000C
[inst #310] lw x23,0(x22)
Register Write to Reg: 0x17 Val: 0x00000007
[inst #311] blt x20,x23,8
[inst #312] jal x0,28
Register Write to Reg: 0x00 Val: 0x004000C4
[inst #313] slli x24,x17,2
Register Write to Reg: 0x18 Val: 0x00000008
[inst #314] add x25,x14,x24
Register Write to Reg: 0x19 Val: 0x1001002C
[inst #315] sw x23,0(x25)
Memory Write to Addr: 0x1001002C Val: 0x00000007
[inst #316] addi x16,x16,1
Register Write to Reg: 0x10 Val: 0x00000004
[inst #317] addi x17,x17,1
Register Write to Reg: 0x11 Val: 0x00000003
[inst #318] jal x0,-84
Register Write to Reg: 0x00 Val: 0x004000F4
[inst #319] blt x11,x15,128
[inst #320] blt x13,x16,84
[inst #321] blt x11,x15,80
[inst #322] slli x18,x15,2
Register Write to Reg: 0x12 Val: 0x00000004
[inst #323] add x19,x10,x18
Register Write to Reg: 0x13 Val: 0x10010004
[inst #324] lw x20,0(x19)
Register Write to Reg: 0x14 Val: 0x00000009
[inst #325] slli x24,x17,2
Register Write to Reg: 0x18 Val: 0x0000000C
[inst #326] add x25,x14,x24
Register Write to Reg: 0x19 Val: 0x10010030
[inst #327] sw x20,0(x25)
Memory Write to Addr: 0x10010030 Val: 0x00000009
[inst #328] addi x15,x15,1
Register Write to Reg: 0x0F Val: 0x00000002
[inst #329] addi x17,x17,1
Register Write to Reg: 0x11 Val: 0x00000004
[inst #330] jal x0,-36
Register Write to Reg: 0x00 Val: 0x0040011C
[inst #331] blt x11,x15,80
[inst #332] addi x17,x12,0
Register Write to Reg: 0x11 Val: 0x00000000
[inst #333] blt x13,x17,32
[inst #334] slli x24,x17,2
Register Write to Reg: 0x18 Val: 0x00000000
[inst #335] add x25,x14,x24
Register Write to Reg: 0x19 Val: 0x10010024
[inst #336] lw x26,0(x25)
Register Write to Reg: 0x1A Val: 0x00000001
[inst #337] add x27,x10,x24
Register Write to Reg: 0x1B Val: 0x10010000
[inst #338] sw x26,0(x27)
Memory Write to Addr: 0x10010000 Val: 0x00000001
[inst #339] addi x17,x17,1
Register Write to Reg: 0x11 Val: 0x00000001
[inst #340] jal x0,-28
Register Write to Reg: 0x00 Val: 0x00400168
[inst #341] blt x13,x17,32
[inst #342] slli x24,x17,2
Register Write to Reg: 0x18 Val: 0x00000004
[inst #343] add x25,x14,x24
Register Write to Reg: 0x19 Val: 0x10010028
[inst #344] lw x26,0(x25)
Register Write to Reg: 0x1A Val: 0x00000003
[inst #345] add x27,x10,x24
Register Write to Reg: 0x1B Val: 0x10010004
[inst #346] sw x26,0(x27)
Memory Write to Addr: 0x10010004 Val: 0x00000003
[inst #347] addi x17,x17,1
Register Write to Reg: 0x11 Val: 0x00000002
[inst #348] jal x0,-28
Register Write to Reg: 0x00 Val: 0x00400168
[inst #349] blt x13,x17,32
[inst #350] slli x24,x17,2
Register Write to Reg: 0x18 Val: 0x00000008
[inst #351] add x25,x14,x24
Register Write to Reg: 0x19 Val: 0x1001002C
[inst #352] lw x26,0(x25)
Register Write to Reg: 0x1A Val: 0x00000007
[inst #353] add x27,x10,x24
Register Write to Reg: 0x1B Val: 0x10010008
[inst #354] sw x26,0(x27)
Memory Write to Addr: 0x10010008 Val: 0x00000007
[inst #355] addi x17,x17,1
Register Write to Reg: 0x11 Val: 0x00000003
[inst #356] jal x0,-28
Register Write to Reg: 0x00 Val: 0x00400168
[inst #357] blt x13,x17,32
[inst #358] slli x24,x17,2
Register Write to Reg: 0x18 Val: 0x0000000C
[inst #359] add x25,x14,x24
Register Write to Reg: 0x19 Val: 0x10010030
[inst #360] lw x26,0(x25)
Register Write to Reg: 0x1A Val: 0x00000009
[inst #361] add x27,x10,x24
Register Write to Reg: 0x1B Val: 0x1001000C
[inst #362] sw x26,0(x27)
Memory Write to Addr: 0x1001000C Val: 0x00000009
[inst #363] addi x17,x17,1
Register Write to Reg: 0x11 Val: 0x00000004
[inst #364] jal x0,-28
Register Write to Reg: 0x00 Val: 0x00400168
[inst #365] blt x13,x17,32
[inst #366] lw x1,44(x2)
Register Write to Reg: 0x01 Val: 0x00400064
[inst #367] addi x2,x2,48
Register Write to Reg: 0x02 Val: 0x7FFFEFC4
[inst #368] jalr x6,x1,0
Register Write to Reg: 0x06 Val: 0x00400174
[inst #369] lw x1,24(x2)
Register Write to Reg: 0x01 Val: 0x00400034
[inst #370] addi x2,x2,28
Register Write to Reg: 0x02 Val: 0x7FFFEFE0
[inst #371] jalr x6,x1,0
Register Write to Reg: 0x06 Val: 0x00400070
[inst #372] lw x10,20(x2)
Register Write to Reg: 0x0A Val: 0x10010000
[inst #373] lw x12,16(x2)
Register Write to Reg: 0x0C Val: 0x00000000
[inst #374] lw x13,12(x2)
Register Write to Reg: 0x0D Val: 0x00000007
[inst #375] lw x14,8(x2)
Register Write to Reg: 0x0E Val: 0x00000003
[inst #376] addi x12,x14,1
Register Write to Reg: 0x0C Val: 0x00000004
[inst #377] jal x1,-68
Register Write to Reg: 0x01 Val: 0x0040004C
[inst #378] addi x2,x2,-28
Register Write to Reg: 0x02 Val: 0x7FFFEFC4
[inst #379] sw x1,24(x2)
Memory Write to Addr: 0x7FFFEFDC Val: 0x0040004C
[inst #380] sw x10,20(x2)
Memory Write to Addr: 0x7FFFEFD8 Val: 0x10010000
[inst #381] sw x12,16(x2)
Memory Write to Addr: 0x7FFFEFD4 Val: 0x00000004
[inst #382] sw x13,12(x2)
Memory Write to Addr: 0x7FFFEFD0 Val: 0x00000007
[inst #383] sw x14,8(x2)
Memory Write to Addr: 0x7FFFEFCC Val: 0x00000003
[inst #384] bge x12,x13,72
[inst #385] add x14,x12,x13
Register Write to Reg: 0x0E Val: 0x0000000B
[inst #386] srli x14,x14,1
Register Write to Reg: 0x0E Val: 0x00000005
[inst #387] sw x14,8(x2)
Memory Write to Addr: 0x7FFFEFCC Val: 0x00000005
[inst #388] addi x13,x14,0
Register Write to Reg: 0x0D Val: 0x00000005
[inst #389] jal x1,-44
Register Write to Reg: 0x01 Val: 0x00400034
[inst #390] addi x2,x2,-28
Register Write to Reg: 0x02 Val: 0x7FFFEFA8
[inst #391] sw x1,24(x2)
Memory Write to Addr: 0x7FFFEFC0 Val: 0x00400034
[inst #392] sw x10,20(x2)
Memory Write to Addr: 0x7FFFEFBC Val: 0x10010000
[inst #393] sw x12,16(x2)
Memory Write to Addr: 0x7FFFEFB8 Val: 0x00000004
[inst #394] sw x13,12(x2)
Memory Write to Addr: 0x7FFFEFB4 Val: 0x00000005
[inst #395] sw x14,8(x2)
Memory Write to Addr: 0x7FFFEFB0 Val: 0x00000005
[inst #396] bge x12,x13,72
[inst #397] add x14,x12,x13
Register Write to Reg: 0x0E Val: 0x00000009
[inst #398] srli x14,x14,1
Register Write to Reg: 0x0E Val: 0x00000004
[inst #399] sw x14,8(x2)
Memory Write to Addr: 0x7FFFEFB0 Val: 0x00000004
[inst #400] addi x13,x14,0
Register Write to Reg: 0x0D Val: 0x00000004
[inst #401] jal x1,-44
Register Write to Reg: 0x01 Val: 0x00400034
[inst #402] addi x2,x2,-28
Register Write to Reg: 0x02 Val: 0x7FFFEF8C
[inst #403] sw x1,24(x2)
Memory Write to Addr: 0x7FFFEFA4 Val: 0x00400034
[inst #404] sw x10,20(x2)
Memory Write to Addr: 0x7FFFEFA0 Val: 0x10010000
[inst #405] sw x12,16(x2)
Memory Write to Addr: 0x7FFFEF9C Val: 0x00000004
[inst #406] sw x13,12(x2)
Memory Write to Addr: 0x7FFFEF98 Val: 0x00000004
[inst #407] sw x14,8(x2)
Memory Write to Addr: 0x7FFFEF94 Val: 0x00000004
[inst #408] bge x12,x13,72
[inst #409] lw x1,24(x2)
Register Write to Reg: 0x01 Val: 0x00400034
[inst #410] addi x2,x2,28
Register Write to Reg: 0x02 Val: 0x7FFFEFA8
[inst #411] jalr x6,x1,0
Register Write to Reg: 0x06 Val: 0x00400070
[inst #412] lw x10,20(x2)
Register Write to Reg: 0x0A Val: 0x10010000
[inst #413] lw x12,16(x2)
Register Write to Reg: 0x0C Val: 0x00000004
[inst #414] lw x13,12(x2)
Register Write to Reg: 0x0D Val: 0x00000005
[inst #415] lw x14,8(x2)
Register Write to Reg: 0x0E Val: 0x00000004
[inst #416] addi x12,x14,1
Register Write to Reg: 0x0C Val: 0x00000005
[inst #417] jal x1,-68
Register Write to Reg: 0x01 Val: 0x0040004C
[inst #418] addi x2,x2,-28
Register Write to Reg: 0x02 Val: 0x7FFFEF8C
[inst #419] sw x1,24(x2)
Memory Write to Addr: 0x7FFFEFA4 Val: 0x0040004C
[inst #420] sw x10,20(x2)
Memory Write to Addr: 0x7FFFEFA0 Val: 0x10010000
[inst #421] sw x12,16(x2)
Memory Write to Addr: 0x7FFFEF9C Val: 0x00000005
[inst #422] sw x13,12(x2)
Memory Write to Addr: 0x7FFFEF98 Val: 0x00000005
[inst #423] sw x14,8(x2)
Memory Write to Addr: 0x7FFFEF94 Val: 0x00000004
[inst #424] bge x12,x13,72
[inst #425] lw x1,24(x2)
Register Write to Reg: 0x01 Val: 0x0040004C
[inst #426] addi x2,x2,28
Register Write to Reg: 0x02 Val: 0x7FFFEFA8
[inst #427] jalr x6,x1,0
Register Write to Reg: 0x06 Val: 0x00400070
[inst #428] lw x10,20(x2)
Register Write to Reg: 0x0A Val: 0x10010000
[inst #429] lw x12,16(x2)
Register Write to Reg: 0x0C Val: 0x00000004
[inst #430] lw x13,12(x2)
Register Write to Reg: 0x0D Val: 0x00000005
[inst #431] lw x14,8(x2)
Register Write to Reg: 0x0E Val: 0x00000004
[inst #432] addi x11,x14,0
Register Write to Reg: 0x0B Val: 0x00000004
[inst #433] jal x1,16
Register Write to Reg: 0x01 Val: 0x00400064
[inst #434] addi x2,x2,-48
Register Write to Reg: 0x02 Val: 0x7FFFEF78
[inst #435] sw x1,44(x2)
Memory Write to Addr: 0x7FFFEFA4 Val: 0x00400064
[inst #436] sw x10,40(x2)
Memory Write to Addr: 0x7FFFEFA0 Val: 0x10010000
[inst #437] sw x11,36(x2)
Memory Write to Addr: 0x7FFFEF9C Val: 0x00000004
[inst #438] sw x12,32(x2)
Memory Write to Addr: 0x7FFFEF98 Val: 0x00000004
[inst #439] sw x13,28(x2)
Memory Write to Addr: 0x7FFFEF94 Val: 0x00000005
[inst #440] auipc x14,64528
Register Write to Reg: 0x0E Val: 0x10010088
[inst #441] addi x14,x14,-100
Register Write to Reg: 0x0E Val: 0x10010024
[inst #442] addi x15,x12,0
Register Write to Reg: 0x0F Val: 0x00000004
[inst #443] addi x16,x11,1
Register Write to Reg: 0x10 Val: 0x00000005
[inst #444] addi x17,x12,0
Register Write to Reg: 0x11 Val: 0x00000004
[inst #445] blt x11,x15,128
[inst #446] blt x13,x16,84
[inst #447] slli x18,x15,2
Register Write to Reg: 0x12 Val: 0x00000010
[inst #448] add x19,x10,x18
Register Write to Reg: 0x13 Val: 0x10010010
[inst #449] lw x20,0(x19)
Register Write to Reg: 0x14 Val: 0x00000008
[inst #450] slli x21,x16,2
Register Write to Reg: 0x15 Val: 0x00000014
[inst #451] add x22,x10,x21
Register Write to Reg: 0x16 Val: 0x10010014
[inst #452] lw x23,0(x22)
Register Write to Reg: 0x17 Val: 0x00000002
[inst #453] blt x20,x23,8
[inst #454] jal x0,28
Register Write to Reg: 0x00 Val: 0x004000C4
[inst #455] slli x24,x17,2
Register Write to Reg: 0x18 Val: 0x00000010
[inst #456] add x25,x14,x24
Register Write to Reg: 0x19 Val: 0x10010034
[inst #457] sw x23,0(x25)
Memory Write to Addr: 0x10010034 Val: 0x00000002
[inst #458] addi x16,x16,1
Register Write to Reg: 0x10 Val: 0x00000006
[inst #459] addi x17,x17,1
Register Write to Reg: 0x11 Val: 0x00000005
[inst #460] jal x0,-84
Register Write to Reg: 0x00 Val: 0x004000F4
[inst #461] blt x11,x15,128
[inst #462] blt x13,x16,84
[inst #463] blt x11,x15,80
[inst #464] slli x18,x15,2
Register Write to Reg: 0x12 Val: 0x00000010
[inst #465] add x19,x10,x18
Register Write to Reg: 0x13 Val: 0x10010010
[inst #466] lw x20,0(x19)
Register Write to Reg: 0x14 Val: 0x00000008
[inst #467] slli x24,x17,2
Register Write to Reg: 0x18 Val: 0x00000014
[inst #468] add x25,x14,x24
Register Write to Reg: 0x19 Val: 0x10010038
[inst #469] sw x20,0(x25)
Memory Write to Addr: 0x10010038 Val: 0x00000008
[inst #470] addi x15,x15,1
Register Write to Reg: 0x0F Val: 0x00000005
[inst #471] addi x17,x17,1
Register Write to Reg: 0x11 Val: 0x00000006
[inst #472] jal x0,-36
Register Write to Reg: 0x00 Val: 0x0040011C
[inst #473] blt x11,x15,80
[inst #474] addi x17,x12,0
Register Write to Reg: 0x11 Val: 0x00000004
[inst #475] blt x13,x17,32
[inst #476] slli x24,x17,2
Register Write to Reg: 0x18 Val: 0x00000010
[inst #477] add x25,x14,x24
Register Write to Reg: 0x19 Val: 0x10010034
[inst #478] lw x26,0(x25)
Register Write to Reg: 0x1A Val: 0x00000002
[inst #479] add x27,x10,x24
Register Write to Reg: 0x1B Val: 0x10010010
[inst #480] sw x26,0(x27)
Memory Write to Addr: 0x10010010 Val: 0x00000002
[inst #481] addi x17,x17,1
Register Write to Reg: 0x11 Val: 0x00000005
[inst #482] jal x0,-28
Register Write to Reg: 0x00 Val: 0x00400168
[inst #483] blt x13,x17,32
[inst #484] slli x24,x17,2
Register Write to Reg: 0x18 Val: 0x00000014
[inst #485] add x25,x14,x24
Register Write to Reg: 0x19 Val: 0x10010038
[inst #486] lw x26,0(x25)
Register Write to Reg: 0x1A Val: 0x00000008
[inst #487] add x27,x10,x24
Register Write to Reg: 0x1B Val: 0x10010014
[inst #488] sw x26,0(x27)
Memory Write to Addr: 0x10010014 Val: 0x00000008
[inst #489] addi x17,x17,1
Register Write to Reg: 0x11 Val: 0x00000006
[inst #490] jal x0,-28
Register Write to Reg: 0x00 Val: 0x00400168
[inst #491] blt x13,x17,32
[inst #492] lw x1,44(x2)
Register Write to Reg: 0x01 Val: 0x00400064
[inst #493] addi x2,x2,48
Register Write to Reg: 0x02 Val: 0x7FFFEFA8
[inst #494] jalr x6,x1,0
Register Write to Reg: 0x06 Val: 0x00400174
[inst #495] lw x1,24(x2)
Register Write to Reg: 0x01 Val: 0x00400034
[inst #496] addi x2,x2,28
Register Write to Reg: 0x02 Val: 0x7FFFEFC4
[inst #497] jalr x6,x1,0
Register Write to Reg: 0x06 Val: 0x00400070
[inst #498] lw x10,20(x2)
Register Write to Reg: 0x0A Val: 0x10010000
[inst #499] lw x12,16(x2)
Register Write to Reg: 0x0C Val: 0x00000004
[inst #500] lw x13,12(x2)
Register Write to Reg: 0x0D Val: 0x00000007
[inst #501] lw x14,8(x2)
Register Write to Reg: 0x0E Val: 0x00000005
[inst #502] addi x12,x14,1
Register Write to Reg: 0x0C Val: 0x00000006
[inst #503] jal x1,-68
Register Write to Reg: 0x01 Val: 0x0040004C
[inst #504] addi x2,x2,-28
Register Write to Reg: 0x02 Val: 0x7FFFEFA8
[inst #505] sw x1,24(x2)
Memory Write to Addr: 0x7FFFEFC0 Val: 0x0040004C
[inst #506] sw x10,20(x2)
Memory Write to Addr: 0x7FFFEFBC Val: 0x10010000
[inst #507] sw x12,16(x2)
Memory Write to Addr: 0x7FFFEFB8 Val: 0x00000006
[inst #508] sw x13,12(x2)
Memory Write to Addr: 0x7FFFEFB4 Val: 0x00000007
[inst #509] sw x14,8(x2)
Memory Write to Addr: 0x7FFFEFB0 Val: 0x00000005
[inst #510] bge x12,x13,72
[inst #511] add x14,x12,x13
Register Write to Reg: 0x0E Val: 0x0000000D
[inst #512] srli x14,x14,1
Register Write to Reg: 0x0E Val: 0x00000006
[inst #513] sw x14,8(x2)
Memory Write to Addr: 0x7FFFEFB0 Val: 0x00000006
[inst #514] addi x13,x14,0
Register Write to Reg: 0x0D Val: 0x00000006
[inst #515] jal x1,-44
Register Write to Reg: 0x01 Val: 0x00400034
[inst #516] addi x2,x2,-28
Register Write to Reg: 0x02 Val: 0x7FFFEF8C
[inst #517] sw x1,24(x2)
Memory Write to Addr: 0x7FFFEFA4 Val: 0x00400034
[inst #518] sw x10,20(x2)
Memory Write to Addr: 0x7FFFEFA0 Val: 0x10010000
[inst #519] sw x12,16(x2)
Memory Write to Addr: 0x7FFFEF9C Val: 0x00000006
[inst #520] sw x13,12(x2)
Memory Write to Addr: 0x7FFFEF98 Val: 0x00000006
[inst #521] sw x14,8(x2)
Memory Write to Addr: 0x7FFFEF94 Val: 0x00000006
[inst #522] bge x12,x13,72
[inst #523] lw x1,24(x2)
Register Write to Reg: 0x01 Val: 0x00400034
[inst #524] addi x2,x2,28
Register Write to Reg: 0x02 Val: 0x7FFFEFA8
[inst #525] jalr x6,x1,0
Register Write to Reg: 0x06 Val: 0x00400070
[inst #526] lw x10,20(x2)
Register Write to Reg: 0x0A Val: 0x10010000
[inst #527] lw x12,16(x2)
Register Write to Reg: 0x0C Val: 0x00000006
[inst #528] lw x13,12(x2)
Register Write to Reg: 0x0D Val: 0x00000007
[inst #529] lw x14,8(x2)
Register Write to Reg: 0x0E Val: 0x00000006
[inst #530] addi x12,x14,1
Register Write to Reg: 0x0C Val: 0x00000007
[inst #531] jal x1,-68
Register Write to Reg: 0x01 Val: 0x0040004C
[inst #532] addi x2,x2,-28
Register Write to Reg: 0x02 Val: 0x7FFFEF8C
[inst #533] sw x1,24(x2)
Memory Write to Addr: 0x7FFFEFA4 Val: 0x0040004C
[inst #534] sw x10,20(x2)
Memory Write to Addr: 0x7FFFEFA0 Val: 0x10010000
[inst #535] sw x12,16(x2)
Memory Write to Addr: 0x7FFFEF9C Val: 0x00000007
[inst #536] sw x13,12(x2)
Memory Write to Addr: 0x7FFFEF98 Val: 0x00000007
[inst #537] sw x14,8(x2)
Memory Write to Addr: 0x7FFFEF94 Val: 0x00000006
[inst #538] bge x12,x13,72
[inst #539] lw x1,24(x2)
Register Write to Reg: 0x01 Val: 0x0040004C
[inst #540] addi x2,x2,28
Register Write to Reg: 0x02 Val: 0x7FFFEFA8
[inst #541] jalr x6,x1,0
Register Write to Reg: 0x06 Val: 0x00400070
[inst #542] lw x10,20(x2)
Register Write to Reg: 0x0A Val: 0x10010000
[inst #543] lw x12,16(x2)
Register Write to Reg: 0x0C Val: 0x00000006
[inst #544] lw x13,12(x2)
Register Write to Reg: 0x0D Val: 0x00000007
[inst #545] lw x14,8(x2)
Register Write to Reg: 0x0E Val: 0x00000006
[inst #546] addi x11,x14,0
Register Write to Reg: 0x0B Val: 0x00000006
[inst #547] jal x1,16
Register Write to Reg: 0x01 Val: 0x00400064
[inst #548] addi x2,x2,-48
Register Write to Reg: 0x02 Val: 0x7FFFEF78
[inst #549] sw x1,44(x2)
Memory Write to Addr: 0x7FFFEFA4 Val: 0x00400064
[inst #550] sw x10,40(x2)
Memory Write to Addr: 0x7FFFEFA0 Val: 0x10010000
[inst #551] sw x11,36(x2)
Memory Write to Addr: 0x7FFFEF9C Val: 0x00000006
[inst #552] sw x12,32(x2)
Memory Write to Addr: 0x7FFFEF98 Val: 0x00000006
[inst #553] sw x13,28(x2)
Memory Write to Addr: 0x7FFFEF94 Val: 0x00000007
[inst #554] auipc x14,64528
Register Write to Reg: 0x0E Val: 0x10010088
[inst #555] addi x14,x14,-100
Register Write to Reg: 0x0E Val: 0x10010024
[inst #556] addi x15,x12,0
Register Write to Reg: 0x0F Val: 0x00000006
[inst #557] addi x16,x11,1
Register Write to Reg: 0x10 Val: 0x00000007
[inst #558] addi x17,x12,0
Register Write to Reg: 0x11 Val: 0x00000006
[inst #559] blt x11,x15,128
[inst #560] blt x13,x16,84
[inst #561] slli x18,x15,2
Register Write to Reg: 0x12 Val: 0x00000018
[inst #562] add x19,x10,x18
Register Write to Reg: 0x13 Val: 0x10010018
[inst #563] lw x20,0(x19)
Register Write to Reg: 0x14 Val: 0x00000006
[inst #564] slli x21,x16,2
Register Write to Reg: 0x15 Val: 0x0000001C
[inst #565] add x22,x10,x21
Register Write to Reg: 0x16 Val: 0x1001001C
[inst #566] lw x23,0(x22)
Register Write to Reg: 0x17 Val: 0x00000004
[inst #567] blt x20,x23,8
[inst #568] jal x0,28
Register Write to Reg: 0x00 Val: 0x004000C4
[inst #569] slli x24,x17,2
Register Write to Reg: 0x18 Val: 0x00000018
[inst #570] add x25,x14,x24
Register Write to Reg: 0x19 Val: 0x1001003C
[inst #571] sw x23,0(x25)
Memory Write to Addr: 0x1001003C Val: 0x00000004
[inst #572] addi x16,x16,1
Register Write to Reg: 0x10 Val: 0x00000008
[inst #573] addi x17,x17,1
Register Write to Reg: 0x11 Val: 0x00000007
[inst #574] jal x0,-84
Register Write to Reg: 0x00 Val: 0x004000F4
[inst #575] blt x11,x15,128
[inst #576] blt x13,x16,84
[inst #577] blt x11,x15,80
[inst #578] slli x18,x15,2
Register Write to Reg: 0x12 Val: 0x00000018
[inst #579] add x19,x10,x18
Register Write to Reg: 0x13 Val: 0x10010018
[inst #580] lw x20,0(x19)
Register Write to Reg: 0x14 Val: 0x00000006
[inst #581] slli x24,x17,2
Register Write to Reg: 0x18 Val: 0x0000001C
[inst #582] add x25,x14,x24
Register Write to Reg: 0x19 Val: 0x10010040
[inst #583] sw x20,0(x25)
Memory Write to Addr: 0x10010040 Val: 0x00000006
[inst #584] addi x15,x15,1
Register Write to Reg: 0x0F Val: 0x00000007
[inst #585] addi x17,x17,1
Register Write to Reg: 0x11 Val: 0x00000008
[inst #586] jal x0,-36
Register Write to Reg: 0x00 Val: 0x0040011C
[inst #587] blt x11,x15,80
[inst #588] addi x17,x12,0
Register Write to Reg: 0x11 Val: 0x00000006
[inst #589] blt x13,x17,32
[inst #590] slli x24,x17,2
Register Write to Reg: 0x18 Val: 0x00000018
[inst #591] add x25,x14,x24
Register Write to Reg: 0x19 Val: 0x1001003C
[inst #592] lw x26,0(x25)
Register Write to Reg: 0x1A Val: 0x00000004
[inst #593] add x27,x10,x24
Register Write to Reg: 0x1B Val: 0x10010018
[inst #594] sw x26,0(x27)
Memory Write to Addr: 0x10010018 Val: 0x00000004
[inst #595] addi x17,x17,1
Register Write to Reg: 0x11 Val: 0x00000007
[inst #596] jal x0,-28
Register Write to Reg: 0x00 Val: 0x00400168
[inst #597] blt x13,x17,32
[inst #598] slli x24,x17,2
Register Write to Reg: 0x18 Val: 0x0000001C
[inst #599] add x25,x14,x24
Register Write to Reg: 0x19 Val: 0x10010040
[inst #600] lw x26,0(x25)
Register Write to Reg: 0x1A Val: 0x00000006
[inst #601] add x27,x10,x24
Register Write to Reg: 0x1B Val: 0x1001001C
[inst #602] sw x26,0(x27)
Memory Write to Addr: 0x1001001C Val: 0x00000006
[inst #603] addi x17,x17,1
Register Write to Reg: 0x11 Val: 0x00000008
[inst #604] jal x0,-28
Register Write to Reg: 0x00 Val: 0x00400168
[inst #605] blt x13,x17,32
[inst #606] lw x1,44(x2)
Register Write to Reg: 0x01 Val: 0x00400064
[inst #607] addi x2,x2,48
Register Write to Reg: 0x02 Val: 0x7FFFEFA8
[inst #608] jalr x6,x1,0
Register Write to Reg: 0x06 Val: 0x00400174
[inst #609] lw x1,24(x2)
Register Write to Reg: 0x01 Val: 0x0040004C
[inst #610] addi x2,x2,28
Register Write to Reg: 0x02 Val: 0x7FFFEFC4
[inst #611] jalr x6,x1,0
Register Write to Reg: 0x06 Val: 0x00400070
[inst #612] lw x10,20(x2)
Register Write to Reg: 0x0A Val: 0x10010000
[inst #613] lw x12,16(x2)
Register Write to Reg: 0x0C Val: 0x00000004
[inst #614] lw x13,12(x2)
Register Write to Reg: 0x0D Val: 0x00000007
[inst #615] lw x14,8(x2)
Register Write to Reg: 0x0E Val: 0x00000005
[inst #616] addi x11,x14,0
Register Write to Reg: 0x0B Val: 0x00000005
[inst #617] jal x1,16
Register Write to Reg: 0x01 Val: 0x00400064
[inst #618] addi x2,x2,-48
Register Write to Reg: 0x02 Val: 0x7FFFEF94
[inst #619] sw x1,44(x2)
Memory Write to Addr: 0x7FFFEFC0 Val: 0x00400064
[inst #620] sw x10,40(x2)
Memory Write to Addr: 0x7FFFEFBC Val: 0x10010000
[inst #621] sw x11,36(x2)
Memory Write to Addr: 0x7FFFEFB8 Val: 0x00000005
[inst #622] sw x12,32(x2)
Memory Write to Addr: 0x7FFFEFB4 Val: 0x00000004
[inst #623] sw x13,28(x2)
Memory Write to Addr: 0x7FFFEFB0 Val: 0x00000007
[inst #624] auipc x14,64528
Register Write to Reg: 0x0E Val: 0x10010088
[inst #625] addi x14,x14,-100
Register Write to Reg: 0x0E Val: 0x10010024
[inst #626] addi x15,x12,0
Register Write to Reg: 0x0F Val: 0x00000004
[inst #627] addi x16,x11,1
Register Write to Reg: 0x10 Val: 0x00000006
[inst #628] addi x17,x12,0
Register Write to Reg: 0x11 Val: 0x00000004
[inst #629] blt x11,x15,128
[inst #630] blt x13,x16,84
[inst #631] slli x18,x15,2
Register Write to Reg: 0x12 Val: 0x00000010
[inst #632] add x19,x10,x18
Register Write to Reg: 0x13 Val: 0x10010010
[inst #633] lw x20,0(x19)
Register Write to Reg: 0x14 Val: 0x00000002
[inst #634] slli x21,x16,2
Register Write to Reg: 0x15 Val: 0x00000018
[inst #635] add x22,x10,x21
Register Write to Reg: 0x16 Val: 0x10010018
[inst #636] lw x23,0(x22)
Register Write to Reg: 0x17 Val: 0x00000004
[inst #637] blt x20,x23,8
[inst #638] slli x24,x17,2
Register Write to Reg: 0x18 Val: 0x00000010
[inst #639] add x25,x14,x24
Register Write to Reg: 0x19 Val: 0x10010034
[inst #640] sw x20,0(x25)
Memory Write to Addr: 0x10010034 Val: 0x00000002
[inst #641] addi x15,x15,1
Register Write to Reg: 0x0F Val: 0x00000005
[inst #642] addi x17,x17,1
Register Write to Reg: 0x11 Val: 0x00000005
[inst #643] jal x0,-60
Register Write to Reg: 0x00 Val: 0x004000DC
[inst #644] blt x11,x15,128
[inst #645] blt x13,x16,84
[inst #646] slli x18,x15,2
Register Write to Reg: 0x12 Val: 0x00000014
[inst #647] add x19,x10,x18
Register Write to Reg: 0x13 Val: 0x10010014
[inst #648] lw x20,0(x19)
Register Write to Reg: 0x14 Val: 0x00000008
[inst #649] slli x21,x16,2
Register Write to Reg: 0x15 Val: 0x00000018
[inst #650] add x22,x10,x21
Register Write to Reg: 0x16 Val: 0x10010018
[inst #651] lw x23,0(x22)
Register Write to Reg: 0x17 Val: 0x00000004
[inst #652] blt x20,x23,8
[inst #653] jal x0,28
Register Write to Reg: 0x00 Val: 0x004000C4
[inst #654] slli x24,x17,2
Register Write to Reg: 0x18 Val: 0x00000014
[inst #655] add x25,x14,x24
Register Write to Reg: 0x19 Val: 0x10010038
[inst #656] sw x23,0(x25)
Memory Write to Addr: 0x10010038 Val: 0x00000004
[inst #657] addi x16,x16,1
Register Write to Reg: 0x10 Val: 0x00000007
[inst #658] addi x17,x17,1
Register Write to Reg: 0x11 Val: 0x00000006
[inst #659] jal x0,-84
Register Write to Reg: 0x00 Val: 0x004000F4
[inst #660] blt x11,x15,128
[inst #661] blt x13,x16,84
[inst #662] slli x18,x15,2
Register Write to Reg: 0x12 Val: 0x00000014
[inst #663] add x19,x10,x18
Register Write to Reg: 0x13 Val: 0x10010014
[inst #664] lw x20,0(x19)
Register Write to Reg: 0x14 Val: 0x00000008
[inst #665] slli x21,x16,2
Register Write to Reg: 0x15 Val: 0x0000001C
[inst #666] add x22,x10,x21
Register Write to Reg: 0x16 Val: 0x1001001C
[inst #667] lw x23,0(x22)
Register Write to Reg: 0x17 Val: 0x00000006
[inst #668] blt x20,x23,8
[inst #669] jal x0,28
Register Write to Reg: 0x00 Val: 0x004000C4
[inst #670] slli x24,x17,2
Register Write to Reg: 0x18 Val: 0x00000018
[inst #671] add x25,x14,x24
Register Write to Reg: 0x19 Val: 0x1001003C
[inst #672] sw x23,0(x25)
Memory Write to Addr: 0x1001003C Val: 0x00000006
[inst #673] addi x16,x16,1
Register Write to Reg: 0x10 Val: 0x00000008
[inst #674] addi x17,x17,1
Register Write to Reg: 0x11 Val: 0x00000007
[inst #675] jal x0,-84
Register Write to Reg: 0x00 Val: 0x004000F4
[inst #676] blt x11,x15,128
[inst #677] blt x13,x16,84
[inst #678] blt x11,x15,80
[inst #679] slli x18,x15,2
Register Write to Reg: 0x12 Val: 0x00000014
[inst #680] add x19,x10,x18
Register Write to Reg: 0x13 Val: 0x10010014
[inst #681] lw x20,0(x19)
Register Write to Reg: 0x14 Val: 0x00000008
[inst #682] slli x24,x17,2
Register Write to Reg: 0x18 Val: 0x0000001C
[inst #683] add x25,x14,x24
Register Write to Reg: 0x19 Val: 0x10010040
[inst #684] sw x20,0(x25)
Memory Write to Addr: 0x10010040 Val: 0x00000008
[inst #685] addi x15,x15,1
Register Write to Reg: 0x0F Val: 0x00000006
[inst #686] addi x17,x17,1
Register Write to Reg: 0x11 Val: 0x00000008
[inst #687] jal x0,-36
Register Write to Reg: 0x00 Val: 0x0040011C
[inst #688] blt x11,x15,80
[inst #689] addi x17,x12,0
Register Write to Reg: 0x11 Val: 0x00000004
[inst #690] blt x13,x17,32
[inst #691] slli x24,x17,2
Register Write to Reg: 0x18 Val: 0x00000010
[inst #692] add x25,x14,x24
Register Write to Reg: 0x19 Val: 0x10010034
[inst #693] lw x26,0(x25)
Register Write to Reg: 0x1A Val: 0x00000002
[inst #694] add x27,x10,x24
Register Write to Reg: 0x1B Val: 0x10010010
[inst #695] sw x26,0(x27)
Memory Write to Addr: 0x10010010 Val: 0x00000002
[inst #696] addi x17,x17,1
Register Write to Reg: 0x11 Val: 0x00000005
[inst #697] jal x0,-28
Register Write to Reg: 0x00 Val: 0x00400168
[inst #698] blt x13,x17,32
[inst #699] slli x24,x17,2
Register Write to Reg: 0x18 Val: 0x00000014
[inst #700] add x25,x14,x24
Register Write to Reg: 0x19 Val: 0x10010038
[inst #701] lw x26,0(x25)
Register Write to Reg: 0x1A Val: 0x00000004
[inst #702] add x27,x10,x24
Register Write to Reg: 0x1B Val: 0x10010014
[inst #703] sw x26,0(x27)
Memory Write to Addr: 0x10010014 Val: 0x00000004
[inst #704] addi x17,x17,1
Register Write to Reg: 0x11 Val: 0x00000006
[inst #705] jal x0,-28
Register Write to Reg: 0x00 Val: 0x00400168
[inst #706] blt x13,x17,32
[inst #707] slli x24,x17,2
Register Write to Reg: 0x18 Val: 0x00000018
[inst #708] add x25,x14,x24
Register Write to Reg: 0x19 Val: 0x1001003C
[inst #709] lw x26,0(x25)
Register Write to Reg: 0x1A Val: 0x00000006
[inst #710] add x27,x10,x24
Register Write to Reg: 0x1B Val: 0x10010018
[inst #711] sw x26,0(x27)
Memory Write to Addr: 0x10010018 Val: 0x00000006
[inst #712] addi x17,x17,1
Register Write to Reg: 0x11 Val: 0x00000007
[inst #713] jal x0,-28
Register Write to Reg: 0x00 Val: 0x00400168
[inst #714] blt x13,x17,32
[inst #715] slli x24,x17,2
Register Write to Reg: 0x18 Val: 0x0000001C
[inst #716] add x25,x14,x24
Register Write to Reg: 0x19 Val: 0x10010040
[inst #717] lw x26,0(x25)
Register Write to Reg: 0x1A Val: 0x00000008
[inst #718] add x27,x10,x24
Register Write to Reg: 0x1B Val: 0x1001001C
[inst #719] sw x26,0(x27)
Memory Write to Addr: 0x1001001C Val: 0x00000008
[inst #720] addi x17,x17,1
Register Write to Reg: 0x11 Val: 0x00000008
[inst #721] jal x0,-28
Register Write to Reg: 0x00 Val: 0x00400168
[inst #722] blt x13,x17,32
[inst #723] lw x1,44(x2)
Register Write to Reg: 0x01 Val: 0x00400064
[inst #724] addi x2,x2,48
Register Write to Reg: 0x02 Val: 0x7FFFEFC4
[inst #725] jalr x6,x1,0
Register Write to Reg: 0x06 Val: 0x00400174
[inst #726] lw x1,24(x2)
Register Write to Reg: 0x01 Val: 0x0040004C
[inst #727] addi x2,x2,28
Register Write to Reg: 0x02 Val: 0x7FFFEFE0
[inst #728] jalr x6,x1,0
Register Write to Reg: 0x06 Val: 0x00400070
[inst #729] lw x10,20(x2)
Register Write to Reg: 0x0A Val: 0x10010000
[inst #730] lw x12,16(x2)
Register Write to Reg: 0x0C Val: 0x00000000
[inst #731] lw x13,12(x2)
Register Write to Reg: 0x0D Val: 0x00000007
[inst #732] lw x14,8(x2)
Register Write to Reg: 0x0E Val: 0x00000003
[inst #733] addi x11,x14,0
Register Write to Reg: 0x0B Val: 0x00000003
[inst #734] jal x1,16
Register Write to Reg: 0x01 Val: 0x00400064
[inst #735] addi x2,x2,-48
Register Write to Reg: 0x02 Val: 0x7FFFEFB0
[inst #736] sw x1,44(x2)
Memory Write to Addr: 0x7FFFEFDC Val: 0x00400064
[inst #737] sw x10,40(x2)
Memory Write to Addr: 0x7FFFEFD8 Val: 0x10010000
[inst #738] sw x11,36(x2)
Memory Write to Addr: 0x7FFFEFD4 Val: 0x00000003
[inst #739] sw x12,32(x2)
Memory Write to Addr: 0x7FFFEFD0 Val: 0x00000000
[inst #740] sw x13,28(x2)
Memory Write to Addr: 0x7FFFEFCC Val: 0x00000007
[inst #741] auipc x14,64528
Register Write to Reg: 0x0E Val: 0x10010088
[inst #742] addi x14,x14,-100
Register Write to Reg: 0x0E Val: 0x10010024
[inst #743] addi x15,x12,0
Register Write to Reg: 0x0F Val: 0x00000000
[inst #744] addi x16,x11,1
Register Write to Reg: 0x10 Val: 0x00000004
[inst #745] addi x17,x12,0
Register Write to Reg: 0x11 Val: 0x00000000
[inst #746] blt x11,x15,128
[inst #747] blt x13,x16,84
[inst #748] slli x18,x15,2
Register Write to Reg: 0x12 Val: 0x00000000
[inst #749] add x19,x10,x18
Register Write to Reg: 0x13 Val: 0x10010000
[inst #750] lw x20,0(x19)
Register Write to Reg: 0x14 Val: 0x00000001
[inst #751] slli x21,x16,2
Register Write to Reg: 0x15 Val: 0x00000010
[inst #752] add x22,x10,x21
Register Write to Reg: 0x16 Val: 0x10010010
[inst #753] lw x23,0(x22)
Register Write to Reg: 0x17 Val: 0x00000002
[inst #754] blt x20,x23,8
[inst #755] slli x24,x17,2
Register Write to Reg: 0x18 Val: 0x00000000
[inst #756] add x25,x14,x24
Register Write to Reg: 0x19 Val: 0x10010024
[inst #757] sw x20,0(x25)
Memory Write to Addr: 0x10010024 Val: 0x00000001
[inst #758] addi x15,x15,1
Register Write to Reg: 0x0F Val: 0x00000001
[inst #759] addi x17,x17,1
Register Write to Reg: 0x11 Val: 0x00000001
[inst #760] jal x0,-60
Register Write to Reg: 0x00 Val: 0x004000DC
[inst #761] blt x11,x15,128
[inst #762] blt x13,x16,84
[inst #763] slli x18,x15,2
Register Write to Reg: 0x12 Val: 0x00000004
[inst #764] add x19,x10,x18
Register Write to Reg: 0x13 Val: 0x10010004
[inst #765] lw x20,0(x19)
Register Write to Reg: 0x14 Val: 0x00000003
[inst #766] slli x21,x16,2
Register Write to Reg: 0x15 Val: 0x00000010
[inst #767] add x22,x10,x21
Register Write to Reg: 0x16 Val: 0x10010010
[inst #768] lw x23,0(x22)
Register Write to Reg: 0x17 Val: 0x00000002
[inst #769] blt x20,x23,8
[inst #770] jal x0,28
Register Write to Reg: 0x00 Val: 0x004000C4
[inst #771] slli x24,x17,2
Register Write to Reg: 0x18 Val: 0x00000004
[inst #772] add x25,x14,x24
Register Write to Reg: 0x19 Val: 0x10010028
[inst #773] sw x23,0(x25)
Memory Write to Addr: 0x10010028 Val: 0x00000002
[inst #774] addi x16,x16,1
Register Write to Reg: 0x10 Val: 0x00000005
[inst #775] addi x17,x17,1
Register Write to Reg: 0x11 Val: 0x00000002
[inst #776] jal x0,-84
Register Write to Reg: 0x00 Val: 0x004000F4
[inst #777] blt x11,x15,128
[inst #778] blt x13,x16,84
[inst #779] slli x18,x15,2
Register Write to Reg: 0x12 Val: 0x00000004
[inst #780] add x19,x10,x18
Register Write to Reg: 0x13 Val: 0x10010004
[inst #781] lw x20,0(x19)
Register Write to Reg: 0x14 Val: 0x00000003
[inst #782] slli x21,x16,2
Register Write to Reg: 0x15 Val: 0x00000014
[inst #783] add x22,x10,x21
Register Write to Reg: 0x16 Val: 0x10010014
[inst #784] lw x23,0(x22)
Register Write to Reg: 0x17 Val: 0x00000004
[inst #785] blt x20,x23,8
[inst #786] slli x24,x17,2
Register Write to Reg: 0x18 Val: 0x00000008
[inst #787] add x25,x14,x24
Register Write to Reg: 0x19 Val: 0x1001002C
[inst #788] sw x20,0(x25)
Memory Write to Addr: 0x1001002C Val: 0x00000003
[inst #789] addi x15,x15,1
Register Write to Reg: 0x0F Val: 0x00000002
[inst #790] addi x17,x17,1
Register Write to Reg: 0x11 Val: 0x00000003
[inst #791] jal x0,-60
Register Write to Reg: 0x00 Val: 0x004000DC
[inst #792] blt x11,x15,128
[inst #793] blt x13,x16,84
[inst #794] slli x18,x15,2
Register Write to Reg: 0x12 Val: 0x00000008
[inst #795] add x19,x10,x18
Register Write to Reg: 0x13 Val: 0x10010008
[inst #796] lw x20,0(x19)
Register Write to Reg: 0x14 Val: 0x00000007
[inst #797] slli x21,x16,2
Register Write to Reg: 0x15 Val: 0x00000014
[inst #798] add x22,x10,x21
Register Write to Reg: 0x16 Val: 0x10010014
[inst #799] lw x23,0(x22)
Register Write to Reg: 0x17 Val: 0x00000004
[inst #800] blt x20,x23,8
[inst #801] jal x0,28
Register Write to Reg: 0x00 Val: 0x004000C4
[inst #802] slli x24,x17,2
Register Write to Reg: 0x18 Val: 0x0000000C
[inst #803] add x25,x14,x24
Register Write to Reg: 0x19 Val: 0x10010030
[inst #804] sw x23,0(x25)
Memory Write to Addr: 0x10010030 Val: 0x00000004
[inst #805] addi x16,x16,1
Register Write to Reg: 0x10 Val: 0x00000006
[inst #806] addi x17,x17,1
Register Write to Reg: 0x11 Val: 0x00000004
[inst #807] jal x0,-84
Register Write to Reg: 0x00 Val: 0x004000F4
[inst #808] blt x11,x15,128
[inst #809] blt x13,x16,84
[inst #810] slli x18,x15,2
Register Write to Reg: 0x12 Val: 0x00000008
[inst #811] add x19,x10,x18
Register Write to Reg: 0x13 Val: 0x10010008
[inst #812] lw x20,0(x19)
Register Write to Reg: 0x14 Val: 0x00000007
[inst #813] slli x21,x16,2
Register Write to Reg: 0x15 Val: 0x00000018
[inst #814] add x22,x10,x21
Register Write to Reg: 0x16 Val: 0x10010018
[inst #815] lw x23,0(x22)
Register Write to Reg: 0x17 Val: 0x00000006
[inst #816] blt x20,x23,8
[inst #817] jal x0,28
Register Write to Reg: 0x00 Val: 0x004000C4
[inst #818] slli x24,x17,2
Register Write to Reg: 0x18 Val: 0x00000010
[inst #819] add x25,x14,x24
Register Write to Reg: 0x19 Val: 0x10010034
[inst #820] sw x23,0(x25)
Memory Write to Addr: 0x10010034 Val: 0x00000006
[inst #821] addi x16,x16,1
Register Write to Reg: 0x10 Val: 0x00000007
[inst #822] addi x17,x17,1
Register Write to Reg: 0x11 Val: 0x00000005
[inst #823] jal x0,-84
Register Write to Reg: 0x00 Val: 0x004000F4
[inst #824] blt x11,x15,128
[inst #825] blt x13,x16,84
[inst #826] slli x18,x15,2
Register Write to Reg: 0x12 Val: 0x00000008
[inst #827] add x19,x10,x18
Register Write to Reg: 0x13 Val: 0x10010008
[inst #828] lw x20,0(x19)
Register Write to Reg: 0x14 Val: 0x00000007
[inst #829] slli x21,x16,2
Register Write to Reg: 0x15 Val: 0x0000001C
[inst #830] add x22,x10,x21
Register Write to Reg: 0x16 Val: 0x1001001C
[inst #831] lw x23,0(x22)
Register Write to Reg: 0x17 Val: 0x00000008
[inst #832] blt x20,x23,8
[inst #833] slli x24,x17,2
Register Write to Reg: 0x18 Val: 0x00000014
[inst #834] add x25,x14,x24
Register Write to Reg: 0x19 Val: 0x10010038
[inst #835] sw x20,0(x25)
Memory Write to Addr: 0x10010038 Val: 0x00000007
[inst #836] addi x15,x15,1
Register Write to Reg: 0x0F Val: 0x00000003
[inst #837] addi x17,x17,1
Register Write to Reg: 0x11 Val: 0x00000006
[inst #838] jal x0,-60
Register Write to Reg: 0x00 Val: 0x004000DC
[inst #839] blt x11,x15,128
[inst #840] blt x13,x16,84
[inst #841] slli x18,x15,2
Register Write to Reg: 0x12 Val: 0x0000000C
[inst #842] add x19,x10,x18
Register Write to Reg: 0x13 Val: 0x1001000C
[inst #843] lw x20,0(x19)
Register Write to Reg: 0x14 Val: 0x00000009
[inst #844] slli x21,x16,2
Register Write to Reg: 0x15 Val: 0x0000001C
[inst #845] add x22,x10,x21
Register Write to Reg: 0x16 Val: 0x1001001C
[inst #846] lw x23,0(x22)
Register Write to Reg: 0x17 Val: 0x00000008
[inst #847] blt x20,x23,8
[inst #848] jal x0,28
Register Write to Reg: 0x00 Val: 0x004000C4
[inst #849] slli x24,x17,2
Register Write to Reg: 0x18 Val: 0x00000018
[inst #850] add x25,x14,x24
Register Write to Reg: 0x19 Val: 0x1001003C
[inst #851] sw x23,0(x25)
Memory Write to Addr: 0x1001003C Val: 0x00000008
[inst #852] addi x16,x16,1
Register Write to Reg: 0x10 Val: 0x00000008
[inst #853] addi x17,x17,1
Register Write to Reg: 0x11 Val: 0x00000007
[inst #854] jal x0,-84
Register Write to Reg: 0x00 Val: 0x004000F4
[inst #855] blt x11,x15,128
[inst #856] blt x13,x16,84
[inst #857] blt x11,x15,80
[inst #858] slli x18,x15,2
Register Write to Reg: 0x12 Val: 0x0000000C
[inst #859] add x19,x10,x18
Register Write to Reg: 0x13 Val: 0x1001000C
[inst #860] lw x20,0(x19)
Register Write to Reg: 0x14 Val: 0x00000009
[inst #861] slli x24,x17,2
Register Write to Reg: 0x18 Val: 0x0000001C
[inst #862] add x25,x14,x24
Register Write to Reg: 0x19 Val: 0x10010040
[inst #863] sw x20,0(x25)
Memory Write to Addr: 0x10010040 Val: 0x00000009
[inst #864] addi x15,x15,1
Register Write to Reg: 0x0F Val: 0x00000004
[inst #865] addi x17,x17,1
Register Write to Reg: 0x11 Val: 0x00000008
[inst #866] jal x0,-36
Register Write to Reg: 0x00 Val: 0x0040011C
[inst #867] blt x11,x15,80
[inst #868] addi x17,x12,0
Register Write to Reg: 0x11 Val: 0x00000000
[inst #869] blt x13,x17,32
[inst #870] slli x24,x17,2
Register Write to Reg: 0x18 Val: 0x00000000
[inst #871] add x25,x14,x24
Register Write to Reg: 0x19 Val: 0x10010024
[inst #872] lw x26,0(x25)
Register Write to Reg: 0x1A Val: 0x00000001
[inst #873] add x27,x10,x24
Register Write to Reg: 0x1B Val: 0x10010000
[inst #874] sw x26,0(x27)
Memory Write to Addr: 0x10010000 Val: 0x00000001
[inst #875] addi x17,x17,1
Register Write to Reg: 0x11 Val: 0x00000001
[inst #876] jal x0,-28
Register Write to Reg: 0x00 Val: 0x00400168
[inst #877] blt x13,x17,32
[inst #878] slli x24,x17,2
Register Write to Reg: 0x18 Val: 0x00000004
[inst #879] add x25,x14,x24
Register Write to Reg: 0x19 Val: 0x10010028
[inst #880] lw x26,0(x25)
Register Write to Reg: 0x1A Val: 0x00000002
[inst #881] add x27,x10,x24
Register Write to Reg: 0x1B Val: 0x10010004
[inst #882] sw x26,0(x27)
Memory Write to Addr: 0x10010004 Val: 0x00000002
[inst #883] addi x17,x17,1
Register Write to Reg: 0x11 Val: 0x00000002
[inst #884] jal x0,-28
Register Write to Reg: 0x00 Val: 0x00400168
[inst #885] blt x13,x17,32
[inst #886] slli x24,x17,2
Register Write to Reg: 0x18 Val: 0x00000008
[inst #887] add x25,x14,x24
Register Write to Reg: 0x19 Val: 0x1001002C
[inst #888] lw x26,0(x25)
Register Write to Reg: 0x1A Val: 0x00000003
[inst #889] add x27,x10,x24
Register Write to Reg: 0x1B Val: 0x10010008
[inst #890] sw x26,0(x27)
Memory Write to Addr: 0x10010008 Val: 0x00000003
[inst #891] addi x17,x17,1
Register Write to Reg: 0x11 Val: 0x00000003
[inst #892] jal x0,-28
Register Write to Reg: 0x00 Val: 0x00400168
[inst #893] blt x13,x17,32
[inst #894] slli x24,x17,2
Register Write to Reg: 0x18 Val: 0x0000000C
[inst #895] add x25,x14,x24
Register Write to Reg: 0x19 Val: 0x10010030
[inst #896] lw x26,0(x25)
Register Write to Reg: 0x1A Val: 0x00000004
[inst #897] add x27,x10,x24
Register Write to Reg: 0x1B Val: 0x1001000C
[inst #898] sw x26,0(x27)
Memory Write to Addr: 0x1001000C Val: 0x00000004
[inst #899] addi x17,x17,1
Register Write to Reg: 0x11 Val: 0x00000004
[inst #900] jal x0,-28
Register Write to Reg: 0x00 Val: 0x00400168
[inst #901] blt x13,x17,32
[inst #902] slli x24,x17,2
Register Write to Reg: 0x18 Val: 0x00000010
[inst #903] add x25,x14,x24
Register Write to Reg: 0x19 Val: 0x10010034
[inst #904] lw x26,0(x25)
Register Write to Reg: 0x1A Val: 0x00000006
[inst #905] add x27,x10,x24
Register Write to Reg: 0x1B Val: 0x10010010
[inst #906] sw x26,0(x27)
Memory Write to Addr: 0x10010010 Val: 0x00000006
[inst #907] addi x17,x17,1
Register Write to Reg: 0x11 Val: 0x00000005
[inst #908] jal x0,-28
Register Write to Reg: 0x00 Val: 0x00400168
[inst #909] blt x13,x17,32
[inst #910] slli x24,x17,2
Register Write to Reg: 0x18 Val: 0x00000014
[inst #911] add x25,x14,x24
Register Write to Reg: 0x19 Val: 0x10010038
[inst #912] lw x26,0(x25)
Register Write to Reg: 0x1A Val: 0x00000007
[inst #913] add x27,x10,x24
Register Write to Reg: 0x1B Val: 0x10010014
[inst #914] sw x26,0(x27)
Memory Write to Addr: 0x10010014 Val: 0x00000007
[inst #915] addi x17,x17,1
Register Write to Reg: 0x11 Val: 0x00000006
[inst #916] jal x0,-28
Register Write to Reg: 0x00 Val: 0x00400168
[inst #917] blt x13,x17,32
[inst #918] slli x24,x17,2
Register Write to Reg: 0x18 Val: 0x00000018
[inst #919] add x25,x14,x24
Register Write to Reg: 0x19 Val: 0x1001003C
[inst #920] lw x26,0(x25)
Register Write to Reg: 0x1A Val: 0x00000008
[inst #921] add x27,x10,x24
Register Write to Reg: 0x1B Val: 0x10010018
[inst #922] sw x26,0(x27)
Memory Write to Addr: 0x10010018 Val: 0x00000008
[inst #923] addi x17,x17,1
Register Write to Reg: 0x11 Val: 0x00000007
[inst #924] jal x0,-28
Register Write to Reg: 0x00 Val: 0x00400168
[inst #925] blt x13,x17,32
[inst #926] slli x24,x17,2
Register Write to Reg: 0x18 Val: 0x0000001C
[inst #927] add x25,x14,x24
Register Write to Reg: 0x19 Val: 0x10010040
[inst #928] lw x26,0(x25)
Register Write to Reg: 0x1A Val: 0x00000009
[inst #929] add x27,x10,x24
Register Write to Reg: 0x1B Val: 0x1001001C
[inst #930] sw x26,0(x27)
Memory Write to Addr: 0x1001001C Val: 0x00000009
[inst #931] addi x17,x17,1
Register Write to Reg: 0x11 Val: 0x00000008
[inst #932] jal x0,-28
Register Write to Reg: 0x00 Val: 0x00400168
[inst #933] blt x13,x17,32
[inst #934] lw x1,44(x2)
Register Write to Reg: 0x01 Val: 0x00400064
[inst #935] addi x2,x2,48
Register Write to Reg: 0x02 Val: 0x7FFFEFE0
[inst #936] jalr x6,x1,0
Register Write to Reg: 0x06 Val: 0x00400174
[inst #937] lw x1,24(x2)
Register Write to Reg: 0x01 Val: 0x00400190
[inst #938] addi x2,x2,28
Register Write to Reg: 0x02 Val: 0x7FFFEFFC
[inst #939] jalr x6,x1,0
Register Write to Reg: 0x06 Val: 0x00400070
[inst #940] wfi 

Program terminated by dropping off the bottom.
