In clock cycle: 8
Register Write to Reg: 0x0A Val: 0x10010000
In clock cycle: 12
Register Write to Reg: 0x0A Val: 0x10010000
In clock cycle: 13
Register Write to Reg: 0x05 Val: 0x10010000
In clock cycle: 17
Register Write to Reg: 0x05 Val: 0x10010020
In clock cycle: 21
Register Write to Reg: 0x0B Val: 0x00000008
In clock cycle: 22
Register Write to Reg: 0x0C Val: 0x00000000
In clock cycle: 26
Register Write to Reg: 0x0D Val: 0x00000007
In clock cycle: 27
Register Write to Reg: 0x01 Val: 0x004003E0
In clock cycle: 31
Register Write to Reg: 0x02 Val: 0x7FFFEFE0
In clock cycle: 34
Memory Write to Addr: 0x7FFFEFF8 Val: 0x004003E0
In clock cycle: 35
Memory Write to Addr: 0x7FFFEFF4 Val: 0x10010000
In clock cycle: 36
Memory Write to Addr: 0x7FFFEFF0 Val: 0x00000000
In clock cycle: 37
Memory Write to Addr: 0x7FFFEFEC Val: 0x00000007
In clock cycle: 38
Memory Write to Addr: 0x7FFFEFE8 Val: 0x00000000
In clock cycle: 44
Register Write to Reg: 0x0E Val: 0x00000007
In clock cycle: 48
Register Write to Reg: 0x0E Val: 0x00000003
In clock cycle: 51
Memory Write to Addr: 0x7FFFEFE8 Val: 0x00000003
In clock cycle: 53
Register Write to Reg: 0x0D Val: 0x00000003
In clock cycle: 54
Register Write to Reg: 0x01 Val: 0x00400070
In clock cycle: 58
Register Write to Reg: 0x02 Val: 0x7FFFEFC4
In clock cycle: 61
Memory Write to Addr: 0x7FFFEFDC Val: 0x00400070
In clock cycle: 62
Memory Write to Addr: 0x7FFFEFD8 Val: 0x10010000
In clock cycle: 63
Memory Write to Addr: 0x7FFFEFD4 Val: 0x00000000
In clock cycle: 64
Memory Write to Addr: 0x7FFFEFD0 Val: 0x00000003
In clock cycle: 65
Memory Write to Addr: 0x7FFFEFCC Val: 0x00000003
In clock cycle: 71
Register Write to Reg: 0x0E Val: 0x00000003
In clock cycle: 75
Register Write to Reg: 0x0E Val: 0x00000001
In clock cycle: 78
Memory Write to Addr: 0x7FFFEFCC Val: 0x00000001
In clock cycle: 80
Register Write to Reg: 0x0D Val: 0x00000001
In clock cycle: 81
Register Write to Reg: 0x01 Val: 0x00400070
In clock cycle: 85
Register Write to Reg: 0x02 Val: 0x7FFFEFA8
In clock cycle: 88
Memory Write to Addr: 0x7FFFEFC0 Val: 0x00400070
In clock cycle: 89
Memory Write to Addr: 0x7FFFEFBC Val: 0x10010000
In clock cycle: 90
Memory Write to Addr: 0x7FFFEFB8 Val: 0x00000000
In clock cycle: 91
Memory Write to Addr: 0x7FFFEFB4 Val: 0x00000001
In clock cycle: 92
Memory Write to Addr: 0x7FFFEFB0 Val: 0x00000001
In clock cycle: 98
Register Write to Reg: 0x0E Val: 0x00000001
In clock cycle: 102
Register Write to Reg: 0x0E Val: 0x00000000
In clock cycle: 105
Memory Write to Addr: 0x7FFFEFB0 Val: 0x00000000
In clock cycle: 107
Register Write to Reg: 0x0D Val: 0x00000000
In clock cycle: 108
Register Write to Reg: 0x01 Val: 0x00400070
In clock cycle: 112
Register Write to Reg: 0x02 Val: 0x7FFFEF8C
In clock cycle: 115
Memory Write to Addr: 0x7FFFEFA4 Val: 0x00400070
In clock cycle: 116
Memory Write to Addr: 0x7FFFEFA0 Val: 0x10010000
In clock cycle: 117
Memory Write to Addr: 0x7FFFEF9C Val: 0x00000000
In clock cycle: 118
Memory Write to Addr: 0x7FFFEF98 Val: 0x00000000
In clock cycle: 119
Memory Write to Addr: 0x7FFFEF94 Val: 0x00000000
In clock cycle: 125
Register Write to Reg: 0x01 Val: 0x00400070
In clock cycle: 126
Register Write to Reg: 0x02 Val: 0x7FFFEFA8
In clock cycle: 130
Register Write to Reg: 0x06 Val: 0x004000F4
In clock cycle: 137
Register Write to Reg: 0x0A Val: 0x10010000
In clock cycle: 138
Register Write to Reg: 0x0C Val: 0x00000000
In clock cycle: 139
Register Write to Reg: 0x0D Val: 0x00000001
In clock cycle: 140
Register Write to Reg: 0x0E Val: 0x00000000
In clock cycle: 144
Register Write to Reg: 0x0C Val: 0x00000001
In clock cycle: 145
Register Write to Reg: 0x01 Val: 0x004000A0
In clock cycle: 149
Register Write to Reg: 0x02 Val: 0x7FFFEF8C
In clock cycle: 152
Memory Write to Addr: 0x7FFFEFA4 Val: 0x004000A0
In clock cycle: 153
Memory Write to Addr: 0x7FFFEFA0 Val: 0x10010000
In clock cycle: 154
Memory Write to Addr: 0x7FFFEF9C Val: 0x00000001
In clock cycle: 155
Memory Write to Addr: 0x7FFFEF98 Val: 0x00000001
In clock cycle: 156
Memory Write to Addr: 0x7FFFEF94 Val: 0x00000000
In clock cycle: 162
Register Write to Reg: 0x01 Val: 0x004000A0
In clock cycle: 163
Register Write to Reg: 0x02 Val: 0x7FFFEFA8
In clock cycle: 167
Register Write to Reg: 0x06 Val: 0x004000F4
In clock cycle: 174
Register Write to Reg: 0x0A Val: 0x10010000
In clock cycle: 175
Register Write to Reg: 0x0C Val: 0x00000000
In clock cycle: 176
Register Write to Reg: 0x0D Val: 0x00000001
In clock cycle: 177
Register Write to Reg: 0x0E Val: 0x00000000
In clock cycle: 181
Register Write to Reg: 0x0B Val: 0x00000000
In clock cycle: 182
Register Write to Reg: 0x01 Val: 0x004000D0
In clock cycle: 186
Register Write to Reg: 0x02 Val: 0x7FFFEF78
In clock cycle: 189
Memory Write to Addr: 0x7FFFEFA4 Val: 0x004000D0
In clock cycle: 190
Memory Write to Addr: 0x7FFFEFA0 Val: 0x10010000
In clock cycle: 191
Memory Write to Addr: 0x7FFFEF9C Val: 0x00000000
In clock cycle: 192
Memory Write to Addr: 0x7FFFEF98 Val: 0x00000000
In clock cycle: 193
Memory Write to Addr: 0x7FFFEF94 Val: 0x00000001
In clock cycle: 195
Register Write to Reg: 0x0E Val: 0x10010000
In clock cycle: 199
Register Write to Reg: 0x0E Val: 0x10010024
In clock cycle: 200
Register Write to Reg: 0x0F Val: 0x00000000
In clock cycle: 201
Register Write to Reg: 0x10 Val: 0x00000001
In clock cycle: 202
Register Write to Reg: 0x11 Val: 0x00000000
In clock cycle: 211
Register Write to Reg: 0x12 Val: 0x00000000
In clock cycle: 215
Register Write to Reg: 0x13 Val: 0x10010000
In clock cycle: 219
Register Write to Reg: 0x14 Val: 0x00000009
In clock cycle: 220
Register Write to Reg: 0x15 Val: 0x00000004
In clock cycle: 224
Register Write to Reg: 0x16 Val: 0x10010004
In clock cycle: 228
Register Write to Reg: 0x17 Val: 0x00000003
In clock cycle: 240
Register Write to Reg: 0x18 Val: 0x00000000
In clock cycle: 244
Register Write to Reg: 0x19 Val: 0x10010024
In clock cycle: 247
Memory Write to Addr: 0x10010024 Val: 0x00000003
In clock cycle: 249
Register Write to Reg: 0x10 Val: 0x00000002
In clock cycle: 250
Register Write to Reg: 0x11 Val: 0x00000001
In clock cycle: 264
Register Write to Reg: 0x12 Val: 0x00000000
In clock cycle: 268
Register Write to Reg: 0x13 Val: 0x10010000
In clock cycle: 272
Register Write to Reg: 0x14 Val: 0x00000009
In clock cycle: 273
Register Write to Reg: 0x18 Val: 0x00000004
In clock cycle: 277
Register Write to Reg: 0x19 Val: 0x10010028
In clock cycle: 280
Memory Write to Addr: 0x10010028 Val: 0x00000009
In clock cycle: 282
Register Write to Reg: 0x0F Val: 0x00000001
In clock cycle: 283
Register Write to Reg: 0x11 Val: 0x00000002
In clock cycle: 292
Register Write to Reg: 0x11 Val: 0x00000000
In clock cycle: 300
Register Write to Reg: 0x18 Val: 0x00000000
In clock cycle: 304
Register Write to Reg: 0x19 Val: 0x10010024
In clock cycle: 308
Register Write to Reg: 0x1A Val: 0x00000003
In clock cycle: 309
Register Write to Reg: 0x1B Val: 0x10010000
In clock cycle: 312
Memory Write to Addr: 0x10010000 Val: 0x00000003
In clock cycle: 314
Register Write to Reg: 0x11 Val: 0x00000001
In clock cycle: 323
Register Write to Reg: 0x18 Val: 0x00000004
In clock cycle: 327
Register Write to Reg: 0x19 Val: 0x10010028
In clock cycle: 331
Register Write to Reg: 0x1A Val: 0x00000009
In clock cycle: 332
Register Write to Reg: 0x1B Val: 0x10010004
In clock cycle: 335
Memory Write to Addr: 0x10010004 Val: 0x00000009
In clock cycle: 337
Register Write to Reg: 0x11 Val: 0x00000002
In clock cycle: 346
Register Write to Reg: 0x01 Val: 0x004000D0
In clock cycle: 347
Register Write to Reg: 0x02 Val: 0x7FFFEFA8
In clock cycle: 348
Register Write to Reg: 0x06 Val: 0x00400384
In clock cycle: 355
Register Write to Reg: 0x01 Val: 0x00400070
In clock cycle: 356
Register Write to Reg: 0x02 Val: 0x7FFFEFC4
In clock cycle: 360
Register Write to Reg: 0x06 Val: 0x004000F4
In clock cycle: 367
Register Write to Reg: 0x0A Val: 0x10010000
In clock cycle: 368
Register Write to Reg: 0x0C Val: 0x00000000
In clock cycle: 369
Register Write to Reg: 0x0D Val: 0x00000003
In clock cycle: 370
Register Write to Reg: 0x0E Val: 0x00000001
In clock cycle: 374
Register Write to Reg: 0x0C Val: 0x00000002
In clock cycle: 375
Register Write to Reg: 0x01 Val: 0x004000A0
In clock cycle: 379
Register Write to Reg: 0x02 Val: 0x7FFFEFA8
In clock cycle: 382
Memory Write to Addr: 0x7FFFEFC0 Val: 0x004000A0
In clock cycle: 383
Memory Write to Addr: 0x7FFFEFBC Val: 0x10010000
In clock cycle: 384
Memory Write to Addr: 0x7FFFEFB8 Val: 0x00000002
In clock cycle: 385
Memory Write to Addr: 0x7FFFEFB4 Val: 0x00000003
In clock cycle: 386
Memory Write to Addr: 0x7FFFEFB0 Val: 0x00000001
In clock cycle: 392
Register Write to Reg: 0x0E Val: 0x00000005
In clock cycle: 396
Register Write to Reg: 0x0E Val: 0x00000002
In clock cycle: 399
Memory Write to Addr: 0x7FFFEFB0 Val: 0x00000002
In clock cycle: 401
Register Write to Reg: 0x0D Val: 0x00000002
In clock cycle: 402
Register Write to Reg: 0x01 Val: 0x00400070
In clock cycle: 406
Register Write to Reg: 0x02 Val: 0x7FFFEF8C
In clock cycle: 409
Memory Write to Addr: 0x7FFFEFA4 Val: 0x00400070
In clock cycle: 410
Memory Write to Addr: 0x7FFFEFA0 Val: 0x10010000
In clock cycle: 411
Memory Write to Addr: 0x7FFFEF9C Val: 0x00000002
In clock cycle: 412
Memory Write to Addr: 0x7FFFEF98 Val: 0x00000002
In clock cycle: 413
Memory Write to Addr: 0x7FFFEF94 Val: 0x00000002
In clock cycle: 419
Register Write to Reg: 0x01 Val: 0x00400070
In clock cycle: 420
Register Write to Reg: 0x02 Val: 0x7FFFEFA8
In clock cycle: 424
Register Write to Reg: 0x06 Val: 0x004000F4
In clock cycle: 431
Register Write to Reg: 0x0A Val: 0x10010000
In clock cycle: 432
Register Write to Reg: 0x0C Val: 0x00000002
In clock cycle: 433
Register Write to Reg: 0x0D Val: 0x00000003
In clock cycle: 434
Register Write to Reg: 0x0E Val: 0x00000002
In clock cycle: 438
Register Write to Reg: 0x0C Val: 0x00000003
In clock cycle: 439
Register Write to Reg: 0x01 Val: 0x004000A0
In clock cycle: 443
Register Write to Reg: 0x02 Val: 0x7FFFEF8C
In clock cycle: 446
Memory Write to Addr: 0x7FFFEFA4 Val: 0x004000A0
In clock cycle: 447
Memory Write to Addr: 0x7FFFEFA0 Val: 0x10010000
In clock cycle: 448
Memory Write to Addr: 0x7FFFEF9C Val: 0x00000003
In clock cycle: 449
Memory Write to Addr: 0x7FFFEF98 Val: 0x00000003
In clock cycle: 450
Memory Write to Addr: 0x7FFFEF94 Val: 0x00000002
In clock cycle: 456
Register Write to Reg: 0x01 Val: 0x004000A0
In clock cycle: 457
Register Write to Reg: 0x02 Val: 0x7FFFEFA8
In clock cycle: 461
Register Write to Reg: 0x06 Val: 0x004000F4
In clock cycle: 468
Register Write to Reg: 0x0A Val: 0x10010000
In clock cycle: 469
Register Write to Reg: 0x0C Val: 0x00000002
In clock cycle: 470
Register Write to Reg: 0x0D Val: 0x00000003
In clock cycle: 471
Register Write to Reg: 0x0E Val: 0x00000002
In clock cycle: 475
Register Write to Reg: 0x0B Val: 0x00000002
In clock cycle: 476
Register Write to Reg: 0x01 Val: 0x004000D0
In clock cycle: 480
Register Write to Reg: 0x02 Val: 0x7FFFEF78
In clock cycle: 483
Memory Write to Addr: 0x7FFFEFA4 Val: 0x004000D0
In clock cycle: 484
Memory Write to Addr: 0x7FFFEFA0 Val: 0x10010000
In clock cycle: 485
Memory Write to Addr: 0x7FFFEF9C Val: 0x00000002
In clock cycle: 486
Memory Write to Addr: 0x7FFFEF98 Val: 0x00000002
In clock cycle: 487
Memory Write to Addr: 0x7FFFEF94 Val: 0x00000003
In clock cycle: 489
Register Write to Reg: 0x0E Val: 0x10010000
In clock cycle: 493
Register Write to Reg: 0x0E Val: 0x10010024
In clock cycle: 494
Register Write to Reg: 0x0F Val: 0x00000002
In clock cycle: 495
Register Write to Reg: 0x10 Val: 0x00000003
In clock cycle: 496
Register Write to Reg: 0x11 Val: 0x00000002
In clock cycle: 505
Register Write to Reg: 0x12 Val: 0x00000008
In clock cycle: 509
Register Write to Reg: 0x13 Val: 0x10010008
In clock cycle: 513
Register Write to Reg: 0x14 Val: 0x00000007
In clock cycle: 514
Register Write to Reg: 0x15 Val: 0x0000000C
In clock cycle: 518
Register Write to Reg: 0x16 Val: 0x1001000C
In clock cycle: 522
Register Write to Reg: 0x17 Val: 0x00000001
In clock cycle: 534
Register Write to Reg: 0x18 Val: 0x00000008
In clock cycle: 538
Register Write to Reg: 0x19 Val: 0x1001002C
In clock cycle: 541
Memory Write to Addr: 0x1001002C Val: 0x00000001
In clock cycle: 543
Register Write to Reg: 0x10 Val: 0x00000004
In clock cycle: 544
Register Write to Reg: 0x11 Val: 0x00000003
In clock cycle: 558
Register Write to Reg: 0x12 Val: 0x00000008
In clock cycle: 562
Register Write to Reg: 0x13 Val: 0x10010008
In clock cycle: 566
Register Write to Reg: 0x14 Val: 0x00000007
In clock cycle: 567
Register Write to Reg: 0x18 Val: 0x0000000C
In clock cycle: 571
Register Write to Reg: 0x19 Val: 0x10010030
In clock cycle: 574
Memory Write to Addr: 0x10010030 Val: 0x00000007
In clock cycle: 576
Register Write to Reg: 0x0F Val: 0x00000003
In clock cycle: 577
Register Write to Reg: 0x11 Val: 0x00000004
In clock cycle: 586
Register Write to Reg: 0x11 Val: 0x00000002
In clock cycle: 594
Register Write to Reg: 0x18 Val: 0x00000008
In clock cycle: 598
Register Write to Reg: 0x19 Val: 0x1001002C
In clock cycle: 602
Register Write to Reg: 0x1A Val: 0x00000001
In clock cycle: 603
Register Write to Reg: 0x1B Val: 0x10010008
In clock cycle: 606
Memory Write to Addr: 0x10010008 Val: 0x00000001
In clock cycle: 608
Register Write to Reg: 0x11 Val: 0x00000003
In clock cycle: 617
Register Write to Reg: 0x18 Val: 0x0000000C
In clock cycle: 621
Register Write to Reg: 0x19 Val: 0x10010030
In clock cycle: 625
Register Write to Reg: 0x1A Val: 0x00000007
In clock cycle: 626
Register Write to Reg: 0x1B Val: 0x1001000C
In clock cycle: 629
Memory Write to Addr: 0x1001000C Val: 0x00000007
In clock cycle: 631
Register Write to Reg: 0x11 Val: 0x00000004
In clock cycle: 640
Register Write to Reg: 0x01 Val: 0x004000D0
In clock cycle: 641
Register Write to Reg: 0x02 Val: 0x7FFFEFA8
In clock cycle: 642
Register Write to Reg: 0x06 Val: 0x00400384
In clock cycle: 649
Register Write to Reg: 0x01 Val: 0x004000A0
In clock cycle: 650
Register Write to Reg: 0x02 Val: 0x7FFFEFC4
In clock cycle: 654
Register Write to Reg: 0x06 Val: 0x004000F4
In clock cycle: 661
Register Write to Reg: 0x0A Val: 0x10010000
In clock cycle: 662
Register Write to Reg: 0x0C Val: 0x00000000
In clock cycle: 663
Register Write to Reg: 0x0D Val: 0x00000003
In clock cycle: 664
Register Write to Reg: 0x0E Val: 0x00000001
In clock cycle: 668
Register Write to Reg: 0x0B Val: 0x00000001
In clock cycle: 669
Register Write to Reg: 0x01 Val: 0x004000D0
In clock cycle: 673
Register Write to Reg: 0x02 Val: 0x7FFFEF94
In clock cycle: 676
Memory Write to Addr: 0x7FFFEFC0 Val: 0x004000D0
In clock cycle: 677
Memory Write to Addr: 0x7FFFEFBC Val: 0x10010000
In clock cycle: 678
Memory Write to Addr: 0x7FFFEFB8 Val: 0x00000001
In clock cycle: 679
Memory Write to Addr: 0x7FFFEFB4 Val: 0x00000000
In clock cycle: 680
Memory Write to Addr: 0x7FFFEFB0 Val: 0x00000003
In clock cycle: 682
Register Write to Reg: 0x0E Val: 0x10010000
In clock cycle: 686
Register Write to Reg: 0x0E Val: 0x10010024
In clock cycle: 687
Register Write to Reg: 0x0F Val: 0x00000000
In clock cycle: 688
Register Write to Reg: 0x10 Val: 0x00000002
In clock cycle: 689
Register Write to Reg: 0x11 Val: 0x00000000
In clock cycle: 698
Register Write to Reg: 0x12 Val: 0x00000000
In clock cycle: 702
Register Write to Reg: 0x13 Val: 0x10010000
In clock cycle: 706
Register Write to Reg: 0x14 Val: 0x00000003
In clock cycle: 707
Register Write to Reg: 0x15 Val: 0x00000008
In clock cycle: 711
Register Write to Reg: 0x16 Val: 0x10010008
In clock cycle: 715
Register Write to Reg: 0x17 Val: 0x00000001
In clock cycle: 727
Register Write to Reg: 0x18 Val: 0x00000000
In clock cycle: 731
Register Write to Reg: 0x19 Val: 0x10010024
In clock cycle: 734
Memory Write to Addr: 0x10010024 Val: 0x00000001
In clock cycle: 736
Register Write to Reg: 0x10 Val: 0x00000003
In clock cycle: 737
Register Write to Reg: 0x11 Val: 0x00000001
In clock cycle: 747
Register Write to Reg: 0x12 Val: 0x00000000
In clock cycle: 751
Register Write to Reg: 0x13 Val: 0x10010000
In clock cycle: 755
Register Write to Reg: 0x14 Val: 0x00000003
In clock cycle: 756
Register Write to Reg: 0x15 Val: 0x0000000C
In clock cycle: 760
Register Write to Reg: 0x16 Val: 0x1001000C
In clock cycle: 764
Register Write to Reg: 0x17 Val: 0x00000007
In clock cycle: 772
Register Write to Reg: 0x18 Val: 0x00000004
In clock cycle: 776
Register Write to Reg: 0x19 Val: 0x10010028
In clock cycle: 779
Memory Write to Addr: 0x10010028 Val: 0x00000003
In clock cycle: 781
Register Write to Reg: 0x0F Val: 0x00000001
In clock cycle: 782
Register Write to Reg: 0x11 Val: 0x00000002
In clock cycle: 795
Register Write to Reg: 0x12 Val: 0x00000004
In clock cycle: 799
Register Write to Reg: 0x13 Val: 0x10010004
In clock cycle: 803
Register Write to Reg: 0x14 Val: 0x00000009
In clock cycle: 804
Register Write to Reg: 0x15 Val: 0x0000000C
In clock cycle: 808
Register Write to Reg: 0x16 Val: 0x1001000C
In clock cycle: 812
Register Write to Reg: 0x17 Val: 0x00000007
In clock cycle: 824
Register Write to Reg: 0x18 Val: 0x00000008
In clock cycle: 828
Register Write to Reg: 0x19 Val: 0x1001002C
In clock cycle: 831
Memory Write to Addr: 0x1001002C Val: 0x00000007
In clock cycle: 833
Register Write to Reg: 0x10 Val: 0x00000004
In clock cycle: 834
Register Write to Reg: 0x11 Val: 0x00000003
In clock cycle: 848
Register Write to Reg: 0x12 Val: 0x00000004
In clock cycle: 852
Register Write to Reg: 0x13 Val: 0x10010004
In clock cycle: 856
Register Write to Reg: 0x14 Val: 0x00000009
In clock cycle: 857
Register Write to Reg: 0x18 Val: 0x0000000C
In clock cycle: 861
Register Write to Reg: 0x19 Val: 0x10010030
In clock cycle: 864
Memory Write to Addr: 0x10010030 Val: 0x00000009
In clock cycle: 866
Register Write to Reg: 0x0F Val: 0x00000002
In clock cycle: 867
Register Write to Reg: 0x11 Val: 0x00000004
In clock cycle: 876
Register Write to Reg: 0x11 Val: 0x00000000
In clock cycle: 884
Register Write to Reg: 0x18 Val: 0x00000000
In clock cycle: 888
Register Write to Reg: 0x19 Val: 0x10010024
In clock cycle: 892
Register Write to Reg: 0x1A Val: 0x00000001
In clock cycle: 893
Register Write to Reg: 0x1B Val: 0x10010000
In clock cycle: 896
Memory Write to Addr: 0x10010000 Val: 0x00000001
In clock cycle: 898
Register Write to Reg: 0x11 Val: 0x00000001
In clock cycle: 907
Register Write to Reg: 0x18 Val: 0x00000004
In clock cycle: 911
Register Write to Reg: 0x19 Val: 0x10010028
In clock cycle: 915
Register Write to Reg: 0x1A Val: 0x00000003
In clock cycle: 916
Register Write to Reg: 0x1B Val: 0x10010004
In clock cycle: 919
Memory Write to Addr: 0x10010004 Val: 0x00000003
In clock cycle: 921
Register Write to Reg: 0x11 Val: 0x00000002
In clock cycle: 930
Register Write to Reg: 0x18 Val: 0x00000008
In clock cycle: 934
Register Write to Reg: 0x19 Val: 0x1001002C
In clock cycle: 938
Register Write to Reg: 0x1A Val: 0x00000007
In clock cycle: 939
Register Write to Reg: 0x1B Val: 0x10010008
In clock cycle: 942
Memory Write to Addr: 0x10010008 Val: 0x00000007
In clock cycle: 944
Register Write to Reg: 0x11 Val: 0x00000003
In clock cycle: 953
Register Write to Reg: 0x18 Val: 0x0000000C
In clock cycle: 957
Register Write to Reg: 0x19 Val: 0x10010030
In clock cycle: 961
Register Write to Reg: 0x1A Val: 0x00000009
In clock cycle: 962
Register Write to Reg: 0x1B Val: 0x1001000C
In clock cycle: 965
Memory Write to Addr: 0x1001000C Val: 0x00000009
In clock cycle: 967
Register Write to Reg: 0x11 Val: 0x00000004
In clock cycle: 976
Register Write to Reg: 0x01 Val: 0x004000D0
In clock cycle: 977
Register Write to Reg: 0x02 Val: 0x7FFFEFC4
In clock cycle: 978
Register Write to Reg: 0x06 Val: 0x00400384
In clock cycle: 985
Register Write to Reg: 0x01 Val: 0x00400070
In clock cycle: 986
Register Write to Reg: 0x02 Val: 0x7FFFEFE0
In clock cycle: 990
Register Write to Reg: 0x06 Val: 0x004000F4
In clock cycle: 997
Register Write to Reg: 0x0A Val: 0x10010000
In clock cycle: 998
Register Write to Reg: 0x0C Val: 0x00000000
In clock cycle: 999
Register Write to Reg: 0x0D Val: 0x00000007
In clock cycle: 1000
Register Write to Reg: 0x0E Val: 0x00000003
In clock cycle: 1004
Register Write to Reg: 0x0C Val: 0x00000004
In clock cycle: 1005
Register Write to Reg: 0x01 Val: 0x004000A0
In clock cycle: 1009
Register Write to Reg: 0x02 Val: 0x7FFFEFC4
In clock cycle: 1012
Memory Write to Addr: 0x7FFFEFDC Val: 0x004000A0
In clock cycle: 1013
Memory Write to Addr: 0x7FFFEFD8 Val: 0x10010000
In clock cycle: 1014
Memory Write to Addr: 0x7FFFEFD4 Val: 0x00000004
In clock cycle: 1015
Memory Write to Addr: 0x7FFFEFD0 Val: 0x00000007
In clock cycle: 1016
Memory Write to Addr: 0x7FFFEFCC Val: 0x00000003
In clock cycle: 1022
Register Write to Reg: 0x0E Val: 0x0000000B
In clock cycle: 1026
Register Write to Reg: 0x0E Val: 0x00000005
In clock cycle: 1029
Memory Write to Addr: 0x7FFFEFCC Val: 0x00000005
In clock cycle: 1031
Register Write to Reg: 0x0D Val: 0x00000005
In clock cycle: 1032
Register Write to Reg: 0x01 Val: 0x00400070
In clock cycle: 1036
Register Write to Reg: 0x02 Val: 0x7FFFEFA8
In clock cycle: 1039
Memory Write to Addr: 0x7FFFEFC0 Val: 0x00400070
In clock cycle: 1040
Memory Write to Addr: 0x7FFFEFBC Val: 0x10010000
In clock cycle: 1041
Memory Write to Addr: 0x7FFFEFB8 Val: 0x00000004
In clock cycle: 1042
Memory Write to Addr: 0x7FFFEFB4 Val: 0x00000005
In clock cycle: 1043
Memory Write to Addr: 0x7FFFEFB0 Val: 0x00000005
In clock cycle: 1049
Register Write to Reg: 0x0E Val: 0x00000009
In clock cycle: 1053
Register Write to Reg: 0x0E Val: 0x00000004
In clock cycle: 1056
Memory Write to Addr: 0x7FFFEFB0 Val: 0x00000004
In clock cycle: 1058
Register Write to Reg: 0x0D Val: 0x00000004
In clock cycle: 1059
Register Write to Reg: 0x01 Val: 0x00400070
In clock cycle: 1063
Register Write to Reg: 0x02 Val: 0x7FFFEF8C
In clock cycle: 1066
Memory Write to Addr: 0x7FFFEFA4 Val: 0x00400070
In clock cycle: 1067
Memory Write to Addr: 0x7FFFEFA0 Val: 0x10010000
In clock cycle: 1068
Memory Write to Addr: 0x7FFFEF9C Val: 0x00000004
In clock cycle: 1069
Memory Write to Addr: 0x7FFFEF98 Val: 0x00000004
In clock cycle: 1070
Memory Write to Addr: 0x7FFFEF94 Val: 0x00000004
In clock cycle: 1076
Register Write to Reg: 0x01 Val: 0x00400070
In clock cycle: 1077
Register Write to Reg: 0x02 Val: 0x7FFFEFA8
In clock cycle: 1081
Register Write to Reg: 0x06 Val: 0x004000F4
In clock cycle: 1088
Register Write to Reg: 0x0A Val: 0x10010000
In clock cycle: 1089
Register Write to Reg: 0x0C Val: 0x00000004
In clock cycle: 1090
Register Write to Reg: 0x0D Val: 0x00000005
In clock cycle: 1091
Register Write to Reg: 0x0E Val: 0x00000004
In clock cycle: 1095
Register Write to Reg: 0x0C Val: 0x00000005
In clock cycle: 1096
Register Write to Reg: 0x01 Val: 0x004000A0
In clock cycle: 1100
Register Write to Reg: 0x02 Val: 0x7FFFEF8C
In clock cycle: 1103
Memory Write to Addr: 0x7FFFEFA4 Val: 0x004000A0
In clock cycle: 1104
Memory Write to Addr: 0x7FFFEFA0 Val: 0x10010000
In clock cycle: 1105
Memory Write to Addr: 0x7FFFEF9C Val: 0x00000005
In clock cycle: 1106
Memory Write to Addr: 0x7FFFEF98 Val: 0x00000005
In clock cycle: 1107
Memory Write to Addr: 0x7FFFEF94 Val: 0x00000004
In clock cycle: 1113
Register Write to Reg: 0x01 Val: 0x004000A0
In clock cycle: 1114
Register Write to Reg: 0x02 Val: 0x7FFFEFA8
In clock cycle: 1118
Register Write to Reg: 0x06 Val: 0x004000F4
In clock cycle: 1125
Register Write to Reg: 0x0A Val: 0x10010000
In clock cycle: 1126
Register Write to Reg: 0x0C Val: 0x00000004
In clock cycle: 1127
Register Write to Reg: 0x0D Val: 0x00000005
In clock cycle: 1128
Register Write to Reg: 0x0E Val: 0x00000004
In clock cycle: 1132
Register Write to Reg: 0x0B Val: 0x00000004
In clock cycle: 1133
Register Write to Reg: 0x01 Val: 0x004000D0
In clock cycle: 1137
Register Write to Reg: 0x02 Val: 0x7FFFEF78
In clock cycle: 1140
Memory Write to Addr: 0x7FFFEFA4 Val: 0x004000D0
In clock cycle: 1141
Memory Write to Addr: 0x7FFFEFA0 Val: 0x10010000
In clock cycle: 1142
Memory Write to Addr: 0x7FFFEF9C Val: 0x00000004
In clock cycle: 1143
Memory Write to Addr: 0x7FFFEF98 Val: 0x00000004
In clock cycle: 1144
Memory Write to Addr: 0x7FFFEF94 Val: 0x00000005
In clock cycle: 1146
Register Write to Reg: 0x0E Val: 0x10010000
In clock cycle: 1150
Register Write to Reg: 0x0E Val: 0x10010024
In clock cycle: 1151
Register Write to Reg: 0x0F Val: 0x00000004
In clock cycle: 1152
Register Write to Reg: 0x10 Val: 0x00000005
In clock cycle: 1153
Register Write to Reg: 0x11 Val: 0x00000004
In clock cycle: 1162
Register Write to Reg: 0x12 Val: 0x00000010
In clock cycle: 1166
Register Write to Reg: 0x13 Val: 0x10010010
In clock cycle: 1170
Register Write to Reg: 0x14 Val: 0x00000008
In clock cycle: 1171
Register Write to Reg: 0x15 Val: 0x00000014
In clock cycle: 1175
Register Write to Reg: 0x16 Val: 0x10010014
In clock cycle: 1179
Register Write to Reg: 0x17 Val: 0x00000002
In clock cycle: 1191
Register Write to Reg: 0x18 Val: 0x00000010
In clock cycle: 1195
Register Write to Reg: 0x19 Val: 0x10010034
In clock cycle: 1198
Memory Write to Addr: 0x10010034 Val: 0x00000002
In clock cycle: 1200
Register Write to Reg: 0x10 Val: 0x00000006
In clock cycle: 1201
Register Write to Reg: 0x11 Val: 0x00000005
In clock cycle: 1215
Register Write to Reg: 0x12 Val: 0x00000010
In clock cycle: 1219
Register Write to Reg: 0x13 Val: 0x10010010
In clock cycle: 1223
Register Write to Reg: 0x14 Val: 0x00000008
In clock cycle: 1224
Register Write to Reg: 0x18 Val: 0x00000014
In clock cycle: 1228
Register Write to Reg: 0x19 Val: 0x10010038
In clock cycle: 1231
Memory Write to Addr: 0x10010038 Val: 0x00000008
In clock cycle: 1233
Register Write to Reg: 0x0F Val: 0x00000005
In clock cycle: 1234
Register Write to Reg: 0x11 Val: 0x00000006
In clock cycle: 1243
Register Write to Reg: 0x11 Val: 0x00000004
In clock cycle: 1251
Register Write to Reg: 0x18 Val: 0x00000010
In clock cycle: 1255
Register Write to Reg: 0x19 Val: 0x10010034
In clock cycle: 1259
Register Write to Reg: 0x1A Val: 0x00000002
In clock cycle: 1260
Register Write to Reg: 0x1B Val: 0x10010010
In clock cycle: 1263
Memory Write to Addr: 0x10010010 Val: 0x00000002
In clock cycle: 1265
Register Write to Reg: 0x11 Val: 0x00000005
In clock cycle: 1274
Register Write to Reg: 0x18 Val: 0x00000014
In clock cycle: 1278
Register Write to Reg: 0x19 Val: 0x10010038
In clock cycle: 1282
Register Write to Reg: 0x1A Val: 0x00000008
In clock cycle: 1283
Register Write to Reg: 0x1B Val: 0x10010014
In clock cycle: 1286
Memory Write to Addr: 0x10010014 Val: 0x00000008
In clock cycle: 1288
Register Write to Reg: 0x11 Val: 0x00000006
In clock cycle: 1297
Register Write to Reg: 0x01 Val: 0x004000D0
In clock cycle: 1298
Register Write to Reg: 0x02 Val: 0x7FFFEFA8
In clock cycle: 1299
Register Write to Reg: 0x06 Val: 0x00400384
In clock cycle: 1306
Register Write to Reg: 0x01 Val: 0x00400070
In clock cycle: 1307
Register Write to Reg: 0x02 Val: 0x7FFFEFC4
In clock cycle: 1311
Register Write to Reg: 0x06 Val: 0x004000F4
In clock cycle: 1318
Register Write to Reg: 0x0A Val: 0x10010000
In clock cycle: 1319
Register Write to Reg: 0x0C Val: 0x00000004
In clock cycle: 1320
Register Write to Reg: 0x0D Val: 0x00000007
In clock cycle: 1321
Register Write to Reg: 0x0E Val: 0x00000005
In clock cycle: 1325
Register Write to Reg: 0x0C Val: 0x00000006
In clock cycle: 1326
Register Write to Reg: 0x01 Val: 0x004000A0
In clock cycle: 1330
Register Write to Reg: 0x02 Val: 0x7FFFEFA8
In clock cycle: 1333
Memory Write to Addr: 0x7FFFEFC0 Val: 0x004000A0
In clock cycle: 1334
Memory Write to Addr: 0x7FFFEFBC Val: 0x10010000
In clock cycle: 1335
Memory Write to Addr: 0x7FFFEFB8 Val: 0x00000006
In clock cycle: 1336
Memory Write to Addr: 0x7FFFEFB4 Val: 0x00000007
In clock cycle: 1337
Memory Write to Addr: 0x7FFFEFB0 Val: 0x00000005
In clock cycle: 1343
Register Write to Reg: 0x0E Val: 0x0000000D
In clock cycle: 1347
Register Write to Reg: 0x0E Val: 0x00000006
In clock cycle: 1350
Memory Write to Addr: 0x7FFFEFB0 Val: 0x00000006
In clock cycle: 1352
Register Write to Reg: 0x0D Val: 0x00000006
In clock cycle: 1353
Register Write to Reg: 0x01 Val: 0x00400070
In clock cycle: 1357
Register Write to Reg: 0x02 Val: 0x7FFFEF8C
In clock cycle: 1360
Memory Write to Addr: 0x7FFFEFA4 Val: 0x00400070
In clock cycle: 1361
Memory Write to Addr: 0x7FFFEFA0 Val: 0x10010000
In clock cycle: 1362
Memory Write to Addr: 0x7FFFEF9C Val: 0x00000006
In clock cycle: 1363
Memory Write to Addr: 0x7FFFEF98 Val: 0x00000006
In clock cycle: 1364
Memory Write to Addr: 0x7FFFEF94 Val: 0x00000006
In clock cycle: 1370
Register Write to Reg: 0x01 Val: 0x00400070
In clock cycle: 1371
Register Write to Reg: 0x02 Val: 0x7FFFEFA8
In clock cycle: 1375
Register Write to Reg: 0x06 Val: 0x004000F4
In clock cycle: 1382
Register Write to Reg: 0x0A Val: 0x10010000
In clock cycle: 1383
Register Write to Reg: 0x0C Val: 0x00000006
In clock cycle: 1384
Register Write to Reg: 0x0D Val: 0x00000007
In clock cycle: 1385
Register Write to Reg: 0x0E Val: 0x00000006
In clock cycle: 1389
Register Write to Reg: 0x0C Val: 0x00000007
In clock cycle: 1390
Register Write to Reg: 0x01 Val: 0x004000A0
In clock cycle: 1394
Register Write to Reg: 0x02 Val: 0x7FFFEF8C
In clock cycle: 1397
Memory Write to Addr: 0x7FFFEFA4 Val: 0x004000A0
In clock cycle: 1398
Memory Write to Addr: 0x7FFFEFA0 Val: 0x10010000
In clock cycle: 1399
Memory Write to Addr: 0x7FFFEF9C Val: 0x00000007
In clock cycle: 1400
Memory Write to Addr: 0x7FFFEF98 Val: 0x00000007
In clock cycle: 1401
Memory Write to Addr: 0x7FFFEF94 Val: 0x00000006
In clock cycle: 1407
Register Write to Reg: 0x01 Val: 0x004000A0
In clock cycle: 1408
Register Write to Reg: 0x02 Val: 0x7FFFEFA8
In clock cycle: 1412
Register Write to Reg: 0x06 Val: 0x004000F4
In clock cycle: 1419
Register Write to Reg: 0x0A Val: 0x10010000
In clock cycle: 1420
Register Write to Reg: 0x0C Val: 0x00000006
In clock cycle: 1421
Register Write to Reg: 0x0D Val: 0x00000007
In clock cycle: 1422
Register Write to Reg: 0x0E Val: 0x00000006
In clock cycle: 1426
Register Write to Reg: 0x0B Val: 0x00000006
In clock cycle: 1427
Register Write to Reg: 0x01 Val: 0x004000D0
In clock cycle: 1431
Register Write to Reg: 0x02 Val: 0x7FFFEF78
In clock cycle: 1434
Memory Write to Addr: 0x7FFFEFA4 Val: 0x004000D0
In clock cycle: 1435
Memory Write to Addr: 0x7FFFEFA0 Val: 0x10010000
In clock cycle: 1436
Memory Write to Addr: 0x7FFFEF9C Val: 0x00000006
In clock cycle: 1437
Memory Write to Addr: 0x7FFFEF98 Val: 0x00000006
In clock cycle: 1438
Memory Write to Addr: 0x7FFFEF94 Val: 0x00000007
In clock cycle: 1440
Register Write to Reg: 0x0E Val: 0x10010000
In clock cycle: 1444
Register Write to Reg: 0x0E Val: 0x10010024
In clock cycle: 1445
Register Write to Reg: 0x0F Val: 0x00000006
In clock cycle: 1446
Register Write to Reg: 0x10 Val: 0x00000007
In clock cycle: 1447
Register Write to Reg: 0x11 Val: 0x00000006
In clock cycle: 1456
Register Write to Reg: 0x12 Val: 0x00000018
In clock cycle: 1460
Register Write to Reg: 0x13 Val: 0x10010018
In clock cycle: 1464
Register Write to Reg: 0x14 Val: 0x00000006
In clock cycle: 1465
Register Write to Reg: 0x15 Val: 0x0000001C
In clock cycle: 1469
Register Write to Reg: 0x16 Val: 0x1001001C
In clock cycle: 1473
Register Write to Reg: 0x17 Val: 0x00000004
In clock cycle: 1485
Register Write to Reg: 0x18 Val: 0x00000018
In clock cycle: 1489
Register Write to Reg: 0x19 Val: 0x1001003C
In clock cycle: 1492
Memory Write to Addr: 0x1001003C Val: 0x00000004
In clock cycle: 1494
Register Write to Reg: 0x10 Val: 0x00000008
In clock cycle: 1495
Register Write to Reg: 0x11 Val: 0x00000007
In clock cycle: 1509
Register Write to Reg: 0x12 Val: 0x00000018
In clock cycle: 1513
Register Write to Reg: 0x13 Val: 0x10010018
In clock cycle: 1517
Register Write to Reg: 0x14 Val: 0x00000006
In clock cycle: 1518
Register Write to Reg: 0x18 Val: 0x0000001C
In clock cycle: 1522
Register Write to Reg: 0x19 Val: 0x10010040
In clock cycle: 1525
Memory Write to Addr: 0x10010040 Val: 0x00000006
In clock cycle: 1527
Register Write to Reg: 0x0F Val: 0x00000007
In clock cycle: 1528
Register Write to Reg: 0x11 Val: 0x00000008
In clock cycle: 1537
Register Write to Reg: 0x11 Val: 0x00000006
In clock cycle: 1545
Register Write to Reg: 0x18 Val: 0x00000018
In clock cycle: 1549
Register Write to Reg: 0x19 Val: 0x1001003C
In clock cycle: 1553
Register Write to Reg: 0x1A Val: 0x00000004
In clock cycle: 1554
Register Write to Reg: 0x1B Val: 0x10010018
In clock cycle: 1557
Memory Write to Addr: 0x10010018 Val: 0x00000004
In clock cycle: 1559
Register Write to Reg: 0x11 Val: 0x00000007
In clock cycle: 1568
Register Write to Reg: 0x18 Val: 0x0000001C
In clock cycle: 1572
Register Write to Reg: 0x19 Val: 0x10010040
In clock cycle: 1576
Register Write to Reg: 0x1A Val: 0x00000006
In clock cycle: 1577
Register Write to Reg: 0x1B Val: 0x1001001C
In clock cycle: 1580
Memory Write to Addr: 0x1001001C Val: 0x00000006
In clock cycle: 1582
Register Write to Reg: 0x11 Val: 0x00000008
In clock cycle: 1591
Register Write to Reg: 0x01 Val: 0x004000D0
In clock cycle: 1592
Register Write to Reg: 0x02 Val: 0x7FFFEFA8
In clock cycle: 1593
Register Write to Reg: 0x06 Val: 0x00400384
In clock cycle: 1600
Register Write to Reg: 0x01 Val: 0x004000A0
In clock cycle: 1601
Register Write to Reg: 0x02 Val: 0x7FFFEFC4
In clock cycle: 1605
Register Write to Reg: 0x06 Val: 0x004000F4
In clock cycle: 1612
Register Write to Reg: 0x0A Val: 0x10010000
In clock cycle: 1613
Register Write to Reg: 0x0C Val: 0x00000004
In clock cycle: 1614
Register Write to Reg: 0x0D Val: 0x00000007
In clock cycle: 1615
Register Write to Reg: 0x0E Val: 0x00000005
In clock cycle: 1619
Register Write to Reg: 0x0B Val: 0x00000005
In clock cycle: 1620
Register Write to Reg: 0x01 Val: 0x004000D0
In clock cycle: 1624
Register Write to Reg: 0x02 Val: 0x7FFFEF94
In clock cycle: 1627
Memory Write to Addr: 0x7FFFEFC0 Val: 0x004000D0
In clock cycle: 1628
Memory Write to Addr: 0x7FFFEFBC Val: 0x10010000
In clock cycle: 1629
Memory Write to Addr: 0x7FFFEFB8 Val: 0x00000005
In clock cycle: 1630
Memory Write to Addr: 0x7FFFEFB4 Val: 0x00000004
In clock cycle: 1631
Memory Write to Addr: 0x7FFFEFB0 Val: 0x00000007
In clock cycle: 1633
Register Write to Reg: 0x0E Val: 0x10010000
In clock cycle: 1637
Register Write to Reg: 0x0E Val: 0x10010024
In clock cycle: 1638
Register Write to Reg: 0x0F Val: 0x00000004
In clock cycle: 1639
Register Write to Reg: 0x10 Val: 0x00000006
In clock cycle: 1640
Register Write to Reg: 0x11 Val: 0x00000004
In clock cycle: 1649
Register Write to Reg: 0x12 Val: 0x00000010
In clock cycle: 1653
Register Write to Reg: 0x13 Val: 0x10010010
In clock cycle: 1657
Register Write to Reg: 0x14 Val: 0x00000002
In clock cycle: 1658
Register Write to Reg: 0x15 Val: 0x00000018
In clock cycle: 1662
Register Write to Reg: 0x16 Val: 0x10010018
In clock cycle: 1666
Register Write to Reg: 0x17 Val: 0x00000004
In clock cycle: 1674
Register Write to Reg: 0x18 Val: 0x00000010
In clock cycle: 1678
Register Write to Reg: 0x19 Val: 0x10010034
In clock cycle: 1681
Memory Write to Addr: 0x10010034 Val: 0x00000002
In clock cycle: 1683
Register Write to Reg: 0x0F Val: 0x00000005
In clock cycle: 1684
Register Write to Reg: 0x11 Val: 0x00000005
In clock cycle: 1697
Register Write to Reg: 0x12 Val: 0x00000014
In clock cycle: 1701
Register Write to Reg: 0x13 Val: 0x10010014
In clock cycle: 1705
Register Write to Reg: 0x14 Val: 0x00000008
In clock cycle: 1706
Register Write to Reg: 0x15 Val: 0x00000018
In clock cycle: 1710
Register Write to Reg: 0x16 Val: 0x10010018
In clock cycle: 1714
Register Write to Reg: 0x17 Val: 0x00000004
In clock cycle: 1726
Register Write to Reg: 0x18 Val: 0x00000014
In clock cycle: 1730
Register Write to Reg: 0x19 Val: 0x10010038
In clock cycle: 1733
Memory Write to Addr: 0x10010038 Val: 0x00000004
In clock cycle: 1735
Register Write to Reg: 0x10 Val: 0x00000007
In clock cycle: 1736
Register Write to Reg: 0x11 Val: 0x00000006
In clock cycle: 1746
Register Write to Reg: 0x12 Val: 0x00000014
In clock cycle: 1750
Register Write to Reg: 0x13 Val: 0x10010014
In clock cycle: 1754
Register Write to Reg: 0x14 Val: 0x00000008
In clock cycle: 1755
Register Write to Reg: 0x15 Val: 0x0000001C
In clock cycle: 1759
Register Write to Reg: 0x16 Val: 0x1001001C
In clock cycle: 1763
Register Write to Reg: 0x17 Val: 0x00000006
In clock cycle: 1775
Register Write to Reg: 0x18 Val: 0x00000018
In clock cycle: 1779
Register Write to Reg: 0x19 Val: 0x1001003C
In clock cycle: 1782
Memory Write to Addr: 0x1001003C Val: 0x00000006
In clock cycle: 1784
Register Write to Reg: 0x10 Val: 0x00000008
In clock cycle: 1785
Register Write to Reg: 0x11 Val: 0x00000007
In clock cycle: 1799
Register Write to Reg: 0x12 Val: 0x00000014
In clock cycle: 1803
Register Write to Reg: 0x13 Val: 0x10010014
In clock cycle: 1807
Register Write to Reg: 0x14 Val: 0x00000008
In clock cycle: 1808
Register Write to Reg: 0x18 Val: 0x0000001C
In clock cycle: 1812
Register Write to Reg: 0x19 Val: 0x10010040
In clock cycle: 1815
Memory Write to Addr: 0x10010040 Val: 0x00000008
In clock cycle: 1817
Register Write to Reg: 0x0F Val: 0x00000006
In clock cycle: 1818
Register Write to Reg: 0x11 Val: 0x00000008
In clock cycle: 1827
Register Write to Reg: 0x11 Val: 0x00000004
In clock cycle: 1835
Register Write to Reg: 0x18 Val: 0x00000010
In clock cycle: 1839
Register Write to Reg: 0x19 Val: 0x10010034
In clock cycle: 1843
Register Write to Reg: 0x1A Val: 0x00000002
In clock cycle: 1844
Register Write to Reg: 0x1B Val: 0x10010010
In clock cycle: 1847
Memory Write to Addr: 0x10010010 Val: 0x00000002
In clock cycle: 1849
Register Write to Reg: 0x11 Val: 0x00000005
In clock cycle: 1858
Register Write to Reg: 0x18 Val: 0x00000014
In clock cycle: 1862
Register Write to Reg: 0x19 Val: 0x10010038
In clock cycle: 1866
Register Write to Reg: 0x1A Val: 0x00000004
In clock cycle: 1867
Register Write to Reg: 0x1B Val: 0x10010014
In clock cycle: 1870
Memory Write to Addr: 0x10010014 Val: 0x00000004
In clock cycle: 1872
Register Write to Reg: 0x11 Val: 0x00000006
In clock cycle: 1881
Register Write to Reg: 0x18 Val: 0x00000018
In clock cycle: 1885
Register Write to Reg: 0x19 Val: 0x1001003C
In clock cycle: 1889
Register Write to Reg: 0x1A Val: 0x00000006
In clock cycle: 1890
Register Write to Reg: 0x1B Val: 0x10010018
In clock cycle: 1893
Memory Write to Addr: 0x10010018 Val: 0x00000006
In clock cycle: 1895
Register Write to Reg: 0x11 Val: 0x00000007
In clock cycle: 1904
Register Write to Reg: 0x18 Val: 0x0000001C
In clock cycle: 1908
Register Write to Reg: 0x19 Val: 0x10010040
In clock cycle: 1912
Register Write to Reg: 0x1A Val: 0x00000008
In clock cycle: 1913
Register Write to Reg: 0x1B Val: 0x1001001C
In clock cycle: 1916
Memory Write to Addr: 0x1001001C Val: 0x00000008
In clock cycle: 1918
Register Write to Reg: 0x11 Val: 0x00000008
In clock cycle: 1927
Register Write to Reg: 0x01 Val: 0x004000D0
In clock cycle: 1928
Register Write to Reg: 0x02 Val: 0x7FFFEFC4
In clock cycle: 1929
Register Write to Reg: 0x06 Val: 0x00400384
In clock cycle: 1936
Register Write to Reg: 0x01 Val: 0x004000A0
In clock cycle: 1937
Register Write to Reg: 0x02 Val: 0x7FFFEFE0
In clock cycle: 1941
Register Write to Reg: 0x06 Val: 0x004000F4
In clock cycle: 1948
Register Write to Reg: 0x0A Val: 0x10010000
In clock cycle: 1949
Register Write to Reg: 0x0C Val: 0x00000000
In clock cycle: 1950
Register Write to Reg: 0x0D Val: 0x00000007
In clock cycle: 1951
Register Write to Reg: 0x0E Val: 0x00000003
In clock cycle: 1955
Register Write to Reg: 0x0B Val: 0x00000003
In clock cycle: 1956
Register Write to Reg: 0x01 Val: 0x004000D0
In clock cycle: 1960
Register Write to Reg: 0x02 Val: 0x7FFFEFB0
In clock cycle: 1963
Memory Write to Addr: 0x7FFFEFDC Val: 0x004000D0
In clock cycle: 1964
Memory Write to Addr: 0x7FFFEFD8 Val: 0x10010000
In clock cycle: 1965
Memory Write to Addr: 0x7FFFEFD4 Val: 0x00000003
In clock cycle: 1966
Memory Write to Addr: 0x7FFFEFD0 Val: 0x00000000
In clock cycle: 1967
Memory Write to Addr: 0x7FFFEFCC Val: 0x00000007
In clock cycle: 1969
Register Write to Reg: 0x0E Val: 0x10010000
In clock cycle: 1973
Register Write to Reg: 0x0E Val: 0x10010024
In clock cycle: 1974
Register Write to Reg: 0x0F Val: 0x00000000
In clock cycle: 1975
Register Write to Reg: 0x10 Val: 0x00000004
In clock cycle: 1976
Register Write to Reg: 0x11 Val: 0x00000000
In clock cycle: 1985
Register Write to Reg: 0x12 Val: 0x00000000
In clock cycle: 1989
Register Write to Reg: 0x13 Val: 0x10010000
In clock cycle: 1993
Register Write to Reg: 0x14 Val: 0x00000001
In clock cycle: 1994
Register Write to Reg: 0x15 Val: 0x00000010
In clock cycle: 1998
Register Write to Reg: 0x16 Val: 0x10010010
In clock cycle: 2002
Register Write to Reg: 0x17 Val: 0x00000002
In clock cycle: 2010
Register Write to Reg: 0x18 Val: 0x00000000
In clock cycle: 2014
Register Write to Reg: 0x19 Val: 0x10010024
In clock cycle: 2017
Memory Write to Addr: 0x10010024 Val: 0x00000001
In clock cycle: 2019
Register Write to Reg: 0x0F Val: 0x00000001
In clock cycle: 2020
Register Write to Reg: 0x11 Val: 0x00000001
In clock cycle: 2033
Register Write to Reg: 0x12 Val: 0x00000004
In clock cycle: 2037
Register Write to Reg: 0x13 Val: 0x10010004
In clock cycle: 2041
Register Write to Reg: 0x14 Val: 0x00000003
In clock cycle: 2042
Register Write to Reg: 0x15 Val: 0x00000010
In clock cycle: 2046
Register Write to Reg: 0x16 Val: 0x10010010
In clock cycle: 2050
Register Write to Reg: 0x17 Val: 0x00000002
In clock cycle: 2062
Register Write to Reg: 0x18 Val: 0x00000004
In clock cycle: 2066
Register Write to Reg: 0x19 Val: 0x10010028
In clock cycle: 2069
Memory Write to Addr: 0x10010028 Val: 0x00000002
In clock cycle: 2071
Register Write to Reg: 0x10 Val: 0x00000005
In clock cycle: 2072
Register Write to Reg: 0x11 Val: 0x00000002
In clock cycle: 2082
Register Write to Reg: 0x12 Val: 0x00000004
In clock cycle: 2086
Register Write to Reg: 0x13 Val: 0x10010004
In clock cycle: 2090
Register Write to Reg: 0x14 Val: 0x00000003
In clock cycle: 2091
Register Write to Reg: 0x15 Val: 0x00000014
In clock cycle: 2095
Register Write to Reg: 0x16 Val: 0x10010014
In clock cycle: 2099
Register Write to Reg: 0x17 Val: 0x00000004
In clock cycle: 2107
Register Write to Reg: 0x18 Val: 0x00000008
In clock cycle: 2111
Register Write to Reg: 0x19 Val: 0x1001002C
In clock cycle: 2114
Memory Write to Addr: 0x1001002C Val: 0x00000003
In clock cycle: 2116
Register Write to Reg: 0x0F Val: 0x00000002
In clock cycle: 2117
Register Write to Reg: 0x11 Val: 0x00000003
In clock cycle: 2130
Register Write to Reg: 0x12 Val: 0x00000008
In clock cycle: 2134
Register Write to Reg: 0x13 Val: 0x10010008
In clock cycle: 2138
Register Write to Reg: 0x14 Val: 0x00000007
In clock cycle: 2139
Register Write to Reg: 0x15 Val: 0x00000014
In clock cycle: 2143
Register Write to Reg: 0x16 Val: 0x10010014
In clock cycle: 2147
Register Write to Reg: 0x17 Val: 0x00000004
In clock cycle: 2159
Register Write to Reg: 0x18 Val: 0x0000000C
In clock cycle: 2163
Register Write to Reg: 0x19 Val: 0x10010030
In clock cycle: 2166
Memory Write to Addr: 0x10010030 Val: 0x00000004
In clock cycle: 2168
Register Write to Reg: 0x10 Val: 0x00000006
In clock cycle: 2169
Register Write to Reg: 0x11 Val: 0x00000004
In clock cycle: 2179
Register Write to Reg: 0x12 Val: 0x00000008
In clock cycle: 2183
Register Write to Reg: 0x13 Val: 0x10010008
In clock cycle: 2187
Register Write to Reg: 0x14 Val: 0x00000007
In clock cycle: 2188
Register Write to Reg: 0x15 Val: 0x00000018
In clock cycle: 2192
Register Write to Reg: 0x16 Val: 0x10010018
In clock cycle: 2196
Register Write to Reg: 0x17 Val: 0x00000006
In clock cycle: 2208
Register Write to Reg: 0x18 Val: 0x00000010
In clock cycle: 2212
Register Write to Reg: 0x19 Val: 0x10010034
In clock cycle: 2215
Memory Write to Addr: 0x10010034 Val: 0x00000006
In clock cycle: 2217
Register Write to Reg: 0x10 Val: 0x00000007
In clock cycle: 2218
Register Write to Reg: 0x11 Val: 0x00000005
In clock cycle: 2228
Register Write to Reg: 0x12 Val: 0x00000008
In clock cycle: 2232
Register Write to Reg: 0x13 Val: 0x10010008
In clock cycle: 2236
Register Write to Reg: 0x14 Val: 0x00000007
In clock cycle: 2237
Register Write to Reg: 0x15 Val: 0x0000001C
In clock cycle: 2241
Register Write to Reg: 0x16 Val: 0x1001001C
In clock cycle: 2245
Register Write to Reg: 0x17 Val: 0x00000008
In clock cycle: 2253
Register Write to Reg: 0x18 Val: 0x00000014
In clock cycle: 2257
Register Write to Reg: 0x19 Val: 0x10010038
In clock cycle: 2260
Memory Write to Addr: 0x10010038 Val: 0x00000007
In clock cycle: 2262
Register Write to Reg: 0x0F Val: 0x00000003
In clock cycle: 2263
Register Write to Reg: 0x11 Val: 0x00000006
In clock cycle: 2276
Register Write to Reg: 0x12 Val: 0x0000000C
In clock cycle: 2280
Register Write to Reg: 0x13 Val: 0x1001000C
In clock cycle: 2284
Register Write to Reg: 0x14 Val: 0x00000009
In clock cycle: 2285
Register Write to Reg: 0x15 Val: 0x0000001C
In clock cycle: 2289
Register Write to Reg: 0x16 Val: 0x1001001C
In clock cycle: 2293
Register Write to Reg: 0x17 Val: 0x00000008
In clock cycle: 2305
Register Write to Reg: 0x18 Val: 0x00000018
In clock cycle: 2309
Register Write to Reg: 0x19 Val: 0x1001003C
In clock cycle: 2312
Memory Write to Addr: 0x1001003C Val: 0x00000008
In clock cycle: 2314
Register Write to Reg: 0x10 Val: 0x00000008
In clock cycle: 2315
Register Write to Reg: 0x11 Val: 0x00000007
In clock cycle: 2329
Register Write to Reg: 0x12 Val: 0x0000000C
In clock cycle: 2333
Register Write to Reg: 0x13 Val: 0x1001000C
In clock cycle: 2337
Register Write to Reg: 0x14 Val: 0x00000009
In clock cycle: 2338
Register Write to Reg: 0x18 Val: 0x0000001C
In clock cycle: 2342
Register Write to Reg: 0x19 Val: 0x10010040
In clock cycle: 2345
Memory Write to Addr: 0x10010040 Val: 0x00000009
In clock cycle: 2347
Register Write to Reg: 0x0F Val: 0x00000004
In clock cycle: 2348
Register Write to Reg: 0x11 Val: 0x00000008
In clock cycle: 2357
Register Write to Reg: 0x11 Val: 0x00000000
In clock cycle: 2365
Register Write to Reg: 0x18 Val: 0x00000000
In clock cycle: 2369
Register Write to Reg: 0x19 Val: 0x10010024
In clock cycle: 2373
Register Write to Reg: 0x1A Val: 0x00000001
In clock cycle: 2374
Register Write to Reg: 0x1B Val: 0x10010000
In clock cycle: 2377
Memory Write to Addr: 0x10010000 Val: 0x00000001
In clock cycle: 2379
Register Write to Reg: 0x11 Val: 0x00000001
In clock cycle: 2388
Register Write to Reg: 0x18 Val: 0x00000004
In clock cycle: 2392
Register Write to Reg: 0x19 Val: 0x10010028
In clock cycle: 2396
Register Write to Reg: 0x1A Val: 0x00000002
In clock cycle: 2397
Register Write to Reg: 0x1B Val: 0x10010004
In clock cycle: 2400
Memory Write to Addr: 0x10010004 Val: 0x00000002
In clock cycle: 2402
Register Write to Reg: 0x11 Val: 0x00000002
In clock cycle: 2411
Register Write to Reg: 0x18 Val: 0x00000008
In clock cycle: 2415
Register Write to Reg: 0x19 Val: 0x1001002C
In clock cycle: 2419
Register Write to Reg: 0x1A Val: 0x00000003
In clock cycle: 2420
Register Write to Reg: 0x1B Val: 0x10010008
In clock cycle: 2423
Memory Write to Addr: 0x10010008 Val: 0x00000003
In clock cycle: 2425
Register Write to Reg: 0x11 Val: 0x00000003
In clock cycle: 2434
Register Write to Reg: 0x18 Val: 0x0000000C
In clock cycle: 2438
Register Write to Reg: 0x19 Val: 0x10010030
In clock cycle: 2442
Register Write to Reg: 0x1A Val: 0x00000004
In clock cycle: 2443
Register Write to Reg: 0x1B Val: 0x1001000C
In clock cycle: 2446
Memory Write to Addr: 0x1001000C Val: 0x00000004
In clock cycle: 2448
Register Write to Reg: 0x11 Val: 0x00000004
In clock cycle: 2457
Register Write to Reg: 0x18 Val: 0x00000010
In clock cycle: 2461
Register Write to Reg: 0x19 Val: 0x10010034
In clock cycle: 2465
Register Write to Reg: 0x1A Val: 0x00000006
In clock cycle: 2466
Register Write to Reg: 0x1B Val: 0x10010010
In clock cycle: 2469
Memory Write to Addr: 0x10010010 Val: 0x00000006
In clock cycle: 2471
Register Write to Reg: 0x11 Val: 0x00000005
In clock cycle: 2480
Register Write to Reg: 0x18 Val: 0x00000014
In clock cycle: 2484
Register Write to Reg: 0x19 Val: 0x10010038
In clock cycle: 2488
Register Write to Reg: 0x1A Val: 0x00000007
In clock cycle: 2489
Register Write to Reg: 0x1B Val: 0x10010014
In clock cycle: 2492
Memory Write to Addr: 0x10010014 Val: 0x00000007
In clock cycle: 2494
Register Write to Reg: 0x11 Val: 0x00000006
In clock cycle: 2503
Register Write to Reg: 0x18 Val: 0x00000018
In clock cycle: 2507
Register Write to Reg: 0x19 Val: 0x1001003C
In clock cycle: 2511
Register Write to Reg: 0x1A Val: 0x00000008
In clock cycle: 2512
Register Write to Reg: 0x1B Val: 0x10010018
In clock cycle: 2515
Memory Write to Addr: 0x10010018 Val: 0x00000008
In clock cycle: 2517
Register Write to Reg: 0x11 Val: 0x00000007
In clock cycle: 2526
Register Write to Reg: 0x18 Val: 0x0000001C
In clock cycle: 2530
Register Write to Reg: 0x19 Val: 0x10010040
In clock cycle: 2534
Register Write to Reg: 0x1A Val: 0x00000009
In clock cycle: 2535
Register Write to Reg: 0x1B Val: 0x1001001C
In clock cycle: 2538
Memory Write to Addr: 0x1001001C Val: 0x00000009
In clock cycle: 2540
Register Write to Reg: 0x11 Val: 0x00000008
In clock cycle: 2549
Register Write to Reg: 0x01 Val: 0x004000D0
In clock cycle: 2550
Register Write to Reg: 0x02 Val: 0x7FFFEFE0
In clock cycle: 2551
Register Write to Reg: 0x06 Val: 0x00400384
In clock cycle: 2558
Register Write to Reg: 0x01 Val: 0x004003E0
In clock cycle: 2559
Register Write to Reg: 0x02 Val: 0x7FFFEFFC
In clock cycle: 2563
Register Write to Reg: 0x06 Val: 0x004000F4
Execution is stopping! Clock Cycle: 2570
