[inst #1] ori x8,x0,291
Register Write to Reg: 0x08 Val: 0x00000123
[inst #2] addi x0,x0,0
Register Write to Reg: 0x00 Val: 0x00000000
[inst #3] addi x0,x0,0
Register Write to Reg: 0x00 Val: 0x00000000
[inst #4] jal x0,20
Register Write to Reg: 0x00 Val: 0x00400010
[inst #5] ori x9,x0,291
Register Write to Reg: 0x09 Val: 0x00000123
[inst #6] addi x0,x0,0
Register Write to Reg: 0x00 Val: 0x00000000
[inst #7] addi x0,x0,0
Register Write to Reg: 0x00 Val: 0x00000000
[inst #8] addi x0,x0,0
Register Write to Reg: 0x00 Val: 0x00000000
[inst #9] beq x8,x9,20
[inst #10] addi x0,x0,0
Register Write to Reg: 0x00 Val: 0x00000000
[inst #11] addi x0,x0,0
Register Write to Reg: 0x00 Val: 0x00000000
[inst #12] jal x1,72
Register Write to Reg: 0x01 Val: 0x00400050
[inst #13] ori x18,x0,291
Register Write to Reg: 0x12 Val: 0x00000123
[inst #14] addi x0,x0,0
Register Write to Reg: 0x00 Val: 0x00000000
[inst #15] addi x0,x0,0
Register Write to Reg: 0x00 Val: 0x00000000
[inst #16] jalr x0,x1,0
Register Write to Reg: 0x00 Val: 0x004000A4
[inst #17] addi x0,x0,0
Register Write to Reg: 0x00 Val: 0x00000000
[inst #18] addi x0,x0,0
Register Write to Reg: 0x00 Val: 0x00000000
[inst #19] addi x0,x0,0
Register Write to Reg: 0x00 Val: 0x00000000
[inst #20] ori x19,x0,291
Register Write to Reg: 0x13 Val: 0x00000123
[inst #21] addi x0,x0,0
Register Write to Reg: 0x00 Val: 0x00000000
[inst #22] addi x0,x0,0
Register Write to Reg: 0x00 Val: 0x00000000
[inst #23] beq x8,x0,72
[inst #24] addi x0,x0,0
Register Write to Reg: 0x00 Val: 0x00000000
[inst #25] addi x0,x0,0
Register Write to Reg: 0x00 Val: 0x00000000
[inst #26] addi x0,x0,0
Register Write to Reg: 0x00 Val: 0x00000000
[inst #27] ori x20,x0,291
Register Write to Reg: 0x14 Val: 0x00000123
[inst #28] addi x0,x0,0
Register Write to Reg: 0x00 Val: 0x00000000
[inst #29] addi x0,x0,0
Register Write to Reg: 0x00 Val: 0x00000000
[inst #30] jal x0,44
Register Write to Reg: 0x00 Val: 0x00400088
[inst #31] wfi 

Program terminated by dropping off the bottom.
