In clock cycle: 4
Register Write to Reg: 0x08 Val: 0x10010000
In clock cycle: 5
Register Write to Reg: 0x08 Val: 0x10010000
In clock cycle: 6
Register Write to Reg: 0x15 Val: 0x10010008
In clock cycle: 7
Register Write to Reg: 0x15 Val: 0x1001004C
In clock cycle: 8
Register Write to Reg: 0x15 Val: 0x00000013
In clock cycle: 9
Register Write to Reg: 0x12 Val: 0x00000001
In clock cycle: 9
Memory Write to Addr: 0x10010000 Val: 0x00000001
In clock cycle: 10
Memory Write to Addr: 0x10010004 Val: 0x00000001
In clock cycle: 12
Register Write to Reg: 0x09 Val: 0x00000011
In clock cycle: 13
Register Write to Reg: 0x13 Val: 0x00000001
In clock cycle: 14
Register Write to Reg: 0x14 Val: 0x00000001
In clock cycle: 16
Register Write to Reg: 0x12 Val: 0x00000002
In clock cycle: 16
Memory Write to Addr: 0x10010008 Val: 0x00000002
In clock cycle: 18
Register Write to Reg: 0x08 Val: 0x10010004
In clock cycle: 19
Register Write to Reg: 0x09 Val: 0x00000010
In clock cycle: 24
Register Write to Reg: 0x13 Val: 0x00000001
In clock cycle: 25
Register Write to Reg: 0x14 Val: 0x00000002
In clock cycle: 27
Register Write to Reg: 0x12 Val: 0x00000003
In clock cycle: 27
Memory Write to Addr: 0x1001000C Val: 0x00000003
In clock cycle: 29
Register Write to Reg: 0x08 Val: 0x10010008
In clock cycle: 30
Register Write to Reg: 0x09 Val: 0x0000000F
In clock cycle: 35
Register Write to Reg: 0x13 Val: 0x00000002
In clock cycle: 36
Register Write to Reg: 0x14 Val: 0x00000003
In clock cycle: 38
Register Write to Reg: 0x12 Val: 0x00000005
In clock cycle: 38
Memory Write to Addr: 0x10010010 Val: 0x00000005
In clock cycle: 40
Register Write to Reg: 0x08 Val: 0x1001000C
In clock cycle: 41
Register Write to Reg: 0x09 Val: 0x0000000E
In clock cycle: 46
Register Write to Reg: 0x13 Val: 0x00000003
In clock cycle: 47
Register Write to Reg: 0x14 Val: 0x00000005
In clock cycle: 49
Register Write to Reg: 0x12 Val: 0x00000008
In clock cycle: 49
Memory Write to Addr: 0x10010014 Val: 0x00000008
In clock cycle: 51
Register Write to Reg: 0x08 Val: 0x10010010
In clock cycle: 52
Register Write to Reg: 0x09 Val: 0x0000000D
In clock cycle: 57
Register Write to Reg: 0x13 Val: 0x00000005
In clock cycle: 58
Register Write to Reg: 0x14 Val: 0x00000008
In clock cycle: 60
Register Write to Reg: 0x12 Val: 0x0000000D
In clock cycle: 60
Memory Write to Addr: 0x10010018 Val: 0x0000000D
In clock cycle: 62
Register Write to Reg: 0x08 Val: 0x10010014
In clock cycle: 63
Register Write to Reg: 0x09 Val: 0x0000000C
In clock cycle: 68
Register Write to Reg: 0x13 Val: 0x00000008
In clock cycle: 69
Register Write to Reg: 0x14 Val: 0x0000000D
In clock cycle: 71
Register Write to Reg: 0x12 Val: 0x00000015
In clock cycle: 71
Memory Write to Addr: 0x1001001C Val: 0x00000015
In clock cycle: 73
Register Write to Reg: 0x08 Val: 0x10010018
In clock cycle: 74
Register Write to Reg: 0x09 Val: 0x0000000B
In clock cycle: 79
Register Write to Reg: 0x13 Val: 0x0000000D
In clock cycle: 80
Register Write to Reg: 0x14 Val: 0x00000015
In clock cycle: 82
Register Write to Reg: 0x12 Val: 0x00000022
In clock cycle: 82
Memory Write to Addr: 0x10010020 Val: 0x00000022
In clock cycle: 84
Register Write to Reg: 0x08 Val: 0x1001001C
In clock cycle: 85
Register Write to Reg: 0x09 Val: 0x0000000A
In clock cycle: 90
Register Write to Reg: 0x13 Val: 0x00000015
In clock cycle: 91
Register Write to Reg: 0x14 Val: 0x00000022
In clock cycle: 93
Register Write to Reg: 0x12 Val: 0x00000037
In clock cycle: 93
Memory Write to Addr: 0x10010024 Val: 0x00000037
In clock cycle: 95
Register Write to Reg: 0x08 Val: 0x10010020
In clock cycle: 96
Register Write to Reg: 0x09 Val: 0x00000009
In clock cycle: 101
Register Write to Reg: 0x13 Val: 0x00000022
In clock cycle: 102
Register Write to Reg: 0x14 Val: 0x00000037
In clock cycle: 104
Register Write to Reg: 0x12 Val: 0x00000059
In clock cycle: 104
Memory Write to Addr: 0x10010028 Val: 0x00000059
In clock cycle: 106
Register Write to Reg: 0x08 Val: 0x10010024
In clock cycle: 107
Register Write to Reg: 0x09 Val: 0x00000008
In clock cycle: 112
Register Write to Reg: 0x13 Val: 0x00000037
In clock cycle: 113
Register Write to Reg: 0x14 Val: 0x00000059
In clock cycle: 115
Register Write to Reg: 0x12 Val: 0x00000090
In clock cycle: 115
Memory Write to Addr: 0x1001002C Val: 0x00000090
In clock cycle: 117
Register Write to Reg: 0x08 Val: 0x10010028
In clock cycle: 118
Register Write to Reg: 0x09 Val: 0x00000007
In clock cycle: 123
Register Write to Reg: 0x13 Val: 0x00000059
In clock cycle: 124
Register Write to Reg: 0x14 Val: 0x00000090
In clock cycle: 126
Register Write to Reg: 0x12 Val: 0x000000E9
In clock cycle: 126
Memory Write to Addr: 0x10010030 Val: 0x000000E9
In clock cycle: 128
Register Write to Reg: 0x08 Val: 0x1001002C
In clock cycle: 129
Register Write to Reg: 0x09 Val: 0x00000006
In clock cycle: 134
Register Write to Reg: 0x13 Val: 0x00000090
In clock cycle: 135
Register Write to Reg: 0x14 Val: 0x000000E9
In clock cycle: 137
Register Write to Reg: 0x12 Val: 0x00000179
In clock cycle: 137
Memory Write to Addr: 0x10010034 Val: 0x00000179
In clock cycle: 139
Register Write to Reg: 0x08 Val: 0x10010030
In clock cycle: 140
Register Write to Reg: 0x09 Val: 0x00000005
In clock cycle: 145
Register Write to Reg: 0x13 Val: 0x000000E9
In clock cycle: 146
Register Write to Reg: 0x14 Val: 0x00000179
In clock cycle: 148
Register Write to Reg: 0x12 Val: 0x00000262
In clock cycle: 148
Memory Write to Addr: 0x10010038 Val: 0x00000262
In clock cycle: 150
Register Write to Reg: 0x08 Val: 0x10010034
In clock cycle: 151
Register Write to Reg: 0x09 Val: 0x00000004
In clock cycle: 156
Register Write to Reg: 0x13 Val: 0x00000179
In clock cycle: 157
Register Write to Reg: 0x14 Val: 0x00000262
In clock cycle: 159
Register Write to Reg: 0x12 Val: 0x000003DB
In clock cycle: 159
Memory Write to Addr: 0x1001003C Val: 0x000003DB
In clock cycle: 161
Register Write to Reg: 0x08 Val: 0x10010038
In clock cycle: 162
Register Write to Reg: 0x09 Val: 0x00000003
In clock cycle: 167
Register Write to Reg: 0x13 Val: 0x00000262
In clock cycle: 168
Register Write to Reg: 0x14 Val: 0x000003DB
In clock cycle: 170
Register Write to Reg: 0x12 Val: 0x0000063D
In clock cycle: 170
Memory Write to Addr: 0x10010040 Val: 0x0000063D
In clock cycle: 172
Register Write to Reg: 0x08 Val: 0x1001003C
In clock cycle: 173
Register Write to Reg: 0x09 Val: 0x00000002
In clock cycle: 178
Register Write to Reg: 0x13 Val: 0x000003DB
In clock cycle: 179
Register Write to Reg: 0x14 Val: 0x0000063D
In clock cycle: 181
Register Write to Reg: 0x12 Val: 0x00000A18
In clock cycle: 181
Memory Write to Addr: 0x10010044 Val: 0x00000A18
In clock cycle: 183
Register Write to Reg: 0x08 Val: 0x10010040
In clock cycle: 184
Register Write to Reg: 0x09 Val: 0x00000001
In clock cycle: 189
Register Write to Reg: 0x13 Val: 0x0000063D
In clock cycle: 190
Register Write to Reg: 0x14 Val: 0x00000A18
In clock cycle: 192
Register Write to Reg: 0x12 Val: 0x00001055
In clock cycle: 192
Memory Write to Addr: 0x10010048 Val: 0x00001055
In clock cycle: 194
Register Write to Reg: 0x08 Val: 0x10010044
In clock cycle: 195
Register Write to Reg: 0x09 Val: 0x00000000
In clock cycle: 197
Register Write to Reg: 0x0A Val: 0x10010040
In clock cycle: 198
Register Write to Reg: 0x0A Val: 0x10010000
In clock cycle: 199
Register Write to Reg: 0x0B Val: 0x00000013
In clock cycle: 200
Register Write to Reg: 0x01 Val: 0x00400050
In clock cycle: 204
Register Write to Reg: 0x05 Val: 0x10010000
In clock cycle: 205
Register Write to Reg: 0x06 Val: 0x00000013
In clock cycle: 206
Register Write to Reg: 0x0A Val: 0x1001005C
In clock cycle: 207
Register Write to Reg: 0x0A Val: 0x10010052
In clock cycle: 208
Register Write to Reg: 0x11 Val: 0x00000004
In clock cycle: 210
Register Write to Reg: 0x0A Val: 0x00000001
In clock cycle: 211
Register Write to Reg: 0x11 Val: 0x00000001
In clock cycle: 213
Register Write to Reg: 0x0A Val: 0x10010078
In clock cycle: 214
Register Write to Reg: 0x0A Val: 0x10010050
In clock cycle: 215
Register Write to Reg: 0x11 Val: 0x00000004
In clock cycle: 217
Register Write to Reg: 0x05 Val: 0x10010004
In clock cycle: 218
Register Write to Reg: 0x06 Val: 0x00000012
Execution is stopping! Clock Cycle: 221
