In clock cycle: 4
Register Write to Reg: 0x00 Val: 0x00400004
In clock cycle: 8
Register Write to Reg: 0x0A Val: 0x10010174
In clock cycle: 9
Register Write to Reg: 0x0A Val: 0x10010000
In clock cycle: 10
Register Write to Reg: 0x0B Val: 0x1001017C
In clock cycle: 11
Register Write to Reg: 0x0B Val: 0x00000008
In clock cycle: 12
Register Write to Reg: 0x0C Val: 0x00000000
In clock cycle: 13
Register Write to Reg: 0x0D Val: 0x00000007
In clock cycle: 14
Register Write to Reg: 0x01 Val: 0x00400190
In clock cycle: 18
Register Write to Reg: 0x02 Val: 0x7FFFEFE0
In clock cycle: 18
Memory Write to Addr: 0x7FFFEFF8 Val: 0x00400190
In clock cycle: 19
Memory Write to Addr: 0x7FFFEFF4 Val: 0x10010000
In clock cycle: 20
Memory Write to Addr: 0x7FFFEFF0 Val: 0x00000000
In clock cycle: 21
Memory Write to Addr: 0x7FFFEFEC Val: 0x00000007
In clock cycle: 22
Memory Write to Addr: 0x7FFFEFE8 Val: 0x00000000
In clock cycle: 25
Register Write to Reg: 0x0E Val: 0x00000007
In clock cycle: 26
Register Write to Reg: 0x0E Val: 0x00000003
In clock cycle: 26
Memory Write to Addr: 0x7FFFEFE8 Val: 0x00000003
In clock cycle: 28
Register Write to Reg: 0x0D Val: 0x00000003
In clock cycle: 29
Register Write to Reg: 0x01 Val: 0x00400034
In clock cycle: 33
Register Write to Reg: 0x02 Val: 0x7FFFEFC4
In clock cycle: 33
Memory Write to Addr: 0x7FFFEFDC Val: 0x00400034
In clock cycle: 34
Memory Write to Addr: 0x7FFFEFD8 Val: 0x10010000
In clock cycle: 35
Memory Write to Addr: 0x7FFFEFD4 Val: 0x00000000
In clock cycle: 36
Memory Write to Addr: 0x7FFFEFD0 Val: 0x00000003
In clock cycle: 37
Memory Write to Addr: 0x7FFFEFCC Val: 0x00000003
In clock cycle: 40
Register Write to Reg: 0x0E Val: 0x00000003
In clock cycle: 41
Register Write to Reg: 0x0E Val: 0x00000001
In clock cycle: 41
Memory Write to Addr: 0x7FFFEFCC Val: 0x00000001
In clock cycle: 43
Register Write to Reg: 0x0D Val: 0x00000001
In clock cycle: 44
Register Write to Reg: 0x01 Val: 0x00400034
In clock cycle: 48
Register Write to Reg: 0x02 Val: 0x7FFFEFA8
In clock cycle: 48
Memory Write to Addr: 0x7FFFEFC0 Val: 0x00400034
In clock cycle: 49
Memory Write to Addr: 0x7FFFEFBC Val: 0x10010000
In clock cycle: 50
Memory Write to Addr: 0x7FFFEFB8 Val: 0x00000000
In clock cycle: 51
Memory Write to Addr: 0x7FFFEFB4 Val: 0x00000001
In clock cycle: 52
Memory Write to Addr: 0x7FFFEFB0 Val: 0x00000001
In clock cycle: 55
Register Write to Reg: 0x0E Val: 0x00000001
In clock cycle: 56
Register Write to Reg: 0x0E Val: 0x00000000
In clock cycle: 56
Memory Write to Addr: 0x7FFFEFB0 Val: 0x00000000
In clock cycle: 58
Register Write to Reg: 0x0D Val: 0x00000000
In clock cycle: 59
Register Write to Reg: 0x01 Val: 0x00400034
In clock cycle: 63
Register Write to Reg: 0x02 Val: 0x7FFFEF8C
In clock cycle: 63
Memory Write to Addr: 0x7FFFEFA4 Val: 0x00400034
In clock cycle: 64
Memory Write to Addr: 0x7FFFEFA0 Val: 0x10010000
In clock cycle: 65
Memory Write to Addr: 0x7FFFEF9C Val: 0x00000000
In clock cycle: 66
Memory Write to Addr: 0x7FFFEF98 Val: 0x00000000
In clock cycle: 67
Memory Write to Addr: 0x7FFFEF94 Val: 0x00000000
In clock cycle: 73
Register Write to Reg: 0x01 Val: 0x00400034
In clock cycle: 74
Register Write to Reg: 0x02 Val: 0x7FFFEFA8
In clock cycle: 75
Register Write to Reg: 0x06 Val: 0x00400070
In clock cycle: 79
Register Write to Reg: 0x0A Val: 0x10010000
In clock cycle: 80
Register Write to Reg: 0x0C Val: 0x00000000
In clock cycle: 82
Register Write to Reg: 0x0D Val: 0x00000001
In clock cycle: 83
Register Write to Reg: 0x0E Val: 0x00000000
In clock cycle: 85
Register Write to Reg: 0x0C Val: 0x00000001
In clock cycle: 86
Register Write to Reg: 0x01 Val: 0x0040004C
In clock cycle: 90
Register Write to Reg: 0x02 Val: 0x7FFFEF8C
In clock cycle: 90
Memory Write to Addr: 0x7FFFEFA4 Val: 0x0040004C
In clock cycle: 91
Memory Write to Addr: 0x7FFFEFA0 Val: 0x10010000
In clock cycle: 92
Memory Write to Addr: 0x7FFFEF9C Val: 0x00000001
In clock cycle: 93
Memory Write to Addr: 0x7FFFEF98 Val: 0x00000001
In clock cycle: 94
Memory Write to Addr: 0x7FFFEF94 Val: 0x00000000
In clock cycle: 100
Register Write to Reg: 0x01 Val: 0x0040004C
In clock cycle: 101
Register Write to Reg: 0x02 Val: 0x7FFFEFA8
In clock cycle: 102
Register Write to Reg: 0x06 Val: 0x00400070
In clock cycle: 106
Register Write to Reg: 0x0A Val: 0x10010000
In clock cycle: 107
Register Write to Reg: 0x0C Val: 0x00000000
In clock cycle: 109
Register Write to Reg: 0x0D Val: 0x00000001
In clock cycle: 110
Register Write to Reg: 0x0E Val: 0x00000000
In clock cycle: 112
Register Write to Reg: 0x0B Val: 0x00000000
In clock cycle: 113
Register Write to Reg: 0x01 Val: 0x00400064
In clock cycle: 117
Register Write to Reg: 0x02 Val: 0x7FFFEF78
In clock cycle: 117
Memory Write to Addr: 0x7FFFEFA4 Val: 0x00400064
In clock cycle: 118
Memory Write to Addr: 0x7FFFEFA0 Val: 0x10010000
In clock cycle: 119
Memory Write to Addr: 0x7FFFEF9C Val: 0x00000000
In clock cycle: 120
Memory Write to Addr: 0x7FFFEF98 Val: 0x00000000
In clock cycle: 121
Memory Write to Addr: 0x7FFFEF94 Val: 0x00000001
In clock cycle: 123
Register Write to Reg: 0x0E Val: 0x10010088
In clock cycle: 124
Register Write to Reg: 0x0E Val: 0x10010024
In clock cycle: 125
Register Write to Reg: 0x0F Val: 0x00000000
In clock cycle: 126
Register Write to Reg: 0x10 Val: 0x00000001
In clock cycle: 127
Register Write to Reg: 0x11 Val: 0x00000000
In clock cycle: 130
Register Write to Reg: 0x12 Val: 0x00000000
In clock cycle: 131
Register Write to Reg: 0x13 Val: 0x10010000
In clock cycle: 132
Register Write to Reg: 0x14 Val: 0x00000009
In clock cycle: 133
Register Write to Reg: 0x15 Val: 0x00000004
In clock cycle: 134
Register Write to Reg: 0x16 Val: 0x10010004
In clock cycle: 135
Register Write to Reg: 0x17 Val: 0x00000003
In clock cycle: 138
Register Write to Reg: 0x00 Val: 0x004000C4
In clock cycle: 142
Register Write to Reg: 0x18 Val: 0x00000000
In clock cycle: 143
Register Write to Reg: 0x19 Val: 0x10010024
In clock cycle: 143
Memory Write to Addr: 0x10010024 Val: 0x00000003
In clock cycle: 145
Register Write to Reg: 0x10 Val: 0x00000002
In clock cycle: 146
Register Write to Reg: 0x11 Val: 0x00000001
In clock cycle: 147
Register Write to Reg: 0x00 Val: 0x004000F4
In clock cycle: 157
Register Write to Reg: 0x12 Val: 0x00000000
In clock cycle: 158
Register Write to Reg: 0x13 Val: 0x10010000
In clock cycle: 159
Register Write to Reg: 0x14 Val: 0x00000009
In clock cycle: 160
Register Write to Reg: 0x18 Val: 0x00000004
In clock cycle: 161
Register Write to Reg: 0x19 Val: 0x10010028
In clock cycle: 161
Memory Write to Addr: 0x10010028 Val: 0x00000009
In clock cycle: 163
Register Write to Reg: 0x0F Val: 0x00000001
In clock cycle: 164
Register Write to Reg: 0x11 Val: 0x00000002
In clock cycle: 165
Register Write to Reg: 0x00 Val: 0x0040011C
In clock cycle: 170
Register Write to Reg: 0x11 Val: 0x00000000
In clock cycle: 172
Register Write to Reg: 0x18 Val: 0x00000000
In clock cycle: 173
Register Write to Reg: 0x19 Val: 0x10010024
In clock cycle: 174
Register Write to Reg: 0x1A Val: 0x00000003
In clock cycle: 175
Register Write to Reg: 0x1B Val: 0x10010000
In clock cycle: 175
Memory Write to Addr: 0x10010000 Val: 0x00000003
In clock cycle: 177
Register Write to Reg: 0x11 Val: 0x00000001
In clock cycle: 178
Register Write to Reg: 0x00 Val: 0x00400168
In clock cycle: 183
Register Write to Reg: 0x18 Val: 0x00000004
In clock cycle: 184
Register Write to Reg: 0x19 Val: 0x10010028
In clock cycle: 185
Register Write to Reg: 0x1A Val: 0x00000009
In clock cycle: 186
Register Write to Reg: 0x1B Val: 0x10010004
In clock cycle: 186
Memory Write to Addr: 0x10010004 Val: 0x00000009
In clock cycle: 188
Register Write to Reg: 0x11 Val: 0x00000002
In clock cycle: 189
Register Write to Reg: 0x00 Val: 0x00400168
In clock cycle: 197
Register Write to Reg: 0x01 Val: 0x00400064
In clock cycle: 198
Register Write to Reg: 0x02 Val: 0x7FFFEFA8
In clock cycle: 199
Register Write to Reg: 0x06 Val: 0x00400174
In clock cycle: 203
Register Write to Reg: 0x01 Val: 0x00400034
In clock cycle: 204
Register Write to Reg: 0x02 Val: 0x7FFFEFC4
In clock cycle: 205
Register Write to Reg: 0x06 Val: 0x00400070
In clock cycle: 209
Register Write to Reg: 0x0A Val: 0x10010000
In clock cycle: 210
Register Write to Reg: 0x0C Val: 0x00000000
In clock cycle: 212
Register Write to Reg: 0x0D Val: 0x00000003
In clock cycle: 213
Register Write to Reg: 0x0E Val: 0x00000001
In clock cycle: 215
Register Write to Reg: 0x0C Val: 0x00000002
In clock cycle: 216
Register Write to Reg: 0x01 Val: 0x0040004C
In clock cycle: 220
Register Write to Reg: 0x02 Val: 0x7FFFEFA8
In clock cycle: 220
Memory Write to Addr: 0x7FFFEFC0 Val: 0x0040004C
In clock cycle: 221
Memory Write to Addr: 0x7FFFEFBC Val: 0x10010000
In clock cycle: 222
Memory Write to Addr: 0x7FFFEFB8 Val: 0x00000002
In clock cycle: 223
Memory Write to Addr: 0x7FFFEFB4 Val: 0x00000003
In clock cycle: 224
Memory Write to Addr: 0x7FFFEFB0 Val: 0x00000001
In clock cycle: 227
Register Write to Reg: 0x0E Val: 0x00000005
In clock cycle: 228
Register Write to Reg: 0x0E Val: 0x00000002
In clock cycle: 228
Memory Write to Addr: 0x7FFFEFB0 Val: 0x00000002
In clock cycle: 230
Register Write to Reg: 0x0D Val: 0x00000002
In clock cycle: 231
Register Write to Reg: 0x01 Val: 0x00400034
In clock cycle: 235
Register Write to Reg: 0x02 Val: 0x7FFFEF8C
In clock cycle: 235
Memory Write to Addr: 0x7FFFEFA4 Val: 0x00400034
In clock cycle: 236
Memory Write to Addr: 0x7FFFEFA0 Val: 0x10010000
In clock cycle: 237
Memory Write to Addr: 0x7FFFEF9C Val: 0x00000002
In clock cycle: 238
Memory Write to Addr: 0x7FFFEF98 Val: 0x00000002
In clock cycle: 239
Memory Write to Addr: 0x7FFFEF94 Val: 0x00000002
In clock cycle: 245
Register Write to Reg: 0x01 Val: 0x00400034
In clock cycle: 246
Register Write to Reg: 0x02 Val: 0x7FFFEFA8
In clock cycle: 247
Register Write to Reg: 0x06 Val: 0x00400070
In clock cycle: 251
Register Write to Reg: 0x0A Val: 0x10010000
In clock cycle: 252
Register Write to Reg: 0x0C Val: 0x00000002
In clock cycle: 254
Register Write to Reg: 0x0D Val: 0x00000003
In clock cycle: 255
Register Write to Reg: 0x0E Val: 0x00000002
In clock cycle: 257
Register Write to Reg: 0x0C Val: 0x00000003
In clock cycle: 258
Register Write to Reg: 0x01 Val: 0x0040004C
In clock cycle: 262
Register Write to Reg: 0x02 Val: 0x7FFFEF8C
In clock cycle: 262
Memory Write to Addr: 0x7FFFEFA4 Val: 0x0040004C
In clock cycle: 263
Memory Write to Addr: 0x7FFFEFA0 Val: 0x10010000
In clock cycle: 264
Memory Write to Addr: 0x7FFFEF9C Val: 0x00000003
In clock cycle: 265
Memory Write to Addr: 0x7FFFEF98 Val: 0x00000003
In clock cycle: 266
Memory Write to Addr: 0x7FFFEF94 Val: 0x00000002
In clock cycle: 272
Register Write to Reg: 0x01 Val: 0x0040004C
In clock cycle: 273
Register Write to Reg: 0x02 Val: 0x7FFFEFA8
In clock cycle: 274
Register Write to Reg: 0x06 Val: 0x00400070
In clock cycle: 278
Register Write to Reg: 0x0A Val: 0x10010000
In clock cycle: 279
Register Write to Reg: 0x0C Val: 0x00000002
In clock cycle: 281
Register Write to Reg: 0x0D Val: 0x00000003
In clock cycle: 282
Register Write to Reg: 0x0E Val: 0x00000002
In clock cycle: 284
Register Write to Reg: 0x0B Val: 0x00000002
In clock cycle: 285
Register Write to Reg: 0x01 Val: 0x00400064
In clock cycle: 289
Register Write to Reg: 0x02 Val: 0x7FFFEF78
In clock cycle: 289
Memory Write to Addr: 0x7FFFEFA4 Val: 0x00400064
In clock cycle: 290
Memory Write to Addr: 0x7FFFEFA0 Val: 0x10010000
In clock cycle: 291
Memory Write to Addr: 0x7FFFEF9C Val: 0x00000002
In clock cycle: 292
Memory Write to Addr: 0x7FFFEF98 Val: 0x00000002
In clock cycle: 293
Memory Write to Addr: 0x7FFFEF94 Val: 0x00000003
In clock cycle: 295
Register Write to Reg: 0x0E Val: 0x10010088
In clock cycle: 296
Register Write to Reg: 0x0E Val: 0x10010024
In clock cycle: 297
Register Write to Reg: 0x0F Val: 0x00000002
In clock cycle: 298
Register Write to Reg: 0x10 Val: 0x00000003
In clock cycle: 299
Register Write to Reg: 0x11 Val: 0x00000002
In clock cycle: 302
Register Write to Reg: 0x12 Val: 0x00000008
In clock cycle: 303
Register Write to Reg: 0x13 Val: 0x10010008
In clock cycle: 304
Register Write to Reg: 0x14 Val: 0x00000007
In clock cycle: 305
Register Write to Reg: 0x15 Val: 0x0000000C
In clock cycle: 306
Register Write to Reg: 0x16 Val: 0x1001000C
In clock cycle: 307
Register Write to Reg: 0x17 Val: 0x00000001
In clock cycle: 310
Register Write to Reg: 0x00 Val: 0x004000C4
In clock cycle: 314
Register Write to Reg: 0x18 Val: 0x00000008
In clock cycle: 315
Register Write to Reg: 0x19 Val: 0x1001002C
In clock cycle: 315
Memory Write to Addr: 0x1001002C Val: 0x00000001
In clock cycle: 317
Register Write to Reg: 0x10 Val: 0x00000004
In clock cycle: 318
Register Write to Reg: 0x11 Val: 0x00000003
In clock cycle: 319
Register Write to Reg: 0x00 Val: 0x004000F4
In clock cycle: 329
Register Write to Reg: 0x12 Val: 0x00000008
In clock cycle: 330
Register Write to Reg: 0x13 Val: 0x10010008
In clock cycle: 331
Register Write to Reg: 0x14 Val: 0x00000007
In clock cycle: 332
Register Write to Reg: 0x18 Val: 0x0000000C
In clock cycle: 333
Register Write to Reg: 0x19 Val: 0x10010030
In clock cycle: 333
Memory Write to Addr: 0x10010030 Val: 0x00000007
In clock cycle: 335
Register Write to Reg: 0x0F Val: 0x00000003
In clock cycle: 336
Register Write to Reg: 0x11 Val: 0x00000004
In clock cycle: 337
Register Write to Reg: 0x00 Val: 0x0040011C
In clock cycle: 342
Register Write to Reg: 0x11 Val: 0x00000002
In clock cycle: 344
Register Write to Reg: 0x18 Val: 0x00000008
In clock cycle: 345
Register Write to Reg: 0x19 Val: 0x1001002C
In clock cycle: 346
Register Write to Reg: 0x1A Val: 0x00000001
In clock cycle: 347
Register Write to Reg: 0x1B Val: 0x10010008
In clock cycle: 347
Memory Write to Addr: 0x10010008 Val: 0x00000001
In clock cycle: 349
Register Write to Reg: 0x11 Val: 0x00000003
In clock cycle: 350
Register Write to Reg: 0x00 Val: 0x00400168
In clock cycle: 355
Register Write to Reg: 0x18 Val: 0x0000000C
In clock cycle: 356
Register Write to Reg: 0x19 Val: 0x10010030
In clock cycle: 357
Register Write to Reg: 0x1A Val: 0x00000007
In clock cycle: 358
Register Write to Reg: 0x1B Val: 0x1001000C
In clock cycle: 358
Memory Write to Addr: 0x1001000C Val: 0x00000007
In clock cycle: 360
Register Write to Reg: 0x11 Val: 0x00000004
In clock cycle: 361
Register Write to Reg: 0x00 Val: 0x00400168
In clock cycle: 369
Register Write to Reg: 0x01 Val: 0x00400064
In clock cycle: 370
Register Write to Reg: 0x02 Val: 0x7FFFEFA8
In clock cycle: 371
Register Write to Reg: 0x06 Val: 0x00400174
In clock cycle: 375
Register Write to Reg: 0x01 Val: 0x0040004C
In clock cycle: 376
Register Write to Reg: 0x02 Val: 0x7FFFEFC4
In clock cycle: 377
Register Write to Reg: 0x06 Val: 0x00400070
In clock cycle: 381
Register Write to Reg: 0x0A Val: 0x10010000
In clock cycle: 382
Register Write to Reg: 0x0C Val: 0x00000000
In clock cycle: 384
Register Write to Reg: 0x0D Val: 0x00000003
In clock cycle: 385
Register Write to Reg: 0x0E Val: 0x00000001
In clock cycle: 387
Register Write to Reg: 0x0B Val: 0x00000001
In clock cycle: 388
Register Write to Reg: 0x01 Val: 0x00400064
In clock cycle: 392
Register Write to Reg: 0x02 Val: 0x7FFFEF94
In clock cycle: 392
Memory Write to Addr: 0x7FFFEFC0 Val: 0x00400064
In clock cycle: 393
Memory Write to Addr: 0x7FFFEFBC Val: 0x10010000
In clock cycle: 394
Memory Write to Addr: 0x7FFFEFB8 Val: 0x00000001
In clock cycle: 395
Memory Write to Addr: 0x7FFFEFB4 Val: 0x00000000
In clock cycle: 396
Memory Write to Addr: 0x7FFFEFB0 Val: 0x00000003
In clock cycle: 398
Register Write to Reg: 0x0E Val: 0x10010088
In clock cycle: 399
Register Write to Reg: 0x0E Val: 0x10010024
In clock cycle: 400
Register Write to Reg: 0x0F Val: 0x00000000
In clock cycle: 401
Register Write to Reg: 0x10 Val: 0x00000002
In clock cycle: 402
Register Write to Reg: 0x11 Val: 0x00000000
In clock cycle: 405
Register Write to Reg: 0x12 Val: 0x00000000
In clock cycle: 406
Register Write to Reg: 0x13 Val: 0x10010000
In clock cycle: 407
Register Write to Reg: 0x14 Val: 0x00000003
In clock cycle: 408
Register Write to Reg: 0x15 Val: 0x00000008
In clock cycle: 409
Register Write to Reg: 0x16 Val: 0x10010008
In clock cycle: 410
Register Write to Reg: 0x17 Val: 0x00000001
In clock cycle: 413
Register Write to Reg: 0x00 Val: 0x004000C4
In clock cycle: 417
Register Write to Reg: 0x18 Val: 0x00000000
In clock cycle: 418
Register Write to Reg: 0x19 Val: 0x10010024
In clock cycle: 418
Memory Write to Addr: 0x10010024 Val: 0x00000001
In clock cycle: 420
Register Write to Reg: 0x10 Val: 0x00000003
In clock cycle: 421
Register Write to Reg: 0x11 Val: 0x00000001
In clock cycle: 422
Register Write to Reg: 0x00 Val: 0x004000F4
In clock cycle: 428
Register Write to Reg: 0x12 Val: 0x00000000
In clock cycle: 429
Register Write to Reg: 0x13 Val: 0x10010000
In clock cycle: 430
Register Write to Reg: 0x14 Val: 0x00000003
In clock cycle: 431
Register Write to Reg: 0x15 Val: 0x0000000C
In clock cycle: 432
Register Write to Reg: 0x16 Val: 0x1001000C
In clock cycle: 433
Register Write to Reg: 0x17 Val: 0x00000007
In clock cycle: 439
Register Write to Reg: 0x18 Val: 0x00000004
In clock cycle: 440
Register Write to Reg: 0x19 Val: 0x10010028
In clock cycle: 440
Memory Write to Addr: 0x10010028 Val: 0x00000003
In clock cycle: 442
Register Write to Reg: 0x0F Val: 0x00000001
In clock cycle: 443
Register Write to Reg: 0x11 Val: 0x00000002
In clock cycle: 444
Register Write to Reg: 0x00 Val: 0x004000DC
In clock cycle: 450
Register Write to Reg: 0x12 Val: 0x00000004
In clock cycle: 451
Register Write to Reg: 0x13 Val: 0x10010004
In clock cycle: 452
Register Write to Reg: 0x14 Val: 0x00000009
In clock cycle: 453
Register Write to Reg: 0x15 Val: 0x0000000C
In clock cycle: 454
Register Write to Reg: 0x16 Val: 0x1001000C
In clock cycle: 455
Register Write to Reg: 0x17 Val: 0x00000007
In clock cycle: 458
Register Write to Reg: 0x00 Val: 0x004000C4
In clock cycle: 462
Register Write to Reg: 0x18 Val: 0x00000008
In clock cycle: 463
Register Write to Reg: 0x19 Val: 0x1001002C
In clock cycle: 463
Memory Write to Addr: 0x1001002C Val: 0x00000007
In clock cycle: 465
Register Write to Reg: 0x10 Val: 0x00000004
In clock cycle: 466
Register Write to Reg: 0x11 Val: 0x00000003
In clock cycle: 467
Register Write to Reg: 0x00 Val: 0x004000F4
In clock cycle: 477
Register Write to Reg: 0x12 Val: 0x00000004
In clock cycle: 478
Register Write to Reg: 0x13 Val: 0x10010004
In clock cycle: 479
Register Write to Reg: 0x14 Val: 0x00000009
In clock cycle: 480
Register Write to Reg: 0x18 Val: 0x0000000C
In clock cycle: 481
Register Write to Reg: 0x19 Val: 0x10010030
In clock cycle: 481
Memory Write to Addr: 0x10010030 Val: 0x00000009
In clock cycle: 483
Register Write to Reg: 0x0F Val: 0x00000002
In clock cycle: 484
Register Write to Reg: 0x11 Val: 0x00000004
In clock cycle: 485
Register Write to Reg: 0x00 Val: 0x0040011C
In clock cycle: 490
Register Write to Reg: 0x11 Val: 0x00000000
In clock cycle: 492
Register Write to Reg: 0x18 Val: 0x00000000
In clock cycle: 493
Register Write to Reg: 0x19 Val: 0x10010024
In clock cycle: 494
Register Write to Reg: 0x1A Val: 0x00000001
In clock cycle: 495
Register Write to Reg: 0x1B Val: 0x10010000
In clock cycle: 495
Memory Write to Addr: 0x10010000 Val: 0x00000001
In clock cycle: 497
Register Write to Reg: 0x11 Val: 0x00000001
In clock cycle: 498
Register Write to Reg: 0x00 Val: 0x00400168
In clock cycle: 503
Register Write to Reg: 0x18 Val: 0x00000004
In clock cycle: 504
Register Write to Reg: 0x19 Val: 0x10010028
In clock cycle: 505
Register Write to Reg: 0x1A Val: 0x00000003
In clock cycle: 506
Register Write to Reg: 0x1B Val: 0x10010004
In clock cycle: 506
Memory Write to Addr: 0x10010004 Val: 0x00000003
In clock cycle: 508
Register Write to Reg: 0x11 Val: 0x00000002
In clock cycle: 509
Register Write to Reg: 0x00 Val: 0x00400168
In clock cycle: 514
Register Write to Reg: 0x18 Val: 0x00000008
In clock cycle: 515
Register Write to Reg: 0x19 Val: 0x1001002C
In clock cycle: 516
Register Write to Reg: 0x1A Val: 0x00000007
In clock cycle: 517
Register Write to Reg: 0x1B Val: 0x10010008
In clock cycle: 517
Memory Write to Addr: 0x10010008 Val: 0x00000007
In clock cycle: 519
Register Write to Reg: 0x11 Val: 0x00000003
In clock cycle: 520
Register Write to Reg: 0x00 Val: 0x00400168
In clock cycle: 525
Register Write to Reg: 0x18 Val: 0x0000000C
In clock cycle: 526
Register Write to Reg: 0x19 Val: 0x10010030
In clock cycle: 527
Register Write to Reg: 0x1A Val: 0x00000009
In clock cycle: 528
Register Write to Reg: 0x1B Val: 0x1001000C
In clock cycle: 528
Memory Write to Addr: 0x1001000C Val: 0x00000009
In clock cycle: 530
Register Write to Reg: 0x11 Val: 0x00000004
In clock cycle: 531
Register Write to Reg: 0x00 Val: 0x00400168
In clock cycle: 539
Register Write to Reg: 0x01 Val: 0x00400064
In clock cycle: 540
Register Write to Reg: 0x02 Val: 0x7FFFEFC4
In clock cycle: 541
Register Write to Reg: 0x06 Val: 0x00400174
In clock cycle: 545
Register Write to Reg: 0x01 Val: 0x00400034
In clock cycle: 546
Register Write to Reg: 0x02 Val: 0x7FFFEFE0
In clock cycle: 547
Register Write to Reg: 0x06 Val: 0x00400070
In clock cycle: 551
Register Write to Reg: 0x0A Val: 0x10010000
In clock cycle: 552
Register Write to Reg: 0x0C Val: 0x00000000
In clock cycle: 554
Register Write to Reg: 0x0D Val: 0x00000007
In clock cycle: 555
Register Write to Reg: 0x0E Val: 0x00000003
In clock cycle: 557
Register Write to Reg: 0x0C Val: 0x00000004
In clock cycle: 558
Register Write to Reg: 0x01 Val: 0x0040004C
In clock cycle: 562
Register Write to Reg: 0x02 Val: 0x7FFFEFC4
In clock cycle: 562
Memory Write to Addr: 0x7FFFEFDC Val: 0x0040004C
In clock cycle: 563
Memory Write to Addr: 0x7FFFEFD8 Val: 0x10010000
In clock cycle: 564
Memory Write to Addr: 0x7FFFEFD4 Val: 0x00000004
In clock cycle: 565
Memory Write to Addr: 0x7FFFEFD0 Val: 0x00000007
In clock cycle: 566
Memory Write to Addr: 0x7FFFEFCC Val: 0x00000003
In clock cycle: 569
Register Write to Reg: 0x0E Val: 0x0000000B
In clock cycle: 570
Register Write to Reg: 0x0E Val: 0x00000005
In clock cycle: 570
Memory Write to Addr: 0x7FFFEFCC Val: 0x00000005
In clock cycle: 572
Register Write to Reg: 0x0D Val: 0x00000005
In clock cycle: 573
Register Write to Reg: 0x01 Val: 0x00400034
In clock cycle: 577
Register Write to Reg: 0x02 Val: 0x7FFFEFA8
In clock cycle: 577
Memory Write to Addr: 0x7FFFEFC0 Val: 0x00400034
In clock cycle: 578
Memory Write to Addr: 0x7FFFEFBC Val: 0x10010000
In clock cycle: 579
Memory Write to Addr: 0x7FFFEFB8 Val: 0x00000004
In clock cycle: 580
Memory Write to Addr: 0x7FFFEFB4 Val: 0x00000005
In clock cycle: 581
Memory Write to Addr: 0x7FFFEFB0 Val: 0x00000005
In clock cycle: 584
Register Write to Reg: 0x0E Val: 0x00000009
In clock cycle: 585
Register Write to Reg: 0x0E Val: 0x00000004
In clock cycle: 585
Memory Write to Addr: 0x7FFFEFB0 Val: 0x00000004
In clock cycle: 587
Register Write to Reg: 0x0D Val: 0x00000004
In clock cycle: 588
Register Write to Reg: 0x01 Val: 0x00400034
In clock cycle: 592
Register Write to Reg: 0x02 Val: 0x7FFFEF8C
In clock cycle: 592
Memory Write to Addr: 0x7FFFEFA4 Val: 0x00400034
In clock cycle: 593
Memory Write to Addr: 0x7FFFEFA0 Val: 0x10010000
In clock cycle: 594
Memory Write to Addr: 0x7FFFEF9C Val: 0x00000004
In clock cycle: 595
Memory Write to Addr: 0x7FFFEF98 Val: 0x00000004
In clock cycle: 596
Memory Write to Addr: 0x7FFFEF94 Val: 0x00000004
In clock cycle: 602
Register Write to Reg: 0x01 Val: 0x00400034
In clock cycle: 603
Register Write to Reg: 0x02 Val: 0x7FFFEFA8
In clock cycle: 604
Register Write to Reg: 0x06 Val: 0x00400070
In clock cycle: 608
Register Write to Reg: 0x0A Val: 0x10010000
In clock cycle: 609
Register Write to Reg: 0x0C Val: 0x00000004
In clock cycle: 611
Register Write to Reg: 0x0D Val: 0x00000005
In clock cycle: 612
Register Write to Reg: 0x0E Val: 0x00000004
In clock cycle: 614
Register Write to Reg: 0x0C Val: 0x00000005
In clock cycle: 615
Register Write to Reg: 0x01 Val: 0x0040004C
In clock cycle: 619
Register Write to Reg: 0x02 Val: 0x7FFFEF8C
In clock cycle: 619
Memory Write to Addr: 0x7FFFEFA4 Val: 0x0040004C
In clock cycle: 620
Memory Write to Addr: 0x7FFFEFA0 Val: 0x10010000
In clock cycle: 621
Memory Write to Addr: 0x7FFFEF9C Val: 0x00000005
In clock cycle: 622
Memory Write to Addr: 0x7FFFEF98 Val: 0x00000005
In clock cycle: 623
Memory Write to Addr: 0x7FFFEF94 Val: 0x00000004
In clock cycle: 629
Register Write to Reg: 0x01 Val: 0x0040004C
In clock cycle: 630
Register Write to Reg: 0x02 Val: 0x7FFFEFA8
In clock cycle: 631
Register Write to Reg: 0x06 Val: 0x00400070
In clock cycle: 635
Register Write to Reg: 0x0A Val: 0x10010000
In clock cycle: 636
Register Write to Reg: 0x0C Val: 0x00000004
In clock cycle: 638
Register Write to Reg: 0x0D Val: 0x00000005
In clock cycle: 639
Register Write to Reg: 0x0E Val: 0x00000004
In clock cycle: 641
Register Write to Reg: 0x0B Val: 0x00000004
In clock cycle: 642
Register Write to Reg: 0x01 Val: 0x00400064
In clock cycle: 646
Register Write to Reg: 0x02 Val: 0x7FFFEF78
In clock cycle: 646
Memory Write to Addr: 0x7FFFEFA4 Val: 0x00400064
In clock cycle: 647
Memory Write to Addr: 0x7FFFEFA0 Val: 0x10010000
In clock cycle: 648
Memory Write to Addr: 0x7FFFEF9C Val: 0x00000004
In clock cycle: 649
Memory Write to Addr: 0x7FFFEF98 Val: 0x00000004
In clock cycle: 650
Memory Write to Addr: 0x7FFFEF94 Val: 0x00000005
In clock cycle: 652
Register Write to Reg: 0x0E Val: 0x10010088
In clock cycle: 653
Register Write to Reg: 0x0E Val: 0x10010024
In clock cycle: 654
Register Write to Reg: 0x0F Val: 0x00000004
In clock cycle: 655
Register Write to Reg: 0x10 Val: 0x00000005
In clock cycle: 656
Register Write to Reg: 0x11 Val: 0x00000004
In clock cycle: 659
Register Write to Reg: 0x12 Val: 0x00000010
In clock cycle: 660
Register Write to Reg: 0x13 Val: 0x10010010
In clock cycle: 661
Register Write to Reg: 0x14 Val: 0x00000008
In clock cycle: 662
Register Write to Reg: 0x15 Val: 0x00000014
In clock cycle: 663
Register Write to Reg: 0x16 Val: 0x10010014
In clock cycle: 664
Register Write to Reg: 0x17 Val: 0x00000002
In clock cycle: 667
Register Write to Reg: 0x00 Val: 0x004000C4
In clock cycle: 671
Register Write to Reg: 0x18 Val: 0x00000010
In clock cycle: 672
Register Write to Reg: 0x19 Val: 0x10010034
In clock cycle: 672
Memory Write to Addr: 0x10010034 Val: 0x00000002
In clock cycle: 674
Register Write to Reg: 0x10 Val: 0x00000006
In clock cycle: 675
Register Write to Reg: 0x11 Val: 0x00000005
In clock cycle: 676
Register Write to Reg: 0x00 Val: 0x004000F4
In clock cycle: 686
Register Write to Reg: 0x12 Val: 0x00000010
In clock cycle: 687
Register Write to Reg: 0x13 Val: 0x10010010
In clock cycle: 688
Register Write to Reg: 0x14 Val: 0x00000008
In clock cycle: 689
Register Write to Reg: 0x18 Val: 0x00000014
In clock cycle: 690
Register Write to Reg: 0x19 Val: 0x10010038
In clock cycle: 690
Memory Write to Addr: 0x10010038 Val: 0x00000008
In clock cycle: 692
Register Write to Reg: 0x0F Val: 0x00000005
In clock cycle: 693
Register Write to Reg: 0x11 Val: 0x00000006
In clock cycle: 694
Register Write to Reg: 0x00 Val: 0x0040011C
In clock cycle: 699
Register Write to Reg: 0x11 Val: 0x00000004
In clock cycle: 701
Register Write to Reg: 0x18 Val: 0x00000010
In clock cycle: 702
Register Write to Reg: 0x19 Val: 0x10010034
In clock cycle: 703
Register Write to Reg: 0x1A Val: 0x00000002
In clock cycle: 704
Register Write to Reg: 0x1B Val: 0x10010010
In clock cycle: 704
Memory Write to Addr: 0x10010010 Val: 0x00000002
In clock cycle: 706
Register Write to Reg: 0x11 Val: 0x00000005
In clock cycle: 707
Register Write to Reg: 0x00 Val: 0x00400168
In clock cycle: 712
Register Write to Reg: 0x18 Val: 0x00000014
In clock cycle: 713
Register Write to Reg: 0x19 Val: 0x10010038
In clock cycle: 714
Register Write to Reg: 0x1A Val: 0x00000008
In clock cycle: 715
Register Write to Reg: 0x1B Val: 0x10010014
In clock cycle: 715
Memory Write to Addr: 0x10010014 Val: 0x00000008
In clock cycle: 717
Register Write to Reg: 0x11 Val: 0x00000006
In clock cycle: 718
Register Write to Reg: 0x00 Val: 0x00400168
In clock cycle: 726
Register Write to Reg: 0x01 Val: 0x00400064
In clock cycle: 727
Register Write to Reg: 0x02 Val: 0x7FFFEFA8
In clock cycle: 728
Register Write to Reg: 0x06 Val: 0x00400174
In clock cycle: 732
Register Write to Reg: 0x01 Val: 0x00400034
In clock cycle: 733
Register Write to Reg: 0x02 Val: 0x7FFFEFC4
In clock cycle: 734
Register Write to Reg: 0x06 Val: 0x00400070
In clock cycle: 738
Register Write to Reg: 0x0A Val: 0x10010000
In clock cycle: 739
Register Write to Reg: 0x0C Val: 0x00000004
In clock cycle: 741
Register Write to Reg: 0x0D Val: 0x00000007
In clock cycle: 742
Register Write to Reg: 0x0E Val: 0x00000005
In clock cycle: 744
Register Write to Reg: 0x0C Val: 0x00000006
In clock cycle: 745
Register Write to Reg: 0x01 Val: 0x0040004C
In clock cycle: 749
Register Write to Reg: 0x02 Val: 0x7FFFEFA8
In clock cycle: 749
Memory Write to Addr: 0x7FFFEFC0 Val: 0x0040004C
In clock cycle: 750
Memory Write to Addr: 0x7FFFEFBC Val: 0x10010000
In clock cycle: 751
Memory Write to Addr: 0x7FFFEFB8 Val: 0x00000006
In clock cycle: 752
Memory Write to Addr: 0x7FFFEFB4 Val: 0x00000007
In clock cycle: 753
Memory Write to Addr: 0x7FFFEFB0 Val: 0x00000005
In clock cycle: 756
Register Write to Reg: 0x0E Val: 0x0000000D
In clock cycle: 757
Register Write to Reg: 0x0E Val: 0x00000006
In clock cycle: 757
Memory Write to Addr: 0x7FFFEFB0 Val: 0x00000006
In clock cycle: 759
Register Write to Reg: 0x0D Val: 0x00000006
In clock cycle: 760
Register Write to Reg: 0x01 Val: 0x00400034
In clock cycle: 764
Register Write to Reg: 0x02 Val: 0x7FFFEF8C
In clock cycle: 764
Memory Write to Addr: 0x7FFFEFA4 Val: 0x00400034
In clock cycle: 765
Memory Write to Addr: 0x7FFFEFA0 Val: 0x10010000
In clock cycle: 766
Memory Write to Addr: 0x7FFFEF9C Val: 0x00000006
In clock cycle: 767
Memory Write to Addr: 0x7FFFEF98 Val: 0x00000006
In clock cycle: 768
Memory Write to Addr: 0x7FFFEF94 Val: 0x00000006
In clock cycle: 774
Register Write to Reg: 0x01 Val: 0x00400034
In clock cycle: 775
Register Write to Reg: 0x02 Val: 0x7FFFEFA8
In clock cycle: 776
Register Write to Reg: 0x06 Val: 0x00400070
In clock cycle: 780
Register Write to Reg: 0x0A Val: 0x10010000
In clock cycle: 781
Register Write to Reg: 0x0C Val: 0x00000006
In clock cycle: 783
Register Write to Reg: 0x0D Val: 0x00000007
In clock cycle: 784
Register Write to Reg: 0x0E Val: 0x00000006
In clock cycle: 786
Register Write to Reg: 0x0C Val: 0x00000007
In clock cycle: 787
Register Write to Reg: 0x01 Val: 0x0040004C
In clock cycle: 791
Register Write to Reg: 0x02 Val: 0x7FFFEF8C
In clock cycle: 791
Memory Write to Addr: 0x7FFFEFA4 Val: 0x0040004C
In clock cycle: 792
Memory Write to Addr: 0x7FFFEFA0 Val: 0x10010000
In clock cycle: 793
Memory Write to Addr: 0x7FFFEF9C Val: 0x00000007
In clock cycle: 794
Memory Write to Addr: 0x7FFFEF98 Val: 0x00000007
In clock cycle: 795
Memory Write to Addr: 0x7FFFEF94 Val: 0x00000006
In clock cycle: 801
Register Write to Reg: 0x01 Val: 0x0040004C
In clock cycle: 802
Register Write to Reg: 0x02 Val: 0x7FFFEFA8
In clock cycle: 803
Register Write to Reg: 0x06 Val: 0x00400070
In clock cycle: 807
Register Write to Reg: 0x0A Val: 0x10010000
In clock cycle: 808
Register Write to Reg: 0x0C Val: 0x00000006
In clock cycle: 810
Register Write to Reg: 0x0D Val: 0x00000007
In clock cycle: 811
Register Write to Reg: 0x0E Val: 0x00000006
In clock cycle: 813
Register Write to Reg: 0x0B Val: 0x00000006
In clock cycle: 814
Register Write to Reg: 0x01 Val: 0x00400064
In clock cycle: 818
Register Write to Reg: 0x02 Val: 0x7FFFEF78
In clock cycle: 818
Memory Write to Addr: 0x7FFFEFA4 Val: 0x00400064
In clock cycle: 819
Memory Write to Addr: 0x7FFFEFA0 Val: 0x10010000
In clock cycle: 820
Memory Write to Addr: 0x7FFFEF9C Val: 0x00000006
In clock cycle: 821
Memory Write to Addr: 0x7FFFEF98 Val: 0x00000006
In clock cycle: 822
Memory Write to Addr: 0x7FFFEF94 Val: 0x00000007
In clock cycle: 824
Register Write to Reg: 0x0E Val: 0x10010088
In clock cycle: 825
Register Write to Reg: 0x0E Val: 0x10010024
In clock cycle: 826
Register Write to Reg: 0x0F Val: 0x00000006
In clock cycle: 827
Register Write to Reg: 0x10 Val: 0x00000007
In clock cycle: 828
Register Write to Reg: 0x11 Val: 0x00000006
In clock cycle: 831
Register Write to Reg: 0x12 Val: 0x00000018
In clock cycle: 832
Register Write to Reg: 0x13 Val: 0x10010018
In clock cycle: 833
Register Write to Reg: 0x14 Val: 0x00000006
In clock cycle: 834
Register Write to Reg: 0x15 Val: 0x0000001C
In clock cycle: 835
Register Write to Reg: 0x16 Val: 0x1001001C
In clock cycle: 836
Register Write to Reg: 0x17 Val: 0x00000004
In clock cycle: 839
Register Write to Reg: 0x00 Val: 0x004000C4
In clock cycle: 843
Register Write to Reg: 0x18 Val: 0x00000018
In clock cycle: 844
Register Write to Reg: 0x19 Val: 0x1001003C
In clock cycle: 844
Memory Write to Addr: 0x1001003C Val: 0x00000004
In clock cycle: 846
Register Write to Reg: 0x10 Val: 0x00000008
In clock cycle: 847
Register Write to Reg: 0x11 Val: 0x00000007
In clock cycle: 848
Register Write to Reg: 0x00 Val: 0x004000F4
In clock cycle: 858
Register Write to Reg: 0x12 Val: 0x00000018
In clock cycle: 859
Register Write to Reg: 0x13 Val: 0x10010018
In clock cycle: 860
Register Write to Reg: 0x14 Val: 0x00000006
In clock cycle: 861
Register Write to Reg: 0x18 Val: 0x0000001C
In clock cycle: 862
Register Write to Reg: 0x19 Val: 0x10010040
In clock cycle: 862
Memory Write to Addr: 0x10010040 Val: 0x00000006
In clock cycle: 864
Register Write to Reg: 0x0F Val: 0x00000007
In clock cycle: 865
Register Write to Reg: 0x11 Val: 0x00000008
In clock cycle: 866
Register Write to Reg: 0x00 Val: 0x0040011C
In clock cycle: 871
Register Write to Reg: 0x11 Val: 0x00000006
In clock cycle: 873
Register Write to Reg: 0x18 Val: 0x00000018
In clock cycle: 874
Register Write to Reg: 0x19 Val: 0x1001003C
In clock cycle: 875
Register Write to Reg: 0x1A Val: 0x00000004
In clock cycle: 876
Register Write to Reg: 0x1B Val: 0x10010018
In clock cycle: 876
Memory Write to Addr: 0x10010018 Val: 0x00000004
In clock cycle: 878
Register Write to Reg: 0x11 Val: 0x00000007
In clock cycle: 879
Register Write to Reg: 0x00 Val: 0x00400168
In clock cycle: 884
Register Write to Reg: 0x18 Val: 0x0000001C
In clock cycle: 885
Register Write to Reg: 0x19 Val: 0x10010040
In clock cycle: 886
Register Write to Reg: 0x1A Val: 0x00000006
In clock cycle: 887
Register Write to Reg: 0x1B Val: 0x1001001C
In clock cycle: 887
Memory Write to Addr: 0x1001001C Val: 0x00000006
In clock cycle: 889
Register Write to Reg: 0x11 Val: 0x00000008
In clock cycle: 890
Register Write to Reg: 0x00 Val: 0x00400168
In clock cycle: 898
Register Write to Reg: 0x01 Val: 0x00400064
In clock cycle: 899
Register Write to Reg: 0x02 Val: 0x7FFFEFA8
In clock cycle: 900
Register Write to Reg: 0x06 Val: 0x00400174
In clock cycle: 904
Register Write to Reg: 0x01 Val: 0x0040004C
In clock cycle: 905
Register Write to Reg: 0x02 Val: 0x7FFFEFC4
In clock cycle: 906
Register Write to Reg: 0x06 Val: 0x00400070
In clock cycle: 910
Register Write to Reg: 0x0A Val: 0x10010000
In clock cycle: 911
Register Write to Reg: 0x0C Val: 0x00000004
In clock cycle: 913
Register Write to Reg: 0x0D Val: 0x00000007
In clock cycle: 914
Register Write to Reg: 0x0E Val: 0x00000005
In clock cycle: 916
Register Write to Reg: 0x0B Val: 0x00000005
In clock cycle: 917
Register Write to Reg: 0x01 Val: 0x00400064
In clock cycle: 921
Register Write to Reg: 0x02 Val: 0x7FFFEF94
In clock cycle: 921
Memory Write to Addr: 0x7FFFEFC0 Val: 0x00400064
In clock cycle: 922
Memory Write to Addr: 0x7FFFEFBC Val: 0x10010000
In clock cycle: 923
Memory Write to Addr: 0x7FFFEFB8 Val: 0x00000005
In clock cycle: 924
Memory Write to Addr: 0x7FFFEFB4 Val: 0x00000004
In clock cycle: 925
Memory Write to Addr: 0x7FFFEFB0 Val: 0x00000007
In clock cycle: 927
Register Write to Reg: 0x0E Val: 0x10010088
In clock cycle: 928
Register Write to Reg: 0x0E Val: 0x10010024
In clock cycle: 929
Register Write to Reg: 0x0F Val: 0x00000004
In clock cycle: 930
Register Write to Reg: 0x10 Val: 0x00000006
In clock cycle: 931
Register Write to Reg: 0x11 Val: 0x00000004
In clock cycle: 934
Register Write to Reg: 0x12 Val: 0x00000010
In clock cycle: 935
Register Write to Reg: 0x13 Val: 0x10010010
In clock cycle: 936
Register Write to Reg: 0x14 Val: 0x00000002
In clock cycle: 937
Register Write to Reg: 0x15 Val: 0x00000018
In clock cycle: 938
Register Write to Reg: 0x16 Val: 0x10010018
In clock cycle: 939
Register Write to Reg: 0x17 Val: 0x00000004
In clock cycle: 945
Register Write to Reg: 0x18 Val: 0x00000010
In clock cycle: 946
Register Write to Reg: 0x19 Val: 0x10010034
In clock cycle: 946
Memory Write to Addr: 0x10010034 Val: 0x00000002
In clock cycle: 948
Register Write to Reg: 0x0F Val: 0x00000005
In clock cycle: 949
Register Write to Reg: 0x11 Val: 0x00000005
In clock cycle: 950
Register Write to Reg: 0x00 Val: 0x004000DC
In clock cycle: 956
Register Write to Reg: 0x12 Val: 0x00000014
In clock cycle: 957
Register Write to Reg: 0x13 Val: 0x10010014
In clock cycle: 958
Register Write to Reg: 0x14 Val: 0x00000008
In clock cycle: 959
Register Write to Reg: 0x15 Val: 0x00000018
In clock cycle: 960
Register Write to Reg: 0x16 Val: 0x10010018
In clock cycle: 961
Register Write to Reg: 0x17 Val: 0x00000004
In clock cycle: 964
Register Write to Reg: 0x00 Val: 0x004000C4
In clock cycle: 968
Register Write to Reg: 0x18 Val: 0x00000014
In clock cycle: 969
Register Write to Reg: 0x19 Val: 0x10010038
In clock cycle: 969
Memory Write to Addr: 0x10010038 Val: 0x00000004
In clock cycle: 971
Register Write to Reg: 0x10 Val: 0x00000007
In clock cycle: 972
Register Write to Reg: 0x11 Val: 0x00000006
In clock cycle: 973
Register Write to Reg: 0x00 Val: 0x004000F4
In clock cycle: 979
Register Write to Reg: 0x12 Val: 0x00000014
In clock cycle: 980
Register Write to Reg: 0x13 Val: 0x10010014
In clock cycle: 981
Register Write to Reg: 0x14 Val: 0x00000008
In clock cycle: 982
Register Write to Reg: 0x15 Val: 0x0000001C
In clock cycle: 983
Register Write to Reg: 0x16 Val: 0x1001001C
In clock cycle: 984
Register Write to Reg: 0x17 Val: 0x00000006
In clock cycle: 987
Register Write to Reg: 0x00 Val: 0x004000C4
In clock cycle: 991
Register Write to Reg: 0x18 Val: 0x00000018
In clock cycle: 992
Register Write to Reg: 0x19 Val: 0x1001003C
In clock cycle: 992
Memory Write to Addr: 0x1001003C Val: 0x00000006
In clock cycle: 994
Register Write to Reg: 0x10 Val: 0x00000008
In clock cycle: 995
Register Write to Reg: 0x11 Val: 0x00000007
In clock cycle: 996
Register Write to Reg: 0x00 Val: 0x004000F4
In clock cycle: 1006
Register Write to Reg: 0x12 Val: 0x00000014
In clock cycle: 1007
Register Write to Reg: 0x13 Val: 0x10010014
In clock cycle: 1008
Register Write to Reg: 0x14 Val: 0x00000008
In clock cycle: 1009
Register Write to Reg: 0x18 Val: 0x0000001C
In clock cycle: 1010
Register Write to Reg: 0x19 Val: 0x10010040
In clock cycle: 1010
Memory Write to Addr: 0x10010040 Val: 0x00000008
In clock cycle: 1012
Register Write to Reg: 0x0F Val: 0x00000006
In clock cycle: 1013
Register Write to Reg: 0x11 Val: 0x00000008
In clock cycle: 1014
Register Write to Reg: 0x00 Val: 0x0040011C
In clock cycle: 1019
Register Write to Reg: 0x11 Val: 0x00000004
In clock cycle: 1021
Register Write to Reg: 0x18 Val: 0x00000010
In clock cycle: 1022
Register Write to Reg: 0x19 Val: 0x10010034
In clock cycle: 1023
Register Write to Reg: 0x1A Val: 0x00000002
In clock cycle: 1024
Register Write to Reg: 0x1B Val: 0x10010010
In clock cycle: 1024
Memory Write to Addr: 0x10010010 Val: 0x00000002
In clock cycle: 1026
Register Write to Reg: 0x11 Val: 0x00000005
In clock cycle: 1027
Register Write to Reg: 0x00 Val: 0x00400168
In clock cycle: 1032
Register Write to Reg: 0x18 Val: 0x00000014
In clock cycle: 1033
Register Write to Reg: 0x19 Val: 0x10010038
In clock cycle: 1034
Register Write to Reg: 0x1A Val: 0x00000004
In clock cycle: 1035
Register Write to Reg: 0x1B Val: 0x10010014
In clock cycle: 1035
Memory Write to Addr: 0x10010014 Val: 0x00000004
In clock cycle: 1037
Register Write to Reg: 0x11 Val: 0x00000006
In clock cycle: 1038
Register Write to Reg: 0x00 Val: 0x00400168
In clock cycle: 1043
Register Write to Reg: 0x18 Val: 0x00000018
In clock cycle: 1044
Register Write to Reg: 0x19 Val: 0x1001003C
In clock cycle: 1045
Register Write to Reg: 0x1A Val: 0x00000006
In clock cycle: 1046
Register Write to Reg: 0x1B Val: 0x10010018
In clock cycle: 1046
Memory Write to Addr: 0x10010018 Val: 0x00000006
In clock cycle: 1048
Register Write to Reg: 0x11 Val: 0x00000007
In clock cycle: 1049
Register Write to Reg: 0x00 Val: 0x00400168
In clock cycle: 1054
Register Write to Reg: 0x18 Val: 0x0000001C
In clock cycle: 1055
Register Write to Reg: 0x19 Val: 0x10010040
In clock cycle: 1056
Register Write to Reg: 0x1A Val: 0x00000008
In clock cycle: 1057
Register Write to Reg: 0x1B Val: 0x1001001C
In clock cycle: 1057
Memory Write to Addr: 0x1001001C Val: 0x00000008
In clock cycle: 1059
Register Write to Reg: 0x11 Val: 0x00000008
In clock cycle: 1060
Register Write to Reg: 0x00 Val: 0x00400168
In clock cycle: 1068
Register Write to Reg: 0x01 Val: 0x00400064
In clock cycle: 1069
Register Write to Reg: 0x02 Val: 0x7FFFEFC4
In clock cycle: 1070
Register Write to Reg: 0x06 Val: 0x00400174
In clock cycle: 1074
Register Write to Reg: 0x01 Val: 0x0040004C
In clock cycle: 1075
Register Write to Reg: 0x02 Val: 0x7FFFEFE0
In clock cycle: 1076
Register Write to Reg: 0x06 Val: 0x00400070
In clock cycle: 1080
Register Write to Reg: 0x0A Val: 0x10010000
In clock cycle: 1081
Register Write to Reg: 0x0C Val: 0x00000000
In clock cycle: 1083
Register Write to Reg: 0x0D Val: 0x00000007
In clock cycle: 1084
Register Write to Reg: 0x0E Val: 0x00000003
In clock cycle: 1086
Register Write to Reg: 0x0B Val: 0x00000003
In clock cycle: 1087
Register Write to Reg: 0x01 Val: 0x00400064
In clock cycle: 1091
Register Write to Reg: 0x02 Val: 0x7FFFEFB0
In clock cycle: 1091
Memory Write to Addr: 0x7FFFEFDC Val: 0x00400064
In clock cycle: 1092
Memory Write to Addr: 0x7FFFEFD8 Val: 0x10010000
In clock cycle: 1093
Memory Write to Addr: 0x7FFFEFD4 Val: 0x00000003
In clock cycle: 1094
Memory Write to Addr: 0x7FFFEFD0 Val: 0x00000000
In clock cycle: 1095
Memory Write to Addr: 0x7FFFEFCC Val: 0x00000007
In clock cycle: 1097
Register Write to Reg: 0x0E Val: 0x10010088
In clock cycle: 1098
Register Write to Reg: 0x0E Val: 0x10010024
In clock cycle: 1099
Register Write to Reg: 0x0F Val: 0x00000000
In clock cycle: 1100
Register Write to Reg: 0x10 Val: 0x00000004
In clock cycle: 1101
Register Write to Reg: 0x11 Val: 0x00000000
In clock cycle: 1104
Register Write to Reg: 0x12 Val: 0x00000000
In clock cycle: 1105
Register Write to Reg: 0x13 Val: 0x10010000
In clock cycle: 1106
Register Write to Reg: 0x14 Val: 0x00000001
In clock cycle: 1107
Register Write to Reg: 0x15 Val: 0x00000010
In clock cycle: 1108
Register Write to Reg: 0x16 Val: 0x10010010
In clock cycle: 1109
Register Write to Reg: 0x17 Val: 0x00000002
In clock cycle: 1115
Register Write to Reg: 0x18 Val: 0x00000000
In clock cycle: 1116
Register Write to Reg: 0x19 Val: 0x10010024
In clock cycle: 1116
Memory Write to Addr: 0x10010024 Val: 0x00000001
In clock cycle: 1118
Register Write to Reg: 0x0F Val: 0x00000001
In clock cycle: 1119
Register Write to Reg: 0x11 Val: 0x00000001
In clock cycle: 1120
Register Write to Reg: 0x00 Val: 0x004000DC
In clock cycle: 1126
Register Write to Reg: 0x12 Val: 0x00000004
In clock cycle: 1127
Register Write to Reg: 0x13 Val: 0x10010004
In clock cycle: 1128
Register Write to Reg: 0x14 Val: 0x00000003
In clock cycle: 1129
Register Write to Reg: 0x15 Val: 0x00000010
In clock cycle: 1130
Register Write to Reg: 0x16 Val: 0x10010010
In clock cycle: 1131
Register Write to Reg: 0x17 Val: 0x00000002
In clock cycle: 1134
Register Write to Reg: 0x00 Val: 0x004000C4
In clock cycle: 1138
Register Write to Reg: 0x18 Val: 0x00000004
In clock cycle: 1139
Register Write to Reg: 0x19 Val: 0x10010028
In clock cycle: 1139
Memory Write to Addr: 0x10010028 Val: 0x00000002
In clock cycle: 1141
Register Write to Reg: 0x10 Val: 0x00000005
In clock cycle: 1142
Register Write to Reg: 0x11 Val: 0x00000002
In clock cycle: 1143
Register Write to Reg: 0x00 Val: 0x004000F4
In clock cycle: 1149
Register Write to Reg: 0x12 Val: 0x00000004
In clock cycle: 1150
Register Write to Reg: 0x13 Val: 0x10010004
In clock cycle: 1151
Register Write to Reg: 0x14 Val: 0x00000003
In clock cycle: 1152
Register Write to Reg: 0x15 Val: 0x00000014
In clock cycle: 1153
Register Write to Reg: 0x16 Val: 0x10010014
In clock cycle: 1154
Register Write to Reg: 0x17 Val: 0x00000004
In clock cycle: 1160
Register Write to Reg: 0x18 Val: 0x00000008
In clock cycle: 1161
Register Write to Reg: 0x19 Val: 0x1001002C
In clock cycle: 1161
Memory Write to Addr: 0x1001002C Val: 0x00000003
In clock cycle: 1163
Register Write to Reg: 0x0F Val: 0x00000002
In clock cycle: 1164
Register Write to Reg: 0x11 Val: 0x00000003
In clock cycle: 1165
Register Write to Reg: 0x00 Val: 0x004000DC
In clock cycle: 1171
Register Write to Reg: 0x12 Val: 0x00000008
In clock cycle: 1172
Register Write to Reg: 0x13 Val: 0x10010008
In clock cycle: 1173
Register Write to Reg: 0x14 Val: 0x00000007
In clock cycle: 1174
Register Write to Reg: 0x15 Val: 0x00000014
In clock cycle: 1175
Register Write to Reg: 0x16 Val: 0x10010014
In clock cycle: 1176
Register Write to Reg: 0x17 Val: 0x00000004
In clock cycle: 1179
Register Write to Reg: 0x00 Val: 0x004000C4
In clock cycle: 1183
Register Write to Reg: 0x18 Val: 0x0000000C
In clock cycle: 1184
Register Write to Reg: 0x19 Val: 0x10010030
In clock cycle: 1184
Memory Write to Addr: 0x10010030 Val: 0x00000004
In clock cycle: 1186
Register Write to Reg: 0x10 Val: 0x00000006
In clock cycle: 1187
Register Write to Reg: 0x11 Val: 0x00000004
In clock cycle: 1188
Register Write to Reg: 0x00 Val: 0x004000F4
In clock cycle: 1194
Register Write to Reg: 0x12 Val: 0x00000008
In clock cycle: 1195
Register Write to Reg: 0x13 Val: 0x10010008
In clock cycle: 1196
Register Write to Reg: 0x14 Val: 0x00000007
In clock cycle: 1197
Register Write to Reg: 0x15 Val: 0x00000018
In clock cycle: 1198
Register Write to Reg: 0x16 Val: 0x10010018
In clock cycle: 1199
Register Write to Reg: 0x17 Val: 0x00000006
In clock cycle: 1202
Register Write to Reg: 0x00 Val: 0x004000C4
In clock cycle: 1206
Register Write to Reg: 0x18 Val: 0x00000010
In clock cycle: 1207
Register Write to Reg: 0x19 Val: 0x10010034
In clock cycle: 1207
Memory Write to Addr: 0x10010034 Val: 0x00000006
In clock cycle: 1209
Register Write to Reg: 0x10 Val: 0x00000007
In clock cycle: 1210
Register Write to Reg: 0x11 Val: 0x00000005
In clock cycle: 1211
Register Write to Reg: 0x00 Val: 0x004000F4
In clock cycle: 1217
Register Write to Reg: 0x12 Val: 0x00000008
In clock cycle: 1218
Register Write to Reg: 0x13 Val: 0x10010008
In clock cycle: 1219
Register Write to Reg: 0x14 Val: 0x00000007
In clock cycle: 1220
Register Write to Reg: 0x15 Val: 0x0000001C
In clock cycle: 1221
Register Write to Reg: 0x16 Val: 0x1001001C
In clock cycle: 1222
Register Write to Reg: 0x17 Val: 0x00000008
In clock cycle: 1228
Register Write to Reg: 0x18 Val: 0x00000014
In clock cycle: 1229
Register Write to Reg: 0x19 Val: 0x10010038
In clock cycle: 1229
Memory Write to Addr: 0x10010038 Val: 0x00000007
In clock cycle: 1231
Register Write to Reg: 0x0F Val: 0x00000003
In clock cycle: 1232
Register Write to Reg: 0x11 Val: 0x00000006
In clock cycle: 1233
Register Write to Reg: 0x00 Val: 0x004000DC
In clock cycle: 1239
Register Write to Reg: 0x12 Val: 0x0000000C
In clock cycle: 1240
Register Write to Reg: 0x13 Val: 0x1001000C
In clock cycle: 1241
Register Write to Reg: 0x14 Val: 0x00000009
In clock cycle: 1242
Register Write to Reg: 0x15 Val: 0x0000001C
In clock cycle: 1243
Register Write to Reg: 0x16 Val: 0x1001001C
In clock cycle: 1244
Register Write to Reg: 0x17 Val: 0x00000008
In clock cycle: 1247
Register Write to Reg: 0x00 Val: 0x004000C4
In clock cycle: 1251
Register Write to Reg: 0x18 Val: 0x00000018
In clock cycle: 1252
Register Write to Reg: 0x19 Val: 0x1001003C
In clock cycle: 1252
Memory Write to Addr: 0x1001003C Val: 0x00000008
In clock cycle: 1254
Register Write to Reg: 0x10 Val: 0x00000008
In clock cycle: 1255
Register Write to Reg: 0x11 Val: 0x00000007
In clock cycle: 1256
Register Write to Reg: 0x00 Val: 0x004000F4
In clock cycle: 1266
Register Write to Reg: 0x12 Val: 0x0000000C
In clock cycle: 1267
Register Write to Reg: 0x13 Val: 0x1001000C
In clock cycle: 1268
Register Write to Reg: 0x14 Val: 0x00000009
In clock cycle: 1269
Register Write to Reg: 0x18 Val: 0x0000001C
In clock cycle: 1270
Register Write to Reg: 0x19 Val: 0x10010040
In clock cycle: 1270
Memory Write to Addr: 0x10010040 Val: 0x00000009
In clock cycle: 1272
Register Write to Reg: 0x0F Val: 0x00000004
In clock cycle: 1273
Register Write to Reg: 0x11 Val: 0x00000008
In clock cycle: 1274
Register Write to Reg: 0x00 Val: 0x0040011C
In clock cycle: 1279
Register Write to Reg: 0x11 Val: 0x00000000
In clock cycle: 1281
Register Write to Reg: 0x18 Val: 0x00000000
In clock cycle: 1282
Register Write to Reg: 0x19 Val: 0x10010024
In clock cycle: 1283
Register Write to Reg: 0x1A Val: 0x00000001
In clock cycle: 1284
Register Write to Reg: 0x1B Val: 0x10010000
In clock cycle: 1284
Memory Write to Addr: 0x10010000 Val: 0x00000001
In clock cycle: 1286
Register Write to Reg: 0x11 Val: 0x00000001
In clock cycle: 1287
Register Write to Reg: 0x00 Val: 0x00400168
In clock cycle: 1292
Register Write to Reg: 0x18 Val: 0x00000004
In clock cycle: 1293
Register Write to Reg: 0x19 Val: 0x10010028
In clock cycle: 1294
Register Write to Reg: 0x1A Val: 0x00000002
In clock cycle: 1295
Register Write to Reg: 0x1B Val: 0x10010004
In clock cycle: 1295
Memory Write to Addr: 0x10010004 Val: 0x00000002
In clock cycle: 1297
Register Write to Reg: 0x11 Val: 0x00000002
In clock cycle: 1298
Register Write to Reg: 0x00 Val: 0x00400168
In clock cycle: 1303
Register Write to Reg: 0x18 Val: 0x00000008
In clock cycle: 1304
Register Write to Reg: 0x19 Val: 0x1001002C
In clock cycle: 1305
Register Write to Reg: 0x1A Val: 0x00000003
In clock cycle: 1306
Register Write to Reg: 0x1B Val: 0x10010008
In clock cycle: 1306
Memory Write to Addr: 0x10010008 Val: 0x00000003
In clock cycle: 1308
Register Write to Reg: 0x11 Val: 0x00000003
In clock cycle: 1309
Register Write to Reg: 0x00 Val: 0x00400168
In clock cycle: 1314
Register Write to Reg: 0x18 Val: 0x0000000C
In clock cycle: 1315
Register Write to Reg: 0x19 Val: 0x10010030
In clock cycle: 1316
Register Write to Reg: 0x1A Val: 0x00000004
In clock cycle: 1317
Register Write to Reg: 0x1B Val: 0x1001000C
In clock cycle: 1317
Memory Write to Addr: 0x1001000C Val: 0x00000004
In clock cycle: 1319
Register Write to Reg: 0x11 Val: 0x00000004
In clock cycle: 1320
Register Write to Reg: 0x00 Val: 0x00400168
In clock cycle: 1325
Register Write to Reg: 0x18 Val: 0x00000010
In clock cycle: 1326
Register Write to Reg: 0x19 Val: 0x10010034
In clock cycle: 1327
Register Write to Reg: 0x1A Val: 0x00000006
In clock cycle: 1328
Register Write to Reg: 0x1B Val: 0x10010010
In clock cycle: 1328
Memory Write to Addr: 0x10010010 Val: 0x00000006
In clock cycle: 1330
Register Write to Reg: 0x11 Val: 0x00000005
In clock cycle: 1331
Register Write to Reg: 0x00 Val: 0x00400168
In clock cycle: 1336
Register Write to Reg: 0x18 Val: 0x00000014
In clock cycle: 1337
Register Write to Reg: 0x19 Val: 0x10010038
In clock cycle: 1338
Register Write to Reg: 0x1A Val: 0x00000007
In clock cycle: 1339
Register Write to Reg: 0x1B Val: 0x10010014
In clock cycle: 1339
Memory Write to Addr: 0x10010014 Val: 0x00000007
In clock cycle: 1341
Register Write to Reg: 0x11 Val: 0x00000006
In clock cycle: 1342
Register Write to Reg: 0x00 Val: 0x00400168
In clock cycle: 1347
Register Write to Reg: 0x18 Val: 0x00000018
In clock cycle: 1348
Register Write to Reg: 0x19 Val: 0x1001003C
In clock cycle: 1349
Register Write to Reg: 0x1A Val: 0x00000008
In clock cycle: 1350
Register Write to Reg: 0x1B Val: 0x10010018
In clock cycle: 1350
Memory Write to Addr: 0x10010018 Val: 0x00000008
In clock cycle: 1352
Register Write to Reg: 0x11 Val: 0x00000007
In clock cycle: 1353
Register Write to Reg: 0x00 Val: 0x00400168
In clock cycle: 1358
Register Write to Reg: 0x18 Val: 0x0000001C
In clock cycle: 1359
Register Write to Reg: 0x19 Val: 0x10010040
In clock cycle: 1360
Register Write to Reg: 0x1A Val: 0x00000009
In clock cycle: 1361
Register Write to Reg: 0x1B Val: 0x1001001C
In clock cycle: 1361
Memory Write to Addr: 0x1001001C Val: 0x00000009
In clock cycle: 1363
Register Write to Reg: 0x11 Val: 0x00000008
In clock cycle: 1364
Register Write to Reg: 0x00 Val: 0x00400168
In clock cycle: 1372
Register Write to Reg: 0x01 Val: 0x00400064
In clock cycle: 1373
Register Write to Reg: 0x02 Val: 0x7FFFEFE0
In clock cycle: 1374
Register Write to Reg: 0x06 Val: 0x00400174
In clock cycle: 1378
Register Write to Reg: 0x01 Val: 0x00400190
In clock cycle: 1379
Register Write to Reg: 0x02 Val: 0x7FFFEFFC
In clock cycle: 1380
Register Write to Reg: 0x06 Val: 0x00400070
Execution is stopping! Clock Cycle: 1384
