In clock cycle: 4
Register Write to Reg: 0x08 Val: 0x10010000
In clock cycle: 8
Register Write to Reg: 0x08 Val: 0x10010000
In clock cycle: 9
Register Write to Reg: 0x15 Val: 0x10010000
In clock cycle: 13
Register Write to Reg: 0x15 Val: 0x1001004C
In clock cycle: 17
Register Write to Reg: 0x15 Val: 0x00000013
In clock cycle: 18
Register Write to Reg: 0x12 Val: 0x00000001
In clock cycle: 21
Memory Write to Addr: 0x10010000 Val: 0x00000001
In clock cycle: 22
Memory Write to Addr: 0x10010004 Val: 0x00000001
In clock cycle: 24
Register Write to Reg: 0x09 Val: 0x00000011
In clock cycle: 25
Register Write to Reg: 0x13 Val: 0x00000001
In clock cycle: 26
Register Write to Reg: 0x14 Val: 0x00000001
In clock cycle: 30
Register Write to Reg: 0x12 Val: 0x00000002
In clock cycle: 33
Memory Write to Addr: 0x10010008 Val: 0x00000002
In clock cycle: 35
Register Write to Reg: 0x08 Val: 0x10010004
In clock cycle: 36
Register Write to Reg: 0x09 Val: 0x00000010
In clock cycle: 44
Register Write to Reg: 0x13 Val: 0x00000001
In clock cycle: 45
Register Write to Reg: 0x14 Val: 0x00000002
In clock cycle: 49
Register Write to Reg: 0x12 Val: 0x00000003
In clock cycle: 52
Memory Write to Addr: 0x1001000C Val: 0x00000003
In clock cycle: 54
Register Write to Reg: 0x08 Val: 0x10010008
In clock cycle: 55
Register Write to Reg: 0x09 Val: 0x0000000F
In clock cycle: 63
Register Write to Reg: 0x13 Val: 0x00000002
In clock cycle: 64
Register Write to Reg: 0x14 Val: 0x00000003
In clock cycle: 68
Register Write to Reg: 0x12 Val: 0x00000005
In clock cycle: 71
Memory Write to Addr: 0x10010010 Val: 0x00000005
In clock cycle: 73
Register Write to Reg: 0x08 Val: 0x1001000C
In clock cycle: 74
Register Write to Reg: 0x09 Val: 0x0000000E
In clock cycle: 82
Register Write to Reg: 0x13 Val: 0x00000003
In clock cycle: 83
Register Write to Reg: 0x14 Val: 0x00000005
In clock cycle: 87
Register Write to Reg: 0x12 Val: 0x00000008
In clock cycle: 90
Memory Write to Addr: 0x10010014 Val: 0x00000008
In clock cycle: 92
Register Write to Reg: 0x08 Val: 0x10010010
In clock cycle: 93
Register Write to Reg: 0x09 Val: 0x0000000D
In clock cycle: 101
Register Write to Reg: 0x13 Val: 0x00000005
In clock cycle: 102
Register Write to Reg: 0x14 Val: 0x00000008
In clock cycle: 106
Register Write to Reg: 0x12 Val: 0x0000000D
In clock cycle: 109
Memory Write to Addr: 0x10010018 Val: 0x0000000D
In clock cycle: 111
Register Write to Reg: 0x08 Val: 0x10010014
In clock cycle: 112
Register Write to Reg: 0x09 Val: 0x0000000C
In clock cycle: 120
Register Write to Reg: 0x13 Val: 0x00000008
In clock cycle: 121
Register Write to Reg: 0x14 Val: 0x0000000D
In clock cycle: 125
Register Write to Reg: 0x12 Val: 0x00000015
In clock cycle: 128
Memory Write to Addr: 0x1001001C Val: 0x00000015
In clock cycle: 130
Register Write to Reg: 0x08 Val: 0x10010018
In clock cycle: 131
Register Write to Reg: 0x09 Val: 0x0000000B
In clock cycle: 139
Register Write to Reg: 0x13 Val: 0x0000000D
In clock cycle: 140
Register Write to Reg: 0x14 Val: 0x00000015
In clock cycle: 144
Register Write to Reg: 0x12 Val: 0x00000022
In clock cycle: 147
Memory Write to Addr: 0x10010020 Val: 0x00000022
In clock cycle: 149
Register Write to Reg: 0x08 Val: 0x1001001C
In clock cycle: 150
Register Write to Reg: 0x09 Val: 0x0000000A
In clock cycle: 158
Register Write to Reg: 0x13 Val: 0x00000015
In clock cycle: 159
Register Write to Reg: 0x14 Val: 0x00000022
In clock cycle: 163
Register Write to Reg: 0x12 Val: 0x00000037
In clock cycle: 166
Memory Write to Addr: 0x10010024 Val: 0x00000037
In clock cycle: 168
Register Write to Reg: 0x08 Val: 0x10010020
In clock cycle: 169
Register Write to Reg: 0x09 Val: 0x00000009
In clock cycle: 177
Register Write to Reg: 0x13 Val: 0x00000022
In clock cycle: 178
Register Write to Reg: 0x14 Val: 0x00000037
In clock cycle: 182
Register Write to Reg: 0x12 Val: 0x00000059
In clock cycle: 185
Memory Write to Addr: 0x10010028 Val: 0x00000059
In clock cycle: 187
Register Write to Reg: 0x08 Val: 0x10010024
In clock cycle: 188
Register Write to Reg: 0x09 Val: 0x00000008
In clock cycle: 196
Register Write to Reg: 0x13 Val: 0x00000037
In clock cycle: 197
Register Write to Reg: 0x14 Val: 0x00000059
In clock cycle: 201
Register Write to Reg: 0x12 Val: 0x00000090
In clock cycle: 204
Memory Write to Addr: 0x1001002C Val: 0x00000090
In clock cycle: 206
Register Write to Reg: 0x08 Val: 0x10010028
In clock cycle: 207
Register Write to Reg: 0x09 Val: 0x00000007
In clock cycle: 215
Register Write to Reg: 0x13 Val: 0x00000059
In clock cycle: 216
Register Write to Reg: 0x14 Val: 0x00000090
In clock cycle: 220
Register Write to Reg: 0x12 Val: 0x000000E9
In clock cycle: 223
Memory Write to Addr: 0x10010030 Val: 0x000000E9
In clock cycle: 225
Register Write to Reg: 0x08 Val: 0x1001002C
In clock cycle: 226
Register Write to Reg: 0x09 Val: 0x00000006
In clock cycle: 234
Register Write to Reg: 0x13 Val: 0x00000090
In clock cycle: 235
Register Write to Reg: 0x14 Val: 0x000000E9
In clock cycle: 239
Register Write to Reg: 0x12 Val: 0x00000179
In clock cycle: 242
Memory Write to Addr: 0x10010034 Val: 0x00000179
In clock cycle: 244
Register Write to Reg: 0x08 Val: 0x10010030
In clock cycle: 245
Register Write to Reg: 0x09 Val: 0x00000005
In clock cycle: 253
Register Write to Reg: 0x13 Val: 0x000000E9
In clock cycle: 254
Register Write to Reg: 0x14 Val: 0x00000179
In clock cycle: 258
Register Write to Reg: 0x12 Val: 0x00000262
In clock cycle: 261
Memory Write to Addr: 0x10010038 Val: 0x00000262
In clock cycle: 263
Register Write to Reg: 0x08 Val: 0x10010034
In clock cycle: 264
Register Write to Reg: 0x09 Val: 0x00000004
In clock cycle: 272
Register Write to Reg: 0x13 Val: 0x00000179
In clock cycle: 273
Register Write to Reg: 0x14 Val: 0x00000262
In clock cycle: 277
Register Write to Reg: 0x12 Val: 0x000003DB
In clock cycle: 280
Memory Write to Addr: 0x1001003C Val: 0x000003DB
In clock cycle: 282
Register Write to Reg: 0x08 Val: 0x10010038
In clock cycle: 283
Register Write to Reg: 0x09 Val: 0x00000003
In clock cycle: 291
Register Write to Reg: 0x13 Val: 0x00000262
In clock cycle: 292
Register Write to Reg: 0x14 Val: 0x000003DB
In clock cycle: 296
Register Write to Reg: 0x12 Val: 0x0000063D
In clock cycle: 299
Memory Write to Addr: 0x10010040 Val: 0x0000063D
In clock cycle: 301
Register Write to Reg: 0x08 Val: 0x1001003C
In clock cycle: 302
Register Write to Reg: 0x09 Val: 0x00000002
In clock cycle: 310
Register Write to Reg: 0x13 Val: 0x000003DB
In clock cycle: 311
Register Write to Reg: 0x14 Val: 0x0000063D
In clock cycle: 315
Register Write to Reg: 0x12 Val: 0x00000A18
In clock cycle: 318
Memory Write to Addr: 0x10010044 Val: 0x00000A18
In clock cycle: 320
Register Write to Reg: 0x08 Val: 0x10010040
In clock cycle: 321
Register Write to Reg: 0x09 Val: 0x00000001
In clock cycle: 329
Register Write to Reg: 0x13 Val: 0x0000063D
In clock cycle: 330
Register Write to Reg: 0x14 Val: 0x00000A18
In clock cycle: 334
Register Write to Reg: 0x12 Val: 0x00001055
In clock cycle: 337
Memory Write to Addr: 0x10010048 Val: 0x00001055
In clock cycle: 339
Register Write to Reg: 0x08 Val: 0x10010044
In clock cycle: 340
Register Write to Reg: 0x09 Val: 0x00000000
In clock cycle: 348
Register Write to Reg: 0x0A Val: 0x10010000
In clock cycle: 352
Register Write to Reg: 0x0A Val: 0x10010000
In clock cycle: 353
Register Write to Reg: 0x0B Val: 0x00000013
In clock cycle: 357
Register Write to Reg: 0x01 Val: 0x004000C8
In clock cycle: 361
Register Write to Reg: 0x05 Val: 0x10010000
In clock cycle: 365
Register Write to Reg: 0x06 Val: 0x00000013
In clock cycle: 369
Register Write to Reg: 0x0A Val: 0x10010000
In clock cycle: 373
Register Write to Reg: 0x0A Val: 0x10010052
In clock cycle: 377
Register Write to Reg: 0x11 Val: 0x00000004
In clock cycle: 379
Register Write to Reg: 0x0A Val: 0x00000001
In clock cycle: 383
Register Write to Reg: 0x11 Val: 0x00000001
In clock cycle: 385
Register Write to Reg: 0x0A Val: 0x10010000
In clock cycle: 389
Register Write to Reg: 0x0A Val: 0x10010050
In clock cycle: 393
Register Write to Reg: 0x11 Val: 0x00000004
In clock cycle: 395
Register Write to Reg: 0x05 Val: 0x10010004
In clock cycle: 399
Register Write to Reg: 0x06 Val: 0x00000012
In clock cycle: 407
Register Write to Reg: 0x0A Val: 0x00000001
In clock cycle: 411
Register Write to Reg: 0x11 Val: 0x00000001
In clock cycle: 413
Register Write to Reg: 0x0A Val: 0x10010000
In clock cycle: 417
Register Write to Reg: 0x0A Val: 0x10010050
In clock cycle: 421
Register Write to Reg: 0x11 Val: 0x00000004
In clock cycle: 423
Register Write to Reg: 0x05 Val: 0x10010008
In clock cycle: 427
Register Write to Reg: 0x06 Val: 0x00000011
In clock cycle: 435
Register Write to Reg: 0x0A Val: 0x00000002
In clock cycle: 439
Register Write to Reg: 0x11 Val: 0x00000001
In clock cycle: 441
Register Write to Reg: 0x0A Val: 0x10010000
In clock cycle: 445
Register Write to Reg: 0x0A Val: 0x10010050
In clock cycle: 449
Register Write to Reg: 0x11 Val: 0x00000004
In clock cycle: 451
Register Write to Reg: 0x05 Val: 0x1001000C
In clock cycle: 455
Register Write to Reg: 0x06 Val: 0x00000010
In clock cycle: 463
Register Write to Reg: 0x0A Val: 0x00000003
In clock cycle: 467
Register Write to Reg: 0x11 Val: 0x00000001
In clock cycle: 469
Register Write to Reg: 0x0A Val: 0x10010000
In clock cycle: 473
Register Write to Reg: 0x0A Val: 0x10010050
In clock cycle: 477
Register Write to Reg: 0x11 Val: 0x00000004
In clock cycle: 479
Register Write to Reg: 0x05 Val: 0x10010010
In clock cycle: 483
Register Write to Reg: 0x06 Val: 0x0000000F
In clock cycle: 491
Register Write to Reg: 0x0A Val: 0x00000005
In clock cycle: 495
Register Write to Reg: 0x11 Val: 0x00000001
In clock cycle: 497
Register Write to Reg: 0x0A Val: 0x10010000
In clock cycle: 501
Register Write to Reg: 0x0A Val: 0x10010050
In clock cycle: 505
Register Write to Reg: 0x11 Val: 0x00000004
In clock cycle: 507
Register Write to Reg: 0x05 Val: 0x10010014
In clock cycle: 511
Register Write to Reg: 0x06 Val: 0x0000000E
In clock cycle: 519
Register Write to Reg: 0x0A Val: 0x00000008
In clock cycle: 523
Register Write to Reg: 0x11 Val: 0x00000001
In clock cycle: 525
Register Write to Reg: 0x0A Val: 0x10010000
In clock cycle: 529
Register Write to Reg: 0x0A Val: 0x10010050
In clock cycle: 533
Register Write to Reg: 0x11 Val: 0x00000004
In clock cycle: 535
Register Write to Reg: 0x05 Val: 0x10010018
In clock cycle: 539
Register Write to Reg: 0x06 Val: 0x0000000D
In clock cycle: 547
Register Write to Reg: 0x0A Val: 0x0000000D
In clock cycle: 551
Register Write to Reg: 0x11 Val: 0x00000001
In clock cycle: 553
Register Write to Reg: 0x0A Val: 0x10010000
In clock cycle: 557
Register Write to Reg: 0x0A Val: 0x10010050
In clock cycle: 561
Register Write to Reg: 0x11 Val: 0x00000004
In clock cycle: 563
Register Write to Reg: 0x05 Val: 0x1001001C
In clock cycle: 567
Register Write to Reg: 0x06 Val: 0x0000000C
In clock cycle: 575
Register Write to Reg: 0x0A Val: 0x00000015
In clock cycle: 579
Register Write to Reg: 0x11 Val: 0x00000001
In clock cycle: 581
Register Write to Reg: 0x0A Val: 0x10010000
In clock cycle: 585
Register Write to Reg: 0x0A Val: 0x10010050
In clock cycle: 589
Register Write to Reg: 0x11 Val: 0x00000004
In clock cycle: 591
Register Write to Reg: 0x05 Val: 0x10010020
In clock cycle: 595
Register Write to Reg: 0x06 Val: 0x0000000B
In clock cycle: 603
Register Write to Reg: 0x0A Val: 0x00000022
In clock cycle: 607
Register Write to Reg: 0x11 Val: 0x00000001
In clock cycle: 609
Register Write to Reg: 0x0A Val: 0x10010000
In clock cycle: 613
Register Write to Reg: 0x0A Val: 0x10010050
In clock cycle: 617
Register Write to Reg: 0x11 Val: 0x00000004
In clock cycle: 619
Register Write to Reg: 0x05 Val: 0x10010024
In clock cycle: 623
Register Write to Reg: 0x06 Val: 0x0000000A
In clock cycle: 631
Register Write to Reg: 0x0A Val: 0x00000037
In clock cycle: 635
Register Write to Reg: 0x11 Val: 0x00000001
In clock cycle: 637
Register Write to Reg: 0x0A Val: 0x10010000
In clock cycle: 641
Register Write to Reg: 0x0A Val: 0x10010050
In clock cycle: 645
Register Write to Reg: 0x11 Val: 0x00000004
In clock cycle: 647
Register Write to Reg: 0x05 Val: 0x10010028
In clock cycle: 651
Register Write to Reg: 0x06 Val: 0x00000009
In clock cycle: 659
Register Write to Reg: 0x0A Val: 0x00000059
In clock cycle: 663
Register Write to Reg: 0x11 Val: 0x00000001
In clock cycle: 665
Register Write to Reg: 0x0A Val: 0x10010000
In clock cycle: 669
Register Write to Reg: 0x0A Val: 0x10010050
In clock cycle: 673
Register Write to Reg: 0x11 Val: 0x00000004
In clock cycle: 675
Register Write to Reg: 0x05 Val: 0x1001002C
In clock cycle: 679
Register Write to Reg: 0x06 Val: 0x00000008
In clock cycle: 687
Register Write to Reg: 0x0A Val: 0x00000090
In clock cycle: 691
Register Write to Reg: 0x11 Val: 0x00000001
In clock cycle: 693
Register Write to Reg: 0x0A Val: 0x10010000
In clock cycle: 697
Register Write to Reg: 0x0A Val: 0x10010050
In clock cycle: 701
Register Write to Reg: 0x11 Val: 0x00000004
In clock cycle: 703
Register Write to Reg: 0x05 Val: 0x10010030
In clock cycle: 707
Register Write to Reg: 0x06 Val: 0x00000007
In clock cycle: 715
Register Write to Reg: 0x0A Val: 0x000000E9
In clock cycle: 719
Register Write to Reg: 0x11 Val: 0x00000001
In clock cycle: 721
Register Write to Reg: 0x0A Val: 0x10010000
In clock cycle: 725
Register Write to Reg: 0x0A Val: 0x10010050
In clock cycle: 729
Register Write to Reg: 0x11 Val: 0x00000004
In clock cycle: 731
Register Write to Reg: 0x05 Val: 0x10010034
In clock cycle: 735
Register Write to Reg: 0x06 Val: 0x00000006
In clock cycle: 743
Register Write to Reg: 0x0A Val: 0x00000179
In clock cycle: 747
Register Write to Reg: 0x11 Val: 0x00000001
In clock cycle: 749
Register Write to Reg: 0x0A Val: 0x10010000
In clock cycle: 753
Register Write to Reg: 0x0A Val: 0x10010050
In clock cycle: 757
Register Write to Reg: 0x11 Val: 0x00000004
In clock cycle: 759
Register Write to Reg: 0x05 Val: 0x10010038
In clock cycle: 763
Register Write to Reg: 0x06 Val: 0x00000005
In clock cycle: 771
Register Write to Reg: 0x0A Val: 0x00000262
In clock cycle: 775
Register Write to Reg: 0x11 Val: 0x00000001
In clock cycle: 777
Register Write to Reg: 0x0A Val: 0x10010000
In clock cycle: 781
Register Write to Reg: 0x0A Val: 0x10010050
In clock cycle: 785
Register Write to Reg: 0x11 Val: 0x00000004
In clock cycle: 787
Register Write to Reg: 0x05 Val: 0x1001003C
In clock cycle: 791
Register Write to Reg: 0x06 Val: 0x00000004
In clock cycle: 799
Register Write to Reg: 0x0A Val: 0x000003DB
In clock cycle: 803
Register Write to Reg: 0x11 Val: 0x00000001
In clock cycle: 805
Register Write to Reg: 0x0A Val: 0x10010000
In clock cycle: 809
Register Write to Reg: 0x0A Val: 0x10010050
In clock cycle: 813
Register Write to Reg: 0x11 Val: 0x00000004
In clock cycle: 815
Register Write to Reg: 0x05 Val: 0x10010040
In clock cycle: 819
Register Write to Reg: 0x06 Val: 0x00000003
In clock cycle: 827
Register Write to Reg: 0x0A Val: 0x0000063D
In clock cycle: 831
Register Write to Reg: 0x11 Val: 0x00000001
In clock cycle: 833
Register Write to Reg: 0x0A Val: 0x10010000
In clock cycle: 837
Register Write to Reg: 0x0A Val: 0x10010050
In clock cycle: 841
Register Write to Reg: 0x11 Val: 0x00000004
In clock cycle: 843
Register Write to Reg: 0x05 Val: 0x10010044
In clock cycle: 847
Register Write to Reg: 0x06 Val: 0x00000002
In clock cycle: 855
Register Write to Reg: 0x0A Val: 0x00000A18
In clock cycle: 859
Register Write to Reg: 0x11 Val: 0x00000001
In clock cycle: 861
Register Write to Reg: 0x0A Val: 0x10010000
In clock cycle: 865
Register Write to Reg: 0x0A Val: 0x10010050
In clock cycle: 869
Register Write to Reg: 0x11 Val: 0x00000004
In clock cycle: 871
Register Write to Reg: 0x05 Val: 0x10010048
In clock cycle: 875
Register Write to Reg: 0x06 Val: 0x00000001
In clock cycle: 883
Register Write to Reg: 0x0A Val: 0x00001055
In clock cycle: 887
Register Write to Reg: 0x11 Val: 0x00000001
In clock cycle: 889
Register Write to Reg: 0x0A Val: 0x10010000
In clock cycle: 893
Register Write to Reg: 0x0A Val: 0x10010050
In clock cycle: 897
Register Write to Reg: 0x11 Val: 0x00000004
In clock cycle: 899
Register Write to Reg: 0x05 Val: 0x1001004C
In clock cycle: 903
Register Write to Reg: 0x06 Val: 0x00000000
Execution is stopping! Clock Cycle: 922
