[inst #1] lui x8,65552
Register Write to Reg: 0x08 Val: 0x10010000
[inst #2] addi x0,x0,0
Register Write to Reg: 0x00 Val: 0x00000000
[inst #3] addi x0,x0,0
Register Write to Reg: 0x00 Val: 0x00000000
[inst #4] addi x0,x0,0
Register Write to Reg: 0x00 Val: 0x00000000
[inst #5] addi x8,x8,0
Register Write to Reg: 0x08 Val: 0x10010000
[inst #6] lui x21,65552
Register Write to Reg: 0x15 Val: 0x10010000
[inst #7] addi x0,x0,0
Register Write to Reg: 0x00 Val: 0x00000000
[inst #8] addi x0,x0,0
Register Write to Reg: 0x00 Val: 0x00000000
[inst #9] addi x0,x0,0
Register Write to Reg: 0x00 Val: 0x00000000
[inst #10] addi x21,x21,76
Register Write to Reg: 0x15 Val: 0x1001004C
[inst #11] addi x0,x0,0
Register Write to Reg: 0x00 Val: 0x00000000
[inst #12] addi x0,x0,0
Register Write to Reg: 0x00 Val: 0x00000000
[inst #13] addi x0,x0,0
Register Write to Reg: 0x00 Val: 0x00000000
[inst #14] lw x21,0(x21)
Register Write to Reg: 0x15 Val: 0x00000013
[inst #15] addi x18,x0,1
Register Write to Reg: 0x12 Val: 0x00000001
[inst #16] addi x0,x0,0
Register Write to Reg: 0x00 Val: 0x00000000
[inst #17] addi x0,x0,0
Register Write to Reg: 0x00 Val: 0x00000000
[inst #18] addi x0,x0,0
Register Write to Reg: 0x00 Val: 0x00000000
[inst #19] sw x18,0(x8)
Memory Write to Addr: 0x10010000 Val: 0x00000001
[inst #20] sw x18,4(x8)
Memory Write to Addr: 0x10010004 Val: 0x00000001
[inst #21] addi x9,x21,-2
Register Write to Reg: 0x09 Val: 0x00000011
[inst #22] lw x19,0(x8)
Register Write to Reg: 0x13 Val: 0x00000001
[inst #23] lw x20,4(x8)
Register Write to Reg: 0x14 Val: 0x00000001
[inst #24] addi x0,x0,0
Register Write to Reg: 0x00 Val: 0x00000000
[inst #25] addi x0,x0,0
Register Write to Reg: 0x00 Val: 0x00000000
[inst #26] addi x0,x0,0
Register Write to Reg: 0x00 Val: 0x00000000
[inst #27] add x18,x19,x20
Register Write to Reg: 0x12 Val: 0x00000002
[inst #28] addi x0,x0,0
Register Write to Reg: 0x00 Val: 0x00000000
[inst #29] addi x0,x0,0
Register Write to Reg: 0x00 Val: 0x00000000
[inst #30] addi x0,x0,0
Register Write to Reg: 0x00 Val: 0x00000000
[inst #31] sw x18,8(x8)
Memory Write to Addr: 0x10010008 Val: 0x00000002
[inst #32] addi x8,x8,4
Register Write to Reg: 0x08 Val: 0x10010004
[inst #33] addi x9,x9,-1
Register Write to Reg: 0x09 Val: 0x00000010
[inst #34] addi x0,x0,0
Register Write to Reg: 0x00 Val: 0x00000000
[inst #35] addi x0,x0,0
Register Write to Reg: 0x00 Val: 0x00000000
[inst #36] addi x0,x0,0
Register Write to Reg: 0x00 Val: 0x00000000
[inst #37] bne x9,x0,-60
[inst #38] lw x19,0(x8)
Register Write to Reg: 0x13 Val: 0x00000001
[inst #39] lw x20,4(x8)
Register Write to Reg: 0x14 Val: 0x00000002
[inst #40] addi x0,x0,0
Register Write to Reg: 0x00 Val: 0x00000000
[inst #41] addi x0,x0,0
Register Write to Reg: 0x00 Val: 0x00000000
[inst #42] addi x0,x0,0
Register Write to Reg: 0x00 Val: 0x00000000
[inst #43] add x18,x19,x20
Register Write to Reg: 0x12 Val: 0x00000003
[inst #44] addi x0,x0,0
Register Write to Reg: 0x00 Val: 0x00000000
[inst #45] addi x0,x0,0
Register Write to Reg: 0x00 Val: 0x00000000
[inst #46] addi x0,x0,0
Register Write to Reg: 0x00 Val: 0x00000000
[inst #47] sw x18,8(x8)
Memory Write to Addr: 0x1001000C Val: 0x00000003
[inst #48] addi x8,x8,4
Register Write to Reg: 0x08 Val: 0x10010008
[inst #49] addi x9,x9,-1
Register Write to Reg: 0x09 Val: 0x0000000F
[inst #50] addi x0,x0,0
Register Write to Reg: 0x00 Val: 0x00000000
[inst #51] addi x0,x0,0
Register Write to Reg: 0x00 Val: 0x00000000
[inst #52] addi x0,x0,0
Register Write to Reg: 0x00 Val: 0x00000000
[inst #53] bne x9,x0,-60
[inst #54] lw x19,0(x8)
Register Write to Reg: 0x13 Val: 0x00000002
[inst #55] lw x20,4(x8)
Register Write to Reg: 0x14 Val: 0x00000003
[inst #56] addi x0,x0,0
Register Write to Reg: 0x00 Val: 0x00000000
[inst #57] addi x0,x0,0
Register Write to Reg: 0x00 Val: 0x00000000
[inst #58] addi x0,x0,0
Register Write to Reg: 0x00 Val: 0x00000000
[inst #59] add x18,x19,x20
Register Write to Reg: 0x12 Val: 0x00000005
[inst #60] addi x0,x0,0
Register Write to Reg: 0x00 Val: 0x00000000
[inst #61] addi x0,x0,0
Register Write to Reg: 0x00 Val: 0x00000000
[inst #62] addi x0,x0,0
Register Write to Reg: 0x00 Val: 0x00000000
[inst #63] sw x18,8(x8)
Memory Write to Addr: 0x10010010 Val: 0x00000005
[inst #64] addi x8,x8,4
Register Write to Reg: 0x08 Val: 0x1001000C
[inst #65] addi x9,x9,-1
Register Write to Reg: 0x09 Val: 0x0000000E
[inst #66] addi x0,x0,0
Register Write to Reg: 0x00 Val: 0x00000000
[inst #67] addi x0,x0,0
Register Write to Reg: 0x00 Val: 0x00000000
[inst #68] addi x0,x0,0
Register Write to Reg: 0x00 Val: 0x00000000
[inst #69] bne x9,x0,-60
[inst #70] lw x19,0(x8)
Register Write to Reg: 0x13 Val: 0x00000003
[inst #71] lw x20,4(x8)
Register Write to Reg: 0x14 Val: 0x00000005
[inst #72] addi x0,x0,0
Register Write to Reg: 0x00 Val: 0x00000000
[inst #73] addi x0,x0,0
Register Write to Reg: 0x00 Val: 0x00000000
[inst #74] addi x0,x0,0
Register Write to Reg: 0x00 Val: 0x00000000
[inst #75] add x18,x19,x20
Register Write to Reg: 0x12 Val: 0x00000008
[inst #76] addi x0,x0,0
Register Write to Reg: 0x00 Val: 0x00000000
[inst #77] addi x0,x0,0
Register Write to Reg: 0x00 Val: 0x00000000
[inst #78] addi x0,x0,0
Register Write to Reg: 0x00 Val: 0x00000000
[inst #79] sw x18,8(x8)
Memory Write to Addr: 0x10010014 Val: 0x00000008
[inst #80] addi x8,x8,4
Register Write to Reg: 0x08 Val: 0x10010010
[inst #81] addi x9,x9,-1
Register Write to Reg: 0x09 Val: 0x0000000D
[inst #82] addi x0,x0,0
Register Write to Reg: 0x00 Val: 0x00000000
[inst #83] addi x0,x0,0
Register Write to Reg: 0x00 Val: 0x00000000
[inst #84] addi x0,x0,0
Register Write to Reg: 0x00 Val: 0x00000000
[inst #85] bne x9,x0,-60
[inst #86] lw x19,0(x8)
Register Write to Reg: 0x13 Val: 0x00000005
[inst #87] lw x20,4(x8)
Register Write to Reg: 0x14 Val: 0x00000008
[inst #88] addi x0,x0,0
Register Write to Reg: 0x00 Val: 0x00000000
[inst #89] addi x0,x0,0
Register Write to Reg: 0x00 Val: 0x00000000
[inst #90] addi x0,x0,0
Register Write to Reg: 0x00 Val: 0x00000000
[inst #91] add x18,x19,x20
Register Write to Reg: 0x12 Val: 0x0000000D
[inst #92] addi x0,x0,0
Register Write to Reg: 0x00 Val: 0x00000000
[inst #93] addi x0,x0,0
Register Write to Reg: 0x00 Val: 0x00000000
[inst #94] addi x0,x0,0
Register Write to Reg: 0x00 Val: 0x00000000
[inst #95] sw x18,8(x8)
Memory Write to Addr: 0x10010018 Val: 0x0000000D
[inst #96] addi x8,x8,4
Register Write to Reg: 0x08 Val: 0x10010014
[inst #97] addi x9,x9,-1
Register Write to Reg: 0x09 Val: 0x0000000C
[inst #98] addi x0,x0,0
Register Write to Reg: 0x00 Val: 0x00000000
[inst #99] addi x0,x0,0
Register Write to Reg: 0x00 Val: 0x00000000
[inst #100] addi x0,x0,0
Register Write to Reg: 0x00 Val: 0x00000000
[inst #101] bne x9,x0,-60
[inst #102] lw x19,0(x8)
Register Write to Reg: 0x13 Val: 0x00000008
[inst #103] lw x20,4(x8)
Register Write to Reg: 0x14 Val: 0x0000000D
[inst #104] addi x0,x0,0
Register Write to Reg: 0x00 Val: 0x00000000
[inst #105] addi x0,x0,0
Register Write to Reg: 0x00 Val: 0x00000000
[inst #106] addi x0,x0,0
Register Write to Reg: 0x00 Val: 0x00000000
[inst #107] add x18,x19,x20
Register Write to Reg: 0x12 Val: 0x00000015
[inst #108] addi x0,x0,0
Register Write to Reg: 0x00 Val: 0x00000000
[inst #109] addi x0,x0,0
Register Write to Reg: 0x00 Val: 0x00000000
[inst #110] addi x0,x0,0
Register Write to Reg: 0x00 Val: 0x00000000
[inst #111] sw x18,8(x8)
Memory Write to Addr: 0x1001001C Val: 0x00000015
[inst #112] addi x8,x8,4
Register Write to Reg: 0x08 Val: 0x10010018
[inst #113] addi x9,x9,-1
Register Write to Reg: 0x09 Val: 0x0000000B
[inst #114] addi x0,x0,0
Register Write to Reg: 0x00 Val: 0x00000000
[inst #115] addi x0,x0,0
Register Write to Reg: 0x00 Val: 0x00000000
[inst #116] addi x0,x0,0
Register Write to Reg: 0x00 Val: 0x00000000
[inst #117] bne x9,x0,-60
[inst #118] lw x19,0(x8)
Register Write to Reg: 0x13 Val: 0x0000000D
[inst #119] lw x20,4(x8)
Register Write to Reg: 0x14 Val: 0x00000015
[inst #120] addi x0,x0,0
Register Write to Reg: 0x00 Val: 0x00000000
[inst #121] addi x0,x0,0
Register Write to Reg: 0x00 Val: 0x00000000
[inst #122] addi x0,x0,0
Register Write to Reg: 0x00 Val: 0x00000000
[inst #123] add x18,x19,x20
Register Write to Reg: 0x12 Val: 0x00000022
[inst #124] addi x0,x0,0
Register Write to Reg: 0x00 Val: 0x00000000
[inst #125] addi x0,x0,0
Register Write to Reg: 0x00 Val: 0x00000000
[inst #126] addi x0,x0,0
Register Write to Reg: 0x00 Val: 0x00000000
[inst #127] sw x18,8(x8)
Memory Write to Addr: 0x10010020 Val: 0x00000022
[inst #128] addi x8,x8,4
Register Write to Reg: 0x08 Val: 0x1001001C
[inst #129] addi x9,x9,-1
Register Write to Reg: 0x09 Val: 0x0000000A
[inst #130] addi x0,x0,0
Register Write to Reg: 0x00 Val: 0x00000000
[inst #131] addi x0,x0,0
Register Write to Reg: 0x00 Val: 0x00000000
[inst #132] addi x0,x0,0
Register Write to Reg: 0x00 Val: 0x00000000
[inst #133] bne x9,x0,-60
[inst #134] lw x19,0(x8)
Register Write to Reg: 0x13 Val: 0x00000015
[inst #135] lw x20,4(x8)
Register Write to Reg: 0x14 Val: 0x00000022
[inst #136] addi x0,x0,0
Register Write to Reg: 0x00 Val: 0x00000000
[inst #137] addi x0,x0,0
Register Write to Reg: 0x00 Val: 0x00000000
[inst #138] addi x0,x0,0
Register Write to Reg: 0x00 Val: 0x00000000
[inst #139] add x18,x19,x20
Register Write to Reg: 0x12 Val: 0x00000037
[inst #140] addi x0,x0,0
Register Write to Reg: 0x00 Val: 0x00000000
[inst #141] addi x0,x0,0
Register Write to Reg: 0x00 Val: 0x00000000
[inst #142] addi x0,x0,0
Register Write to Reg: 0x00 Val: 0x00000000
[inst #143] sw x18,8(x8)
Memory Write to Addr: 0x10010024 Val: 0x00000037
[inst #144] addi x8,x8,4
Register Write to Reg: 0x08 Val: 0x10010020
[inst #145] addi x9,x9,-1
Register Write to Reg: 0x09 Val: 0x00000009
[inst #146] addi x0,x0,0
Register Write to Reg: 0x00 Val: 0x00000000
[inst #147] addi x0,x0,0
Register Write to Reg: 0x00 Val: 0x00000000
[inst #148] addi x0,x0,0
Register Write to Reg: 0x00 Val: 0x00000000
[inst #149] bne x9,x0,-60
[inst #150] lw x19,0(x8)
Register Write to Reg: 0x13 Val: 0x00000022
[inst #151] lw x20,4(x8)
Register Write to Reg: 0x14 Val: 0x00000037
[inst #152] addi x0,x0,0
Register Write to Reg: 0x00 Val: 0x00000000
[inst #153] addi x0,x0,0
Register Write to Reg: 0x00 Val: 0x00000000
[inst #154] addi x0,x0,0
Register Write to Reg: 0x00 Val: 0x00000000
[inst #155] add x18,x19,x20
Register Write to Reg: 0x12 Val: 0x00000059
[inst #156] addi x0,x0,0
Register Write to Reg: 0x00 Val: 0x00000000
[inst #157] addi x0,x0,0
Register Write to Reg: 0x00 Val: 0x00000000
[inst #158] addi x0,x0,0
Register Write to Reg: 0x00 Val: 0x00000000
[inst #159] sw x18,8(x8)
Memory Write to Addr: 0x10010028 Val: 0x00000059
[inst #160] addi x8,x8,4
Register Write to Reg: 0x08 Val: 0x10010024
[inst #161] addi x9,x9,-1
Register Write to Reg: 0x09 Val: 0x00000008
[inst #162] addi x0,x0,0
Register Write to Reg: 0x00 Val: 0x00000000
[inst #163] addi x0,x0,0
Register Write to Reg: 0x00 Val: 0x00000000
[inst #164] addi x0,x0,0
Register Write to Reg: 0x00 Val: 0x00000000
[inst #165] bne x9,x0,-60
[inst #166] lw x19,0(x8)
Register Write to Reg: 0x13 Val: 0x00000037
[inst #167] lw x20,4(x8)
Register Write to Reg: 0x14 Val: 0x00000059
[inst #168] addi x0,x0,0
Register Write to Reg: 0x00 Val: 0x00000000
[inst #169] addi x0,x0,0
Register Write to Reg: 0x00 Val: 0x00000000
[inst #170] addi x0,x0,0
Register Write to Reg: 0x00 Val: 0x00000000
[inst #171] add x18,x19,x20
Register Write to Reg: 0x12 Val: 0x00000090
[inst #172] addi x0,x0,0
Register Write to Reg: 0x00 Val: 0x00000000
[inst #173] addi x0,x0,0
Register Write to Reg: 0x00 Val: 0x00000000
[inst #174] addi x0,x0,0
Register Write to Reg: 0x00 Val: 0x00000000
[inst #175] sw x18,8(x8)
Memory Write to Addr: 0x1001002C Val: 0x00000090
[inst #176] addi x8,x8,4
Register Write to Reg: 0x08 Val: 0x10010028
[inst #177] addi x9,x9,-1
Register Write to Reg: 0x09 Val: 0x00000007
[inst #178] addi x0,x0,0
Register Write to Reg: 0x00 Val: 0x00000000
[inst #179] addi x0,x0,0
Register Write to Reg: 0x00 Val: 0x00000000
[inst #180] addi x0,x0,0
Register Write to Reg: 0x00 Val: 0x00000000
[inst #181] bne x9,x0,-60
[inst #182] lw x19,0(x8)
Register Write to Reg: 0x13 Val: 0x00000059
[inst #183] lw x20,4(x8)
Register Write to Reg: 0x14 Val: 0x00000090
[inst #184] addi x0,x0,0
Register Write to Reg: 0x00 Val: 0x00000000
[inst #185] addi x0,x0,0
Register Write to Reg: 0x00 Val: 0x00000000
[inst #186] addi x0,x0,0
Register Write to Reg: 0x00 Val: 0x00000000
[inst #187] add x18,x19,x20
Register Write to Reg: 0x12 Val: 0x000000E9
[inst #188] addi x0,x0,0
Register Write to Reg: 0x00 Val: 0x00000000
[inst #189] addi x0,x0,0
Register Write to Reg: 0x00 Val: 0x00000000
[inst #190] addi x0,x0,0
Register Write to Reg: 0x00 Val: 0x00000000
[inst #191] sw x18,8(x8)
Memory Write to Addr: 0x10010030 Val: 0x000000E9
[inst #192] addi x8,x8,4
Register Write to Reg: 0x08 Val: 0x1001002C
[inst #193] addi x9,x9,-1
Register Write to Reg: 0x09 Val: 0x00000006
[inst #194] addi x0,x0,0
Register Write to Reg: 0x00 Val: 0x00000000
[inst #195] addi x0,x0,0
Register Write to Reg: 0x00 Val: 0x00000000
[inst #196] addi x0,x0,0
Register Write to Reg: 0x00 Val: 0x00000000
[inst #197] bne x9,x0,-60
[inst #198] lw x19,0(x8)
Register Write to Reg: 0x13 Val: 0x00000090
[inst #199] lw x20,4(x8)
Register Write to Reg: 0x14 Val: 0x000000E9
[inst #200] addi x0,x0,0
Register Write to Reg: 0x00 Val: 0x00000000
[inst #201] addi x0,x0,0
Register Write to Reg: 0x00 Val: 0x00000000
[inst #202] addi x0,x0,0
Register Write to Reg: 0x00 Val: 0x00000000
[inst #203] add x18,x19,x20
Register Write to Reg: 0x12 Val: 0x00000179
[inst #204] addi x0,x0,0
Register Write to Reg: 0x00 Val: 0x00000000
[inst #205] addi x0,x0,0
Register Write to Reg: 0x00 Val: 0x00000000
[inst #206] addi x0,x0,0
Register Write to Reg: 0x00 Val: 0x00000000
[inst #207] sw x18,8(x8)
Memory Write to Addr: 0x10010034 Val: 0x00000179
[inst #208] addi x8,x8,4
Register Write to Reg: 0x08 Val: 0x10010030
[inst #209] addi x9,x9,-1
Register Write to Reg: 0x09 Val: 0x00000005
[inst #210] addi x0,x0,0
Register Write to Reg: 0x00 Val: 0x00000000
[inst #211] addi x0,x0,0
Register Write to Reg: 0x00 Val: 0x00000000
[inst #212] addi x0,x0,0
Register Write to Reg: 0x00 Val: 0x00000000
[inst #213] bne x9,x0,-60
[inst #214] lw x19,0(x8)
Register Write to Reg: 0x13 Val: 0x000000E9
[inst #215] lw x20,4(x8)
Register Write to Reg: 0x14 Val: 0x00000179
[inst #216] addi x0,x0,0
Register Write to Reg: 0x00 Val: 0x00000000
[inst #217] addi x0,x0,0
Register Write to Reg: 0x00 Val: 0x00000000
[inst #218] addi x0,x0,0
Register Write to Reg: 0x00 Val: 0x00000000
[inst #219] add x18,x19,x20
Register Write to Reg: 0x12 Val: 0x00000262
[inst #220] addi x0,x0,0
Register Write to Reg: 0x00 Val: 0x00000000
[inst #221] addi x0,x0,0
Register Write to Reg: 0x00 Val: 0x00000000
[inst #222] addi x0,x0,0
Register Write to Reg: 0x00 Val: 0x00000000
[inst #223] sw x18,8(x8)
Memory Write to Addr: 0x10010038 Val: 0x00000262
[inst #224] addi x8,x8,4
Register Write to Reg: 0x08 Val: 0x10010034
[inst #225] addi x9,x9,-1
Register Write to Reg: 0x09 Val: 0x00000004
[inst #226] addi x0,x0,0
Register Write to Reg: 0x00 Val: 0x00000000
[inst #227] addi x0,x0,0
Register Write to Reg: 0x00 Val: 0x00000000
[inst #228] addi x0,x0,0
Register Write to Reg: 0x00 Val: 0x00000000
[inst #229] bne x9,x0,-60
[inst #230] lw x19,0(x8)
Register Write to Reg: 0x13 Val: 0x00000179
[inst #231] lw x20,4(x8)
Register Write to Reg: 0x14 Val: 0x00000262
[inst #232] addi x0,x0,0
Register Write to Reg: 0x00 Val: 0x00000000
[inst #233] addi x0,x0,0
Register Write to Reg: 0x00 Val: 0x00000000
[inst #234] addi x0,x0,0
Register Write to Reg: 0x00 Val: 0x00000000
[inst #235] add x18,x19,x20
Register Write to Reg: 0x12 Val: 0x000003DB
[inst #236] addi x0,x0,0
Register Write to Reg: 0x00 Val: 0x00000000
[inst #237] addi x0,x0,0
Register Write to Reg: 0x00 Val: 0x00000000
[inst #238] addi x0,x0,0
Register Write to Reg: 0x00 Val: 0x00000000
[inst #239] sw x18,8(x8)
Memory Write to Addr: 0x1001003C Val: 0x000003DB
[inst #240] addi x8,x8,4
Register Write to Reg: 0x08 Val: 0x10010038
[inst #241] addi x9,x9,-1
Register Write to Reg: 0x09 Val: 0x00000003
[inst #242] addi x0,x0,0
Register Write to Reg: 0x00 Val: 0x00000000
[inst #243] addi x0,x0,0
Register Write to Reg: 0x00 Val: 0x00000000
[inst #244] addi x0,x0,0
Register Write to Reg: 0x00 Val: 0x00000000
[inst #245] bne x9,x0,-60
[inst #246] lw x19,0(x8)
Register Write to Reg: 0x13 Val: 0x00000262
[inst #247] lw x20,4(x8)
Register Write to Reg: 0x14 Val: 0x000003DB
[inst #248] addi x0,x0,0
Register Write to Reg: 0x00 Val: 0x00000000
[inst #249] addi x0,x0,0
Register Write to Reg: 0x00 Val: 0x00000000
[inst #250] addi x0,x0,0
Register Write to Reg: 0x00 Val: 0x00000000
[inst #251] add x18,x19,x20
Register Write to Reg: 0x12 Val: 0x0000063D
[inst #252] addi x0,x0,0
Register Write to Reg: 0x00 Val: 0x00000000
[inst #253] addi x0,x0,0
Register Write to Reg: 0x00 Val: 0x00000000
[inst #254] addi x0,x0,0
Register Write to Reg: 0x00 Val: 0x00000000
[inst #255] sw x18,8(x8)
Memory Write to Addr: 0x10010040 Val: 0x0000063D
[inst #256] addi x8,x8,4
Register Write to Reg: 0x08 Val: 0x1001003C
[inst #257] addi x9,x9,-1
Register Write to Reg: 0x09 Val: 0x00000002
[inst #258] addi x0,x0,0
Register Write to Reg: 0x00 Val: 0x00000000
[inst #259] addi x0,x0,0
Register Write to Reg: 0x00 Val: 0x00000000
[inst #260] addi x0,x0,0
Register Write to Reg: 0x00 Val: 0x00000000
[inst #261] bne x9,x0,-60
[inst #262] lw x19,0(x8)
Register Write to Reg: 0x13 Val: 0x000003DB
[inst #263] lw x20,4(x8)
Register Write to Reg: 0x14 Val: 0x0000063D
[inst #264] addi x0,x0,0
Register Write to Reg: 0x00 Val: 0x00000000
[inst #265] addi x0,x0,0
Register Write to Reg: 0x00 Val: 0x00000000
[inst #266] addi x0,x0,0
Register Write to Reg: 0x00 Val: 0x00000000
[inst #267] add x18,x19,x20
Register Write to Reg: 0x12 Val: 0x00000A18
[inst #268] addi x0,x0,0
Register Write to Reg: 0x00 Val: 0x00000000
[inst #269] addi x0,x0,0
Register Write to Reg: 0x00 Val: 0x00000000
[inst #270] addi x0,x0,0
Register Write to Reg: 0x00 Val: 0x00000000
[inst #271] sw x18,8(x8)
Memory Write to Addr: 0x10010044 Val: 0x00000A18
[inst #272] addi x8,x8,4
Register Write to Reg: 0x08 Val: 0x10010040
[inst #273] addi x9,x9,-1
Register Write to Reg: 0x09 Val: 0x00000001
[inst #274] addi x0,x0,0
Register Write to Reg: 0x00 Val: 0x00000000
[inst #275] addi x0,x0,0
Register Write to Reg: 0x00 Val: 0x00000000
[inst #276] addi x0,x0,0
Register Write to Reg: 0x00 Val: 0x00000000
[inst #277] bne x9,x0,-60
[inst #278] lw x19,0(x8)
Register Write to Reg: 0x13 Val: 0x0000063D
[inst #279] lw x20,4(x8)
Register Write to Reg: 0x14 Val: 0x00000A18
[inst #280] addi x0,x0,0
Register Write to Reg: 0x00 Val: 0x00000000
[inst #281] addi x0,x0,0
Register Write to Reg: 0x00 Val: 0x00000000
[inst #282] addi x0,x0,0
Register Write to Reg: 0x00 Val: 0x00000000
[inst #283] add x18,x19,x20
Register Write to Reg: 0x12 Val: 0x00001055
[inst #284] addi x0,x0,0
Register Write to Reg: 0x00 Val: 0x00000000
[inst #285] addi x0,x0,0
Register Write to Reg: 0x00 Val: 0x00000000
[inst #286] addi x0,x0,0
Register Write to Reg: 0x00 Val: 0x00000000
[inst #287] sw x18,8(x8)
Memory Write to Addr: 0x10010048 Val: 0x00001055
[inst #288] addi x8,x8,4
Register Write to Reg: 0x08 Val: 0x10010044
[inst #289] addi x9,x9,-1
Register Write to Reg: 0x09 Val: 0x00000000
[inst #290] addi x0,x0,0
Register Write to Reg: 0x00 Val: 0x00000000
[inst #291] addi x0,x0,0
Register Write to Reg: 0x00 Val: 0x00000000
[inst #292] addi x0,x0,0
Register Write to Reg: 0x00 Val: 0x00000000
[inst #293] bne x9,x0,-60
[inst #294] addi x0,x0,0
Register Write to Reg: 0x00 Val: 0x00000000
[inst #295] addi x0,x0,0
Register Write to Reg: 0x00 Val: 0x00000000
[inst #296] addi x0,x0,0
Register Write to Reg: 0x00 Val: 0x00000000
[inst #297] lui x10,65552
Register Write to Reg: 0x0A Val: 0x10010000
[inst #298] addi x0,x0,0
Register Write to Reg: 0x00 Val: 0x00000000
[inst #299] addi x0,x0,0
Register Write to Reg: 0x00 Val: 0x00000000
[inst #300] addi x0,x0,0
Register Write to Reg: 0x00 Val: 0x00000000
[inst #301] addi x10,x10,0
Register Write to Reg: 0x0A Val: 0x10010000
[inst #302] add x11,x0,x21
Register Write to Reg: 0x0B Val: 0x00000013
[inst #303] addi x0,x0,0
Register Write to Reg: 0x00 Val: 0x00000000
[inst #304] addi x0,x0,0
Register Write to Reg: 0x00 Val: 0x00000000
[inst #305] addi x0,x0,0
Register Write to Reg: 0x00 Val: 0x00000000
[inst #306] jal x1,32
Register Write to Reg: 0x01 Val: 0x004000C8
[inst #307] add x5,x0,x10
Register Write to Reg: 0x05 Val: 0x10010000
[inst #308] addi x0,x0,0
Register Write to Reg: 0x00 Val: 0x00000000
[inst #309] addi x0,x0,0
Register Write to Reg: 0x00 Val: 0x00000000
[inst #310] addi x0,x0,0
Register Write to Reg: 0x00 Val: 0x00000000
[inst #311] add x6,x0,x11
Register Write to Reg: 0x06 Val: 0x00000013
[inst #312] addi x0,x0,0
Register Write to Reg: 0x00 Val: 0x00000000
[inst #313] addi x0,x0,0
Register Write to Reg: 0x00 Val: 0x00000000
[inst #314] addi x0,x0,0
Register Write to Reg: 0x00 Val: 0x00000000
[inst #315] lui x10,65552
Register Write to Reg: 0x0A Val: 0x10010000
[inst #316] addi x0,x0,0
Register Write to Reg: 0x00 Val: 0x00000000
[inst #317] addi x0,x0,0
Register Write to Reg: 0x00 Val: 0x00000000
[inst #318] addi x0,x0,0
Register Write to Reg: 0x00 Val: 0x00000000
[inst #319] addi x10,x10,82
Register Write to Reg: 0x0A Val: 0x10010052
[inst #320] addi x0,x0,0
Register Write to Reg: 0x00 Val: 0x00000000
[inst #321] addi x0,x0,0
Register Write to Reg: 0x00 Val: 0x00000000
[inst #322] addi x0,x0,0
Register Write to Reg: 0x00 Val: 0x00000000
[inst #323] ori x17,x0,4
Register Write to Reg: 0x11 Val: 0x00000004
[inst #324] ecall 
The Fibonacci numbers are:
[inst #325] lw x10,0(x5)
Register Write to Reg: 0x0A Val: 0x00000001
[inst #326] addi x0,x0,0
Register Write to Reg: 0x00 Val: 0x00000000
[inst #327] addi x0,x0,0
Register Write to Reg: 0x00 Val: 0x00000000
[inst #328] addi x0,x0,0
Register Write to Reg: 0x00 Val: 0x00000000
[inst #329] ori x17,x0,1
Register Write to Reg: 0x11 Val: 0x00000001
[inst #330] ecall 
1[inst #331] lui x10,65552
Register Write to Reg: 0x0A Val: 0x10010000
[inst #332] addi x0,x0,0
Register Write to Reg: 0x00 Val: 0x00000000
[inst #333] addi x0,x0,0
Register Write to Reg: 0x00 Val: 0x00000000
[inst #334] addi x0,x0,0
Register Write to Reg: 0x00 Val: 0x00000000
[inst #335] addi x10,x10,80
Register Write to Reg: 0x0A Val: 0x10010050
[inst #336] addi x0,x0,0
Register Write to Reg: 0x00 Val: 0x00000000
[inst #337] addi x0,x0,0
Register Write to Reg: 0x00 Val: 0x00000000
[inst #338] addi x0,x0,0
Register Write to Reg: 0x00 Val: 0x00000000
[inst #339] ori x17,x0,4
Register Write to Reg: 0x11 Val: 0x00000004
[inst #340] ecall 
 [inst #341] addi x5,x5,4
Register Write to Reg: 0x05 Val: 0x10010004
[inst #342] addi x0,x0,0
Register Write to Reg: 0x00 Val: 0x00000000
[inst #343] addi x0,x0,0
Register Write to Reg: 0x00 Val: 0x00000000
[inst #344] addi x0,x0,0
Register Write to Reg: 0x00 Val: 0x00000000
[inst #345] addi x6,x6,-1
Register Write to Reg: 0x06 Val: 0x00000012
[inst #346] addi x0,x0,0
Register Write to Reg: 0x00 Val: 0x00000000
[inst #347] addi x0,x0,0
Register Write to Reg: 0x00 Val: 0x00000000
[inst #348] addi x0,x0,0
Register Write to Reg: 0x00 Val: 0x00000000
[inst #349] bne x6,x0,-96
[inst #350] lw x10,0(x5)
Register Write to Reg: 0x0A Val: 0x00000001
[inst #351] addi x0,x0,0
Register Write to Reg: 0x00 Val: 0x00000000
[inst #352] addi x0,x0,0
Register Write to Reg: 0x00 Val: 0x00000000
[inst #353] addi x0,x0,0
Register Write to Reg: 0x00 Val: 0x00000000
[inst #354] ori x17,x0,1
Register Write to Reg: 0x11 Val: 0x00000001
[inst #355] ecall 
1[inst #356] lui x10,65552
Register Write to Reg: 0x0A Val: 0x10010000
[inst #357] addi x0,x0,0
Register Write to Reg: 0x00 Val: 0x00000000
[inst #358] addi x0,x0,0
Register Write to Reg: 0x00 Val: 0x00000000
[inst #359] addi x0,x0,0
Register Write to Reg: 0x00 Val: 0x00000000
[inst #360] addi x10,x10,80
Register Write to Reg: 0x0A Val: 0x10010050
[inst #361] addi x0,x0,0
Register Write to Reg: 0x00 Val: 0x00000000
[inst #362] addi x0,x0,0
Register Write to Reg: 0x00 Val: 0x00000000
[inst #363] addi x0,x0,0
Register Write to Reg: 0x00 Val: 0x00000000
[inst #364] ori x17,x0,4
Register Write to Reg: 0x11 Val: 0x00000004
[inst #365] ecall 
 [inst #366] addi x5,x5,4
Register Write to Reg: 0x05 Val: 0x10010008
[inst #367] addi x0,x0,0
Register Write to Reg: 0x00 Val: 0x00000000
[inst #368] addi x0,x0,0
Register Write to Reg: 0x00 Val: 0x00000000
[inst #369] addi x0,x0,0
Register Write to Reg: 0x00 Val: 0x00000000
[inst #370] addi x6,x6,-1
Register Write to Reg: 0x06 Val: 0x00000011
[inst #371] addi x0,x0,0
Register Write to Reg: 0x00 Val: 0x00000000
[inst #372] addi x0,x0,0
Register Write to Reg: 0x00 Val: 0x00000000
[inst #373] addi x0,x0,0
Register Write to Reg: 0x00 Val: 0x00000000
[inst #374] bne x6,x0,-96
[inst #375] lw x10,0(x5)
Register Write to Reg: 0x0A Val: 0x00000002
[inst #376] addi x0,x0,0
Register Write to Reg: 0x00 Val: 0x00000000
[inst #377] addi x0,x0,0
Register Write to Reg: 0x00 Val: 0x00000000
[inst #378] addi x0,x0,0
Register Write to Reg: 0x00 Val: 0x00000000
[inst #379] ori x17,x0,1
Register Write to Reg: 0x11 Val: 0x00000001
[inst #380] ecall 
2[inst #381] lui x10,65552
Register Write to Reg: 0x0A Val: 0x10010000
[inst #382] addi x0,x0,0
Register Write to Reg: 0x00 Val: 0x00000000
[inst #383] addi x0,x0,0
Register Write to Reg: 0x00 Val: 0x00000000
[inst #384] addi x0,x0,0
Register Write to Reg: 0x00 Val: 0x00000000
[inst #385] addi x10,x10,80
Register Write to Reg: 0x0A Val: 0x10010050
[inst #386] addi x0,x0,0
Register Write to Reg: 0x00 Val: 0x00000000
[inst #387] addi x0,x0,0
Register Write to Reg: 0x00 Val: 0x00000000
[inst #388] addi x0,x0,0
Register Write to Reg: 0x00 Val: 0x00000000
[inst #389] ori x17,x0,4
Register Write to Reg: 0x11 Val: 0x00000004
[inst #390] ecall 
 [inst #391] addi x5,x5,4
Register Write to Reg: 0x05 Val: 0x1001000C
[inst #392] addi x0,x0,0
Register Write to Reg: 0x00 Val: 0x00000000
[inst #393] addi x0,x0,0
Register Write to Reg: 0x00 Val: 0x00000000
[inst #394] addi x0,x0,0
Register Write to Reg: 0x00 Val: 0x00000000
[inst #395] addi x6,x6,-1
Register Write to Reg: 0x06 Val: 0x00000010
[inst #396] addi x0,x0,0
Register Write to Reg: 0x00 Val: 0x00000000
[inst #397] addi x0,x0,0
Register Write to Reg: 0x00 Val: 0x00000000
[inst #398] addi x0,x0,0
Register Write to Reg: 0x00 Val: 0x00000000
[inst #399] bne x6,x0,-96
[inst #400] lw x10,0(x5)
Register Write to Reg: 0x0A Val: 0x00000003
[inst #401] addi x0,x0,0
Register Write to Reg: 0x00 Val: 0x00000000
[inst #402] addi x0,x0,0
Register Write to Reg: 0x00 Val: 0x00000000
[inst #403] addi x0,x0,0
Register Write to Reg: 0x00 Val: 0x00000000
[inst #404] ori x17,x0,1
Register Write to Reg: 0x11 Val: 0x00000001
[inst #405] ecall 
3[inst #406] lui x10,65552
Register Write to Reg: 0x0A Val: 0x10010000
[inst #407] addi x0,x0,0
Register Write to Reg: 0x00 Val: 0x00000000
[inst #408] addi x0,x0,0
Register Write to Reg: 0x00 Val: 0x00000000
[inst #409] addi x0,x0,0
Register Write to Reg: 0x00 Val: 0x00000000
[inst #410] addi x10,x10,80
Register Write to Reg: 0x0A Val: 0x10010050
[inst #411] addi x0,x0,0
Register Write to Reg: 0x00 Val: 0x00000000
[inst #412] addi x0,x0,0
Register Write to Reg: 0x00 Val: 0x00000000
[inst #413] addi x0,x0,0
Register Write to Reg: 0x00 Val: 0x00000000
[inst #414] ori x17,x0,4
Register Write to Reg: 0x11 Val: 0x00000004
[inst #415] ecall 
 [inst #416] addi x5,x5,4
Register Write to Reg: 0x05 Val: 0x10010010
[inst #417] addi x0,x0,0
Register Write to Reg: 0x00 Val: 0x00000000
[inst #418] addi x0,x0,0
Register Write to Reg: 0x00 Val: 0x00000000
[inst #419] addi x0,x0,0
Register Write to Reg: 0x00 Val: 0x00000000
[inst #420] addi x6,x6,-1
Register Write to Reg: 0x06 Val: 0x0000000F
[inst #421] addi x0,x0,0
Register Write to Reg: 0x00 Val: 0x00000000
[inst #422] addi x0,x0,0
Register Write to Reg: 0x00 Val: 0x00000000
[inst #423] addi x0,x0,0
Register Write to Reg: 0x00 Val: 0x00000000
[inst #424] bne x6,x0,-96
[inst #425] lw x10,0(x5)
Register Write to Reg: 0x0A Val: 0x00000005
[inst #426] addi x0,x0,0
Register Write to Reg: 0x00 Val: 0x00000000
[inst #427] addi x0,x0,0
Register Write to Reg: 0x00 Val: 0x00000000
[inst #428] addi x0,x0,0
Register Write to Reg: 0x00 Val: 0x00000000
[inst #429] ori x17,x0,1
Register Write to Reg: 0x11 Val: 0x00000001
[inst #430] ecall 
5[inst #431] lui x10,65552
Register Write to Reg: 0x0A Val: 0x10010000
[inst #432] addi x0,x0,0
Register Write to Reg: 0x00 Val: 0x00000000
[inst #433] addi x0,x0,0
Register Write to Reg: 0x00 Val: 0x00000000
[inst #434] addi x0,x0,0
Register Write to Reg: 0x00 Val: 0x00000000
[inst #435] addi x10,x10,80
Register Write to Reg: 0x0A Val: 0x10010050
[inst #436] addi x0,x0,0
Register Write to Reg: 0x00 Val: 0x00000000
[inst #437] addi x0,x0,0
Register Write to Reg: 0x00 Val: 0x00000000
[inst #438] addi x0,x0,0
Register Write to Reg: 0x00 Val: 0x00000000
[inst #439] ori x17,x0,4
Register Write to Reg: 0x11 Val: 0x00000004
[inst #440] ecall 
 [inst #441] addi x5,x5,4
Register Write to Reg: 0x05 Val: 0x10010014
[inst #442] addi x0,x0,0
Register Write to Reg: 0x00 Val: 0x00000000
[inst #443] addi x0,x0,0
Register Write to Reg: 0x00 Val: 0x00000000
[inst #444] addi x0,x0,0
Register Write to Reg: 0x00 Val: 0x00000000
[inst #445] addi x6,x6,-1
Register Write to Reg: 0x06 Val: 0x0000000E
[inst #446] addi x0,x0,0
Register Write to Reg: 0x00 Val: 0x00000000
[inst #447] addi x0,x0,0
Register Write to Reg: 0x00 Val: 0x00000000
[inst #448] addi x0,x0,0
Register Write to Reg: 0x00 Val: 0x00000000
[inst #449] bne x6,x0,-96
[inst #450] lw x10,0(x5)
Register Write to Reg: 0x0A Val: 0x00000008
[inst #451] addi x0,x0,0
Register Write to Reg: 0x00 Val: 0x00000000
[inst #452] addi x0,x0,0
Register Write to Reg: 0x00 Val: 0x00000000
[inst #453] addi x0,x0,0
Register Write to Reg: 0x00 Val: 0x00000000
[inst #454] ori x17,x0,1
Register Write to Reg: 0x11 Val: 0x00000001
[inst #455] ecall 
8[inst #456] lui x10,65552
Register Write to Reg: 0x0A Val: 0x10010000
[inst #457] addi x0,x0,0
Register Write to Reg: 0x00 Val: 0x00000000
[inst #458] addi x0,x0,0
Register Write to Reg: 0x00 Val: 0x00000000
[inst #459] addi x0,x0,0
Register Write to Reg: 0x00 Val: 0x00000000
[inst #460] addi x10,x10,80
Register Write to Reg: 0x0A Val: 0x10010050
[inst #461] addi x0,x0,0
Register Write to Reg: 0x00 Val: 0x00000000
[inst #462] addi x0,x0,0
Register Write to Reg: 0x00 Val: 0x00000000
[inst #463] addi x0,x0,0
Register Write to Reg: 0x00 Val: 0x00000000
[inst #464] ori x17,x0,4
Register Write to Reg: 0x11 Val: 0x00000004
[inst #465] ecall 
 [inst #466] addi x5,x5,4
Register Write to Reg: 0x05 Val: 0x10010018
[inst #467] addi x0,x0,0
Register Write to Reg: 0x00 Val: 0x00000000
[inst #468] addi x0,x0,0
Register Write to Reg: 0x00 Val: 0x00000000
[inst #469] addi x0,x0,0
Register Write to Reg: 0x00 Val: 0x00000000
[inst #470] addi x6,x6,-1
Register Write to Reg: 0x06 Val: 0x0000000D
[inst #471] addi x0,x0,0
Register Write to Reg: 0x00 Val: 0x00000000
[inst #472] addi x0,x0,0
Register Write to Reg: 0x00 Val: 0x00000000
[inst #473] addi x0,x0,0
Register Write to Reg: 0x00 Val: 0x00000000
[inst #474] bne x6,x0,-96
[inst #475] lw x10,0(x5)
Register Write to Reg: 0x0A Val: 0x0000000D
[inst #476] addi x0,x0,0
Register Write to Reg: 0x00 Val: 0x00000000
[inst #477] addi x0,x0,0
Register Write to Reg: 0x00 Val: 0x00000000
[inst #478] addi x0,x0,0
Register Write to Reg: 0x00 Val: 0x00000000
[inst #479] ori x17,x0,1
Register Write to Reg: 0x11 Val: 0x00000001
[inst #480] ecall 
13[inst #481] lui x10,65552
Register Write to Reg: 0x0A Val: 0x10010000
[inst #482] addi x0,x0,0
Register Write to Reg: 0x00 Val: 0x00000000
[inst #483] addi x0,x0,0
Register Write to Reg: 0x00 Val: 0x00000000
[inst #484] addi x0,x0,0
Register Write to Reg: 0x00 Val: 0x00000000
[inst #485] addi x10,x10,80
Register Write to Reg: 0x0A Val: 0x10010050
[inst #486] addi x0,x0,0
Register Write to Reg: 0x00 Val: 0x00000000
[inst #487] addi x0,x0,0
Register Write to Reg: 0x00 Val: 0x00000000
[inst #488] addi x0,x0,0
Register Write to Reg: 0x00 Val: 0x00000000
[inst #489] ori x17,x0,4
Register Write to Reg: 0x11 Val: 0x00000004
[inst #490] ecall 
 [inst #491] addi x5,x5,4
Register Write to Reg: 0x05 Val: 0x1001001C
[inst #492] addi x0,x0,0
Register Write to Reg: 0x00 Val: 0x00000000
[inst #493] addi x0,x0,0
Register Write to Reg: 0x00 Val: 0x00000000
[inst #494] addi x0,x0,0
Register Write to Reg: 0x00 Val: 0x00000000
[inst #495] addi x6,x6,-1
Register Write to Reg: 0x06 Val: 0x0000000C
[inst #496] addi x0,x0,0
Register Write to Reg: 0x00 Val: 0x00000000
[inst #497] addi x0,x0,0
Register Write to Reg: 0x00 Val: 0x00000000
[inst #498] addi x0,x0,0
Register Write to Reg: 0x00 Val: 0x00000000
[inst #499] bne x6,x0,-96
[inst #500] lw x10,0(x5)
Register Write to Reg: 0x0A Val: 0x00000015
[inst #501] addi x0,x0,0
Register Write to Reg: 0x00 Val: 0x00000000
[inst #502] addi x0,x0,0
Register Write to Reg: 0x00 Val: 0x00000000
[inst #503] addi x0,x0,0
Register Write to Reg: 0x00 Val: 0x00000000
[inst #504] ori x17,x0,1
Register Write to Reg: 0x11 Val: 0x00000001
[inst #505] ecall 
21[inst #506] lui x10,65552
Register Write to Reg: 0x0A Val: 0x10010000
[inst #507] addi x0,x0,0
Register Write to Reg: 0x00 Val: 0x00000000
[inst #508] addi x0,x0,0
Register Write to Reg: 0x00 Val: 0x00000000
[inst #509] addi x0,x0,0
Register Write to Reg: 0x00 Val: 0x00000000
[inst #510] addi x10,x10,80
Register Write to Reg: 0x0A Val: 0x10010050
[inst #511] addi x0,x0,0
Register Write to Reg: 0x00 Val: 0x00000000
[inst #512] addi x0,x0,0
Register Write to Reg: 0x00 Val: 0x00000000
[inst #513] addi x0,x0,0
Register Write to Reg: 0x00 Val: 0x00000000
[inst #514] ori x17,x0,4
Register Write to Reg: 0x11 Val: 0x00000004
[inst #515] ecall 
 [inst #516] addi x5,x5,4
Register Write to Reg: 0x05 Val: 0x10010020
[inst #517] addi x0,x0,0
Register Write to Reg: 0x00 Val: 0x00000000
[inst #518] addi x0,x0,0
Register Write to Reg: 0x00 Val: 0x00000000
[inst #519] addi x0,x0,0
Register Write to Reg: 0x00 Val: 0x00000000
[inst #520] addi x6,x6,-1
Register Write to Reg: 0x06 Val: 0x0000000B
[inst #521] addi x0,x0,0
Register Write to Reg: 0x00 Val: 0x00000000
[inst #522] addi x0,x0,0
Register Write to Reg: 0x00 Val: 0x00000000
[inst #523] addi x0,x0,0
Register Write to Reg: 0x00 Val: 0x00000000
[inst #524] bne x6,x0,-96
[inst #525] lw x10,0(x5)
Register Write to Reg: 0x0A Val: 0x00000022
[inst #526] addi x0,x0,0
Register Write to Reg: 0x00 Val: 0x00000000
[inst #527] addi x0,x0,0
Register Write to Reg: 0x00 Val: 0x00000000
[inst #528] addi x0,x0,0
Register Write to Reg: 0x00 Val: 0x00000000
[inst #529] ori x17,x0,1
Register Write to Reg: 0x11 Val: 0x00000001
[inst #530] ecall 
34[inst #531] lui x10,65552
Register Write to Reg: 0x0A Val: 0x10010000
[inst #532] addi x0,x0,0
Register Write to Reg: 0x00 Val: 0x00000000
[inst #533] addi x0,x0,0
Register Write to Reg: 0x00 Val: 0x00000000
[inst #534] addi x0,x0,0
Register Write to Reg: 0x00 Val: 0x00000000
[inst #535] addi x10,x10,80
Register Write to Reg: 0x0A Val: 0x10010050
[inst #536] addi x0,x0,0
Register Write to Reg: 0x00 Val: 0x00000000
[inst #537] addi x0,x0,0
Register Write to Reg: 0x00 Val: 0x00000000
[inst #538] addi x0,x0,0
Register Write to Reg: 0x00 Val: 0x00000000
[inst #539] ori x17,x0,4
Register Write to Reg: 0x11 Val: 0x00000004
[inst #540] ecall 
 [inst #541] addi x5,x5,4
Register Write to Reg: 0x05 Val: 0x10010024
[inst #542] addi x0,x0,0
Register Write to Reg: 0x00 Val: 0x00000000
[inst #543] addi x0,x0,0
Register Write to Reg: 0x00 Val: 0x00000000
[inst #544] addi x0,x0,0
Register Write to Reg: 0x00 Val: 0x00000000
[inst #545] addi x6,x6,-1
Register Write to Reg: 0x06 Val: 0x0000000A
[inst #546] addi x0,x0,0
Register Write to Reg: 0x00 Val: 0x00000000
[inst #547] addi x0,x0,0
Register Write to Reg: 0x00 Val: 0x00000000
[inst #548] addi x0,x0,0
Register Write to Reg: 0x00 Val: 0x00000000
[inst #549] bne x6,x0,-96
[inst #550] lw x10,0(x5)
Register Write to Reg: 0x0A Val: 0x00000037
[inst #551] addi x0,x0,0
Register Write to Reg: 0x00 Val: 0x00000000
[inst #552] addi x0,x0,0
Register Write to Reg: 0x00 Val: 0x00000000
[inst #553] addi x0,x0,0
Register Write to Reg: 0x00 Val: 0x00000000
[inst #554] ori x17,x0,1
Register Write to Reg: 0x11 Val: 0x00000001
[inst #555] ecall 
55[inst #556] lui x10,65552
Register Write to Reg: 0x0A Val: 0x10010000
[inst #557] addi x0,x0,0
Register Write to Reg: 0x00 Val: 0x00000000
[inst #558] addi x0,x0,0
Register Write to Reg: 0x00 Val: 0x00000000
[inst #559] addi x0,x0,0
Register Write to Reg: 0x00 Val: 0x00000000
[inst #560] addi x10,x10,80
Register Write to Reg: 0x0A Val: 0x10010050
[inst #561] addi x0,x0,0
Register Write to Reg: 0x00 Val: 0x00000000
[inst #562] addi x0,x0,0
Register Write to Reg: 0x00 Val: 0x00000000
[inst #563] addi x0,x0,0
Register Write to Reg: 0x00 Val: 0x00000000
[inst #564] ori x17,x0,4
Register Write to Reg: 0x11 Val: 0x00000004
[inst #565] ecall 
 [inst #566] addi x5,x5,4
Register Write to Reg: 0x05 Val: 0x10010028
[inst #567] addi x0,x0,0
Register Write to Reg: 0x00 Val: 0x00000000
[inst #568] addi x0,x0,0
Register Write to Reg: 0x00 Val: 0x00000000
[inst #569] addi x0,x0,0
Register Write to Reg: 0x00 Val: 0x00000000
[inst #570] addi x6,x6,-1
Register Write to Reg: 0x06 Val: 0x00000009
[inst #571] addi x0,x0,0
Register Write to Reg: 0x00 Val: 0x00000000
[inst #572] addi x0,x0,0
Register Write to Reg: 0x00 Val: 0x00000000
[inst #573] addi x0,x0,0
Register Write to Reg: 0x00 Val: 0x00000000
[inst #574] bne x6,x0,-96
[inst #575] lw x10,0(x5)
Register Write to Reg: 0x0A Val: 0x00000059
[inst #576] addi x0,x0,0
Register Write to Reg: 0x00 Val: 0x00000000
[inst #577] addi x0,x0,0
Register Write to Reg: 0x00 Val: 0x00000000
[inst #578] addi x0,x0,0
Register Write to Reg: 0x00 Val: 0x00000000
[inst #579] ori x17,x0,1
Register Write to Reg: 0x11 Val: 0x00000001
[inst #580] ecall 
89[inst #581] lui x10,65552
Register Write to Reg: 0x0A Val: 0x10010000
[inst #582] addi x0,x0,0
Register Write to Reg: 0x00 Val: 0x00000000
[inst #583] addi x0,x0,0
Register Write to Reg: 0x00 Val: 0x00000000
[inst #584] addi x0,x0,0
Register Write to Reg: 0x00 Val: 0x00000000
[inst #585] addi x10,x10,80
Register Write to Reg: 0x0A Val: 0x10010050
[inst #586] addi x0,x0,0
Register Write to Reg: 0x00 Val: 0x00000000
[inst #587] addi x0,x0,0
Register Write to Reg: 0x00 Val: 0x00000000
[inst #588] addi x0,x0,0
Register Write to Reg: 0x00 Val: 0x00000000
[inst #589] ori x17,x0,4
Register Write to Reg: 0x11 Val: 0x00000004
[inst #590] ecall 
 [inst #591] addi x5,x5,4
Register Write to Reg: 0x05 Val: 0x1001002C
[inst #592] addi x0,x0,0
Register Write to Reg: 0x00 Val: 0x00000000
[inst #593] addi x0,x0,0
Register Write to Reg: 0x00 Val: 0x00000000
[inst #594] addi x0,x0,0
Register Write to Reg: 0x00 Val: 0x00000000
[inst #595] addi x6,x6,-1
Register Write to Reg: 0x06 Val: 0x00000008
[inst #596] addi x0,x0,0
Register Write to Reg: 0x00 Val: 0x00000000
[inst #597] addi x0,x0,0
Register Write to Reg: 0x00 Val: 0x00000000
[inst #598] addi x0,x0,0
Register Write to Reg: 0x00 Val: 0x00000000
[inst #599] bne x6,x0,-96
[inst #600] lw x10,0(x5)
Register Write to Reg: 0x0A Val: 0x00000090
[inst #601] addi x0,x0,0
Register Write to Reg: 0x00 Val: 0x00000000
[inst #602] addi x0,x0,0
Register Write to Reg: 0x00 Val: 0x00000000
[inst #603] addi x0,x0,0
Register Write to Reg: 0x00 Val: 0x00000000
[inst #604] ori x17,x0,1
Register Write to Reg: 0x11 Val: 0x00000001
[inst #605] ecall 
144[inst #606] lui x10,65552
Register Write to Reg: 0x0A Val: 0x10010000
[inst #607] addi x0,x0,0
Register Write to Reg: 0x00 Val: 0x00000000
[inst #608] addi x0,x0,0
Register Write to Reg: 0x00 Val: 0x00000000
[inst #609] addi x0,x0,0
Register Write to Reg: 0x00 Val: 0x00000000
[inst #610] addi x10,x10,80
Register Write to Reg: 0x0A Val: 0x10010050
[inst #611] addi x0,x0,0
Register Write to Reg: 0x00 Val: 0x00000000
[inst #612] addi x0,x0,0
Register Write to Reg: 0x00 Val: 0x00000000
[inst #613] addi x0,x0,0
Register Write to Reg: 0x00 Val: 0x00000000
[inst #614] ori x17,x0,4
Register Write to Reg: 0x11 Val: 0x00000004
[inst #615] ecall 
 [inst #616] addi x5,x5,4
Register Write to Reg: 0x05 Val: 0x10010030
[inst #617] addi x0,x0,0
Register Write to Reg: 0x00 Val: 0x00000000
[inst #618] addi x0,x0,0
Register Write to Reg: 0x00 Val: 0x00000000
[inst #619] addi x0,x0,0
Register Write to Reg: 0x00 Val: 0x00000000
[inst #620] addi x6,x6,-1
Register Write to Reg: 0x06 Val: 0x00000007
[inst #621] addi x0,x0,0
Register Write to Reg: 0x00 Val: 0x00000000
[inst #622] addi x0,x0,0
Register Write to Reg: 0x00 Val: 0x00000000
[inst #623] addi x0,x0,0
Register Write to Reg: 0x00 Val: 0x00000000
[inst #624] bne x6,x0,-96
[inst #625] lw x10,0(x5)
Register Write to Reg: 0x0A Val: 0x000000E9
[inst #626] addi x0,x0,0
Register Write to Reg: 0x00 Val: 0x00000000
[inst #627] addi x0,x0,0
Register Write to Reg: 0x00 Val: 0x00000000
[inst #628] addi x0,x0,0
Register Write to Reg: 0x00 Val: 0x00000000
[inst #629] ori x17,x0,1
Register Write to Reg: 0x11 Val: 0x00000001
[inst #630] ecall 
233[inst #631] lui x10,65552
Register Write to Reg: 0x0A Val: 0x10010000
[inst #632] addi x0,x0,0
Register Write to Reg: 0x00 Val: 0x00000000
[inst #633] addi x0,x0,0
Register Write to Reg: 0x00 Val: 0x00000000
[inst #634] addi x0,x0,0
Register Write to Reg: 0x00 Val: 0x00000000
[inst #635] addi x10,x10,80
Register Write to Reg: 0x0A Val: 0x10010050
[inst #636] addi x0,x0,0
Register Write to Reg: 0x00 Val: 0x00000000
[inst #637] addi x0,x0,0
Register Write to Reg: 0x00 Val: 0x00000000
[inst #638] addi x0,x0,0
Register Write to Reg: 0x00 Val: 0x00000000
[inst #639] ori x17,x0,4
Register Write to Reg: 0x11 Val: 0x00000004
[inst #640] ecall 
 [inst #641] addi x5,x5,4
Register Write to Reg: 0x05 Val: 0x10010034
[inst #642] addi x0,x0,0
Register Write to Reg: 0x00 Val: 0x00000000
[inst #643] addi x0,x0,0
Register Write to Reg: 0x00 Val: 0x00000000
[inst #644] addi x0,x0,0
Register Write to Reg: 0x00 Val: 0x00000000
[inst #645] addi x6,x6,-1
Register Write to Reg: 0x06 Val: 0x00000006
[inst #646] addi x0,x0,0
Register Write to Reg: 0x00 Val: 0x00000000
[inst #647] addi x0,x0,0
Register Write to Reg: 0x00 Val: 0x00000000
[inst #648] addi x0,x0,0
Register Write to Reg: 0x00 Val: 0x00000000
[inst #649] bne x6,x0,-96
[inst #650] lw x10,0(x5)
Register Write to Reg: 0x0A Val: 0x00000179
[inst #651] addi x0,x0,0
Register Write to Reg: 0x00 Val: 0x00000000
[inst #652] addi x0,x0,0
Register Write to Reg: 0x00 Val: 0x00000000
[inst #653] addi x0,x0,0
Register Write to Reg: 0x00 Val: 0x00000000
[inst #654] ori x17,x0,1
Register Write to Reg: 0x11 Val: 0x00000001
[inst #655] ecall 
377[inst #656] lui x10,65552
Register Write to Reg: 0x0A Val: 0x10010000
[inst #657] addi x0,x0,0
Register Write to Reg: 0x00 Val: 0x00000000
[inst #658] addi x0,x0,0
Register Write to Reg: 0x00 Val: 0x00000000
[inst #659] addi x0,x0,0
Register Write to Reg: 0x00 Val: 0x00000000
[inst #660] addi x10,x10,80
Register Write to Reg: 0x0A Val: 0x10010050
[inst #661] addi x0,x0,0
Register Write to Reg: 0x00 Val: 0x00000000
[inst #662] addi x0,x0,0
Register Write to Reg: 0x00 Val: 0x00000000
[inst #663] addi x0,x0,0
Register Write to Reg: 0x00 Val: 0x00000000
[inst #664] ori x17,x0,4
Register Write to Reg: 0x11 Val: 0x00000004
[inst #665] ecall 
 [inst #666] addi x5,x5,4
Register Write to Reg: 0x05 Val: 0x10010038
[inst #667] addi x0,x0,0
Register Write to Reg: 0x00 Val: 0x00000000
[inst #668] addi x0,x0,0
Register Write to Reg: 0x00 Val: 0x00000000
[inst #669] addi x0,x0,0
Register Write to Reg: 0x00 Val: 0x00000000
[inst #670] addi x6,x6,-1
Register Write to Reg: 0x06 Val: 0x00000005
[inst #671] addi x0,x0,0
Register Write to Reg: 0x00 Val: 0x00000000
[inst #672] addi x0,x0,0
Register Write to Reg: 0x00 Val: 0x00000000
[inst #673] addi x0,x0,0
Register Write to Reg: 0x00 Val: 0x00000000
[inst #674] bne x6,x0,-96
[inst #675] lw x10,0(x5)
Register Write to Reg: 0x0A Val: 0x00000262
[inst #676] addi x0,x0,0
Register Write to Reg: 0x00 Val: 0x00000000
[inst #677] addi x0,x0,0
Register Write to Reg: 0x00 Val: 0x00000000
[inst #678] addi x0,x0,0
Register Write to Reg: 0x00 Val: 0x00000000
[inst #679] ori x17,x0,1
Register Write to Reg: 0x11 Val: 0x00000001
[inst #680] ecall 
610[inst #681] lui x10,65552
Register Write to Reg: 0x0A Val: 0x10010000
[inst #682] addi x0,x0,0
Register Write to Reg: 0x00 Val: 0x00000000
[inst #683] addi x0,x0,0
Register Write to Reg: 0x00 Val: 0x00000000
[inst #684] addi x0,x0,0
Register Write to Reg: 0x00 Val: 0x00000000
[inst #685] addi x10,x10,80
Register Write to Reg: 0x0A Val: 0x10010050
[inst #686] addi x0,x0,0
Register Write to Reg: 0x00 Val: 0x00000000
[inst #687] addi x0,x0,0
Register Write to Reg: 0x00 Val: 0x00000000
[inst #688] addi x0,x0,0
Register Write to Reg: 0x00 Val: 0x00000000
[inst #689] ori x17,x0,4
Register Write to Reg: 0x11 Val: 0x00000004
[inst #690] ecall 
 [inst #691] addi x5,x5,4
Register Write to Reg: 0x05 Val: 0x1001003C
[inst #692] addi x0,x0,0
Register Write to Reg: 0x00 Val: 0x00000000
[inst #693] addi x0,x0,0
Register Write to Reg: 0x00 Val: 0x00000000
[inst #694] addi x0,x0,0
Register Write to Reg: 0x00 Val: 0x00000000
[inst #695] addi x6,x6,-1
Register Write to Reg: 0x06 Val: 0x00000004
[inst #696] addi x0,x0,0
Register Write to Reg: 0x00 Val: 0x00000000
[inst #697] addi x0,x0,0
Register Write to Reg: 0x00 Val: 0x00000000
[inst #698] addi x0,x0,0
Register Write to Reg: 0x00 Val: 0x00000000
[inst #699] bne x6,x0,-96
[inst #700] lw x10,0(x5)
Register Write to Reg: 0x0A Val: 0x000003DB
[inst #701] addi x0,x0,0
Register Write to Reg: 0x00 Val: 0x00000000
[inst #702] addi x0,x0,0
Register Write to Reg: 0x00 Val: 0x00000000
[inst #703] addi x0,x0,0
Register Write to Reg: 0x00 Val: 0x00000000
[inst #704] ori x17,x0,1
Register Write to Reg: 0x11 Val: 0x00000001
[inst #705] ecall 
987[inst #706] lui x10,65552
Register Write to Reg: 0x0A Val: 0x10010000
[inst #707] addi x0,x0,0
Register Write to Reg: 0x00 Val: 0x00000000
[inst #708] addi x0,x0,0
Register Write to Reg: 0x00 Val: 0x00000000
[inst #709] addi x0,x0,0
Register Write to Reg: 0x00 Val: 0x00000000
[inst #710] addi x10,x10,80
Register Write to Reg: 0x0A Val: 0x10010050
[inst #711] addi x0,x0,0
Register Write to Reg: 0x00 Val: 0x00000000
[inst #712] addi x0,x0,0
Register Write to Reg: 0x00 Val: 0x00000000
[inst #713] addi x0,x0,0
Register Write to Reg: 0x00 Val: 0x00000000
[inst #714] ori x17,x0,4
Register Write to Reg: 0x11 Val: 0x00000004
[inst #715] ecall 
 [inst #716] addi x5,x5,4
Register Write to Reg: 0x05 Val: 0x10010040
[inst #717] addi x0,x0,0
Register Write to Reg: 0x00 Val: 0x00000000
[inst #718] addi x0,x0,0
Register Write to Reg: 0x00 Val: 0x00000000
[inst #719] addi x0,x0,0
Register Write to Reg: 0x00 Val: 0x00000000
[inst #720] addi x6,x6,-1
Register Write to Reg: 0x06 Val: 0x00000003
[inst #721] addi x0,x0,0
Register Write to Reg: 0x00 Val: 0x00000000
[inst #722] addi x0,x0,0
Register Write to Reg: 0x00 Val: 0x00000000
[inst #723] addi x0,x0,0
Register Write to Reg: 0x00 Val: 0x00000000
[inst #724] bne x6,x0,-96
[inst #725] lw x10,0(x5)
Register Write to Reg: 0x0A Val: 0x0000063D
[inst #726] addi x0,x0,0
Register Write to Reg: 0x00 Val: 0x00000000
[inst #727] addi x0,x0,0
Register Write to Reg: 0x00 Val: 0x00000000
[inst #728] addi x0,x0,0
Register Write to Reg: 0x00 Val: 0x00000000
[inst #729] ori x17,x0,1
Register Write to Reg: 0x11 Val: 0x00000001
[inst #730] ecall 
1597[inst #731] lui x10,65552
Register Write to Reg: 0x0A Val: 0x10010000
[inst #732] addi x0,x0,0
Register Write to Reg: 0x00 Val: 0x00000000
[inst #733] addi x0,x0,0
Register Write to Reg: 0x00 Val: 0x00000000
[inst #734] addi x0,x0,0
Register Write to Reg: 0x00 Val: 0x00000000
[inst #735] addi x10,x10,80
Register Write to Reg: 0x0A Val: 0x10010050
[inst #736] addi x0,x0,0
Register Write to Reg: 0x00 Val: 0x00000000
[inst #737] addi x0,x0,0
Register Write to Reg: 0x00 Val: 0x00000000
[inst #738] addi x0,x0,0
Register Write to Reg: 0x00 Val: 0x00000000
[inst #739] ori x17,x0,4
Register Write to Reg: 0x11 Val: 0x00000004
[inst #740] ecall 
 [inst #741] addi x5,x5,4
Register Write to Reg: 0x05 Val: 0x10010044
[inst #742] addi x0,x0,0
Register Write to Reg: 0x00 Val: 0x00000000
[inst #743] addi x0,x0,0
Register Write to Reg: 0x00 Val: 0x00000000
[inst #744] addi x0,x0,0
Register Write to Reg: 0x00 Val: 0x00000000
[inst #745] addi x6,x6,-1
Register Write to Reg: 0x06 Val: 0x00000002
[inst #746] addi x0,x0,0
Register Write to Reg: 0x00 Val: 0x00000000
[inst #747] addi x0,x0,0
Register Write to Reg: 0x00 Val: 0x00000000
[inst #748] addi x0,x0,0
Register Write to Reg: 0x00 Val: 0x00000000
[inst #749] bne x6,x0,-96
[inst #750] lw x10,0(x5)
Register Write to Reg: 0x0A Val: 0x00000A18
[inst #751] addi x0,x0,0
Register Write to Reg: 0x00 Val: 0x00000000
[inst #752] addi x0,x0,0
Register Write to Reg: 0x00 Val: 0x00000000
[inst #753] addi x0,x0,0
Register Write to Reg: 0x00 Val: 0x00000000
[inst #754] ori x17,x0,1
Register Write to Reg: 0x11 Val: 0x00000001
[inst #755] ecall 
2584[inst #756] lui x10,65552
Register Write to Reg: 0x0A Val: 0x10010000
[inst #757] addi x0,x0,0
Register Write to Reg: 0x00 Val: 0x00000000
[inst #758] addi x0,x0,0
Register Write to Reg: 0x00 Val: 0x00000000
[inst #759] addi x0,x0,0
Register Write to Reg: 0x00 Val: 0x00000000
[inst #760] addi x10,x10,80
Register Write to Reg: 0x0A Val: 0x10010050
[inst #761] addi x0,x0,0
Register Write to Reg: 0x00 Val: 0x00000000
[inst #762] addi x0,x0,0
Register Write to Reg: 0x00 Val: 0x00000000
[inst #763] addi x0,x0,0
Register Write to Reg: 0x00 Val: 0x00000000
[inst #764] ori x17,x0,4
Register Write to Reg: 0x11 Val: 0x00000004
[inst #765] ecall 
 [inst #766] addi x5,x5,4
Register Write to Reg: 0x05 Val: 0x10010048
[inst #767] addi x0,x0,0
Register Write to Reg: 0x00 Val: 0x00000000
[inst #768] addi x0,x0,0
Register Write to Reg: 0x00 Val: 0x00000000
[inst #769] addi x0,x0,0
Register Write to Reg: 0x00 Val: 0x00000000
[inst #770] addi x6,x6,-1
Register Write to Reg: 0x06 Val: 0x00000001
[inst #771] addi x0,x0,0
Register Write to Reg: 0x00 Val: 0x00000000
[inst #772] addi x0,x0,0
Register Write to Reg: 0x00 Val: 0x00000000
[inst #773] addi x0,x0,0
Register Write to Reg: 0x00 Val: 0x00000000
[inst #774] bne x6,x0,-96
[inst #775] lw x10,0(x5)
Register Write to Reg: 0x0A Val: 0x00001055
[inst #776] addi x0,x0,0
Register Write to Reg: 0x00 Val: 0x00000000
[inst #777] addi x0,x0,0
Register Write to Reg: 0x00 Val: 0x00000000
[inst #778] addi x0,x0,0
Register Write to Reg: 0x00 Val: 0x00000000
[inst #779] ori x17,x0,1
Register Write to Reg: 0x11 Val: 0x00000001
[inst #780] ecall 
4181[inst #781] lui x10,65552
Register Write to Reg: 0x0A Val: 0x10010000
[inst #782] addi x0,x0,0
Register Write to Reg: 0x00 Val: 0x00000000
[inst #783] addi x0,x0,0
Register Write to Reg: 0x00 Val: 0x00000000
[inst #784] addi x0,x0,0
Register Write to Reg: 0x00 Val: 0x00000000
[inst #785] addi x10,x10,80
Register Write to Reg: 0x0A Val: 0x10010050
[inst #786] addi x0,x0,0
Register Write to Reg: 0x00 Val: 0x00000000
[inst #787] addi x0,x0,0
Register Write to Reg: 0x00 Val: 0x00000000
[inst #788] addi x0,x0,0
Register Write to Reg: 0x00 Val: 0x00000000
[inst #789] ori x17,x0,4
Register Write to Reg: 0x11 Val: 0x00000004
[inst #790] ecall 
 [inst #791] addi x5,x5,4
Register Write to Reg: 0x05 Val: 0x1001004C
[inst #792] addi x0,x0,0
Register Write to Reg: 0x00 Val: 0x00000000
[inst #793] addi x0,x0,0
Register Write to Reg: 0x00 Val: 0x00000000
[inst #794] addi x0,x0,0
Register Write to Reg: 0x00 Val: 0x00000000
[inst #795] addi x6,x6,-1
Register Write to Reg: 0x06 Val: 0x00000000
[inst #796] addi x0,x0,0
Register Write to Reg: 0x00 Val: 0x00000000
[inst #797] addi x0,x0,0
Register Write to Reg: 0x00 Val: 0x00000000
[inst #798] addi x0,x0,0
Register Write to Reg: 0x00 Val: 0x00000000
[inst #799] bne x6,x0,-96
[inst #800] addi x0,x0,0
Register Write to Reg: 0x00 Val: 0x00000000
[inst #801] addi x0,x0,0
Register Write to Reg: 0x00 Val: 0x00000000
[inst #802] addi x0,x0,0
Register Write to Reg: 0x00 Val: 0x00000000
[inst #803] jalr x0,x1,0
Register Write to Reg: 0x00 Val: 0x004001A0
[inst #804] addi x0,x0,0
Register Write to Reg: 0x00 Val: 0x00000000
[inst #805] addi x0,x0,0
Register Write to Reg: 0x00 Val: 0x00000000
[inst #806] addi x0,x0,0
Register Write to Reg: 0x00 Val: 0x00000000
[inst #807] jal x0,216
Register Write to Reg: 0x00 Val: 0x004000D8
[inst #808] wfi 
