In clock cycle: 4
Register Write to Reg: 0x08 Val: 0x10010000
In clock cycle: 5
Register Write to Reg: 0x08 Val: 0x10010000
In clock cycle: 6
Register Write to Reg: 0x15 Val: 0x10010008
In clock cycle: 7
Register Write to Reg: 0x15 Val: 0x1001004C
In clock cycle: 8
Register Write to Reg: 0x15 Val: 0x00000013
In clock cycle: 9
Register Write to Reg: 0x12 Val: 0x00000001
In clock cycle: 9
Memory Write to Addr: 0x10010000 Val: 0x00000001
In clock cycle: 10
Memory Write to Addr: 0x10010004 Val: 0x00000001
In clock cycle: 12
Register Write to Reg: 0x09 Val: 0x00000011
In clock cycle: 13
Register Write to Reg: 0x13 Val: 0x00000001
In clock cycle: 14
Register Write to Reg: 0x14 Val: 0x00000001
In clock cycle: 16
Register Write to Reg: 0x12 Val: 0x00000002
In clock cycle: 16
Memory Write to Addr: 0x10010008 Val: 0x00000002
In clock cycle: 18
Register Write to Reg: 0x08 Val: 0x10010004
In clock cycle: 19
Register Write to Reg: 0x09 Val: 0x00000010
In clock cycle: 24
Register Write to Reg: 0x13 Val: 0x00000001
In clock cycle: 25
Register Write to Reg: 0x14 Val: 0x00000002
In clock cycle: 27
Register Write to Reg: 0x12 Val: 0x00000003
In clock cycle: 27
Memory Write to Addr: 0x1001000C Val: 0x00000003
In clock cycle: 29
Register Write to Reg: 0x08 Val: 0x10010008
In clock cycle: 30
Register Write to Reg: 0x09 Val: 0x0000000F
In clock cycle: 35
Register Write to Reg: 0x13 Val: 0x00000002
In clock cycle: 36
Register Write to Reg: 0x14 Val: 0x00000003
In clock cycle: 38
Register Write to Reg: 0x12 Val: 0x00000005
In clock cycle: 38
Memory Write to Addr: 0x10010010 Val: 0x00000005
In clock cycle: 40
Register Write to Reg: 0x08 Val: 0x1001000C
In clock cycle: 41
Register Write to Reg: 0x09 Val: 0x0000000E
In clock cycle: 46
Register Write to Reg: 0x13 Val: 0x00000003
In clock cycle: 47
Register Write to Reg: 0x14 Val: 0x00000005
In clock cycle: 49
Register Write to Reg: 0x12 Val: 0x00000008
In clock cycle: 49
Memory Write to Addr: 0x10010014 Val: 0x00000008
In clock cycle: 51
Register Write to Reg: 0x08 Val: 0x10010010
In clock cycle: 52
Register Write to Reg: 0x09 Val: 0x0000000D
In clock cycle: 57
Register Write to Reg: 0x13 Val: 0x00000005
In clock cycle: 58
Register Write to Reg: 0x14 Val: 0x00000008
In clock cycle: 60
Register Write to Reg: 0x12 Val: 0x0000000D
In clock cycle: 60
Memory Write to Addr: 0x10010018 Val: 0x0000000D
In clock cycle: 62
Register Write to Reg: 0x08 Val: 0x10010014
In clock cycle: 63
Register Write to Reg: 0x09 Val: 0x0000000C
In clock cycle: 68
Register Write to Reg: 0x13 Val: 0x00000008
In clock cycle: 69
Register Write to Reg: 0x14 Val: 0x0000000D
In clock cycle: 71
Register Write to Reg: 0x12 Val: 0x00000015
In clock cycle: 71
Memory Write to Addr: 0x1001001C Val: 0x00000015
In clock cycle: 73
Register Write to Reg: 0x08 Val: 0x10010018
In clock cycle: 74
Register Write to Reg: 0x09 Val: 0x0000000B
In clock cycle: 79
Register Write to Reg: 0x13 Val: 0x0000000D
In clock cycle: 80
Register Write to Reg: 0x14 Val: 0x00000015
In clock cycle: 82
Register Write to Reg: 0x12 Val: 0x00000022
In clock cycle: 82
Memory Write to Addr: 0x10010020 Val: 0x00000022
In clock cycle: 84
Register Write to Reg: 0x08 Val: 0x1001001C
In clock cycle: 85
Register Write to Reg: 0x09 Val: 0x0000000A
In clock cycle: 90
Register Write to Reg: 0x13 Val: 0x00000015
In clock cycle: 91
Register Write to Reg: 0x14 Val: 0x00000022
In clock cycle: 93
Register Write to Reg: 0x12 Val: 0x00000037
In clock cycle: 93
Memory Write to Addr: 0x10010024 Val: 0x00000037
In clock cycle: 95
Register Write to Reg: 0x08 Val: 0x10010020
In clock cycle: 96
Register Write to Reg: 0x09 Val: 0x00000009
In clock cycle: 101
Register Write to Reg: 0x13 Val: 0x00000022
In clock cycle: 102
Register Write to Reg: 0x14 Val: 0x00000037
In clock cycle: 104
Register Write to Reg: 0x12 Val: 0x00000059
In clock cycle: 104
Memory Write to Addr: 0x10010028 Val: 0x00000059
In clock cycle: 106
Register Write to Reg: 0x08 Val: 0x10010024
In clock cycle: 107
Register Write to Reg: 0x09 Val: 0x00000008
In clock cycle: 112
Register Write to Reg: 0x13 Val: 0x00000037
In clock cycle: 113
Register Write to Reg: 0x14 Val: 0x00000059
In clock cycle: 115
Register Write to Reg: 0x12 Val: 0x00000090
In clock cycle: 115
Memory Write to Addr: 0x1001002C Val: 0x00000090
In clock cycle: 117
Register Write to Reg: 0x08 Val: 0x10010028
In clock cycle: 118
Register Write to Reg: 0x09 Val: 0x00000007
In clock cycle: 123
Register Write to Reg: 0x13 Val: 0x00000059
In clock cycle: 124
Register Write to Reg: 0x14 Val: 0x00000090
In clock cycle: 126
Register Write to Reg: 0x12 Val: 0x000000E9
In clock cycle: 126
Memory Write to Addr: 0x10010030 Val: 0x000000E9
In clock cycle: 128
Register Write to Reg: 0x08 Val: 0x1001002C
In clock cycle: 129
Register Write to Reg: 0x09 Val: 0x00000006
In clock cycle: 134
Register Write to Reg: 0x13 Val: 0x00000090
In clock cycle: 135
Register Write to Reg: 0x14 Val: 0x000000E9
In clock cycle: 137
Register Write to Reg: 0x12 Val: 0x00000179
In clock cycle: 137
Memory Write to Addr: 0x10010034 Val: 0x00000179
In clock cycle: 139
Register Write to Reg: 0x08 Val: 0x10010030
In clock cycle: 140
Register Write to Reg: 0x09 Val: 0x00000005
In clock cycle: 145
Register Write to Reg: 0x13 Val: 0x000000E9
In clock cycle: 146
Register Write to Reg: 0x14 Val: 0x00000179
In clock cycle: 148
Register Write to Reg: 0x12 Val: 0x00000262
In clock cycle: 148
Memory Write to Addr: 0x10010038 Val: 0x00000262
In clock cycle: 150
Register Write to Reg: 0x08 Val: 0x10010034
In clock cycle: 151
Register Write to Reg: 0x09 Val: 0x00000004
In clock cycle: 156
Register Write to Reg: 0x13 Val: 0x00000179
In clock cycle: 157
Register Write to Reg: 0x14 Val: 0x00000262
In clock cycle: 159
Register Write to Reg: 0x12 Val: 0x000003DB
In clock cycle: 159
Memory Write to Addr: 0x1001003C Val: 0x000003DB
In clock cycle: 161
Register Write to Reg: 0x08 Val: 0x10010038
In clock cycle: 162
Register Write to Reg: 0x09 Val: 0x00000003
In clock cycle: 167
Register Write to Reg: 0x13 Val: 0x00000262
In clock cycle: 168
Register Write to Reg: 0x14 Val: 0x000003DB
In clock cycle: 170
Register Write to Reg: 0x12 Val: 0x0000063D
In clock cycle: 170
Memory Write to Addr: 0x10010040 Val: 0x0000063D
In clock cycle: 172
Register Write to Reg: 0x08 Val: 0x1001003C
In clock cycle: 173
Register Write to Reg: 0x09 Val: 0x00000002
In clock cycle: 178
Register Write to Reg: 0x13 Val: 0x000003DB
In clock cycle: 179
Register Write to Reg: 0x14 Val: 0x0000063D
In clock cycle: 181
Register Write to Reg: 0x12 Val: 0x00000A18
In clock cycle: 181
Memory Write to Addr: 0x10010044 Val: 0x00000A18
In clock cycle: 183
Register Write to Reg: 0x08 Val: 0x10010040
In clock cycle: 184
Register Write to Reg: 0x09 Val: 0x00000001
In clock cycle: 189
Register Write to Reg: 0x13 Val: 0x0000063D
In clock cycle: 190
Register Write to Reg: 0x14 Val: 0x00000A18
In clock cycle: 192
Register Write to Reg: 0x12 Val: 0x00001055
In clock cycle: 192
Memory Write to Addr: 0x10010048 Val: 0x00001055
In clock cycle: 194
Register Write to Reg: 0x08 Val: 0x10010044
In clock cycle: 195
Register Write to Reg: 0x09 Val: 0x00000000
In clock cycle: 197
Register Write to Reg: 0x0A Val: 0x10010040
In clock cycle: 198
Register Write to Reg: 0x0A Val: 0x10010000
In clock cycle: 199
Register Write to Reg: 0x0B Val: 0x00000013
In clock cycle: 200
Register Write to Reg: 0x01 Val: 0x00400050
In clock cycle: 204
Register Write to Reg: 0x05 Val: 0x10010000
In clock cycle: 205
Register Write to Reg: 0x06 Val: 0x00000013
In clock cycle: 206
Register Write to Reg: 0x0A Val: 0x1001005C
In clock cycle: 207
Register Write to Reg: 0x0A Val: 0x10010052
In clock cycle: 208
Register Write to Reg: 0x11 Val: 0x00000004
In clock cycle: 210
Register Write to Reg: 0x0A Val: 0x00000001
In clock cycle: 211
Register Write to Reg: 0x11 Val: 0x00000001
In clock cycle: 213
Register Write to Reg: 0x0A Val: 0x10010078
In clock cycle: 214
Register Write to Reg: 0x0A Val: 0x10010050
In clock cycle: 215
Register Write to Reg: 0x11 Val: 0x00000004
In clock cycle: 217
Register Write to Reg: 0x05 Val: 0x10010004
In clock cycle: 218
Register Write to Reg: 0x06 Val: 0x00000012
In clock cycle: 223
Register Write to Reg: 0x0A Val: 0x00000001
In clock cycle: 224
Register Write to Reg: 0x11 Val: 0x00000001
In clock cycle: 226
Register Write to Reg: 0x0A Val: 0x10010078
In clock cycle: 227
Register Write to Reg: 0x0A Val: 0x10010050
In clock cycle: 228
Register Write to Reg: 0x11 Val: 0x00000004
In clock cycle: 230
Register Write to Reg: 0x05 Val: 0x10010008
In clock cycle: 231
Register Write to Reg: 0x06 Val: 0x00000011
In clock cycle: 236
Register Write to Reg: 0x0A Val: 0x00000002
In clock cycle: 237
Register Write to Reg: 0x11 Val: 0x00000001
In clock cycle: 239
Register Write to Reg: 0x0A Val: 0x10010078
In clock cycle: 240
Register Write to Reg: 0x0A Val: 0x10010050
In clock cycle: 241
Register Write to Reg: 0x11 Val: 0x00000004
In clock cycle: 243
Register Write to Reg: 0x05 Val: 0x1001000C
In clock cycle: 244
Register Write to Reg: 0x06 Val: 0x00000010
In clock cycle: 249
Register Write to Reg: 0x0A Val: 0x00000003
In clock cycle: 250
Register Write to Reg: 0x11 Val: 0x00000001
In clock cycle: 252
Register Write to Reg: 0x0A Val: 0x10010078
In clock cycle: 253
Register Write to Reg: 0x0A Val: 0x10010050
In clock cycle: 254
Register Write to Reg: 0x11 Val: 0x00000004
In clock cycle: 256
Register Write to Reg: 0x05 Val: 0x10010010
In clock cycle: 257
Register Write to Reg: 0x06 Val: 0x0000000F
In clock cycle: 262
Register Write to Reg: 0x0A Val: 0x00000005
In clock cycle: 263
Register Write to Reg: 0x11 Val: 0x00000001
In clock cycle: 265
Register Write to Reg: 0x0A Val: 0x10010078
In clock cycle: 266
Register Write to Reg: 0x0A Val: 0x10010050
In clock cycle: 267
Register Write to Reg: 0x11 Val: 0x00000004
In clock cycle: 269
Register Write to Reg: 0x05 Val: 0x10010014
In clock cycle: 270
Register Write to Reg: 0x06 Val: 0x0000000E
In clock cycle: 275
Register Write to Reg: 0x0A Val: 0x00000008
In clock cycle: 276
Register Write to Reg: 0x11 Val: 0x00000001
In clock cycle: 278
Register Write to Reg: 0x0A Val: 0x10010078
In clock cycle: 279
Register Write to Reg: 0x0A Val: 0x10010050
In clock cycle: 280
Register Write to Reg: 0x11 Val: 0x00000004
In clock cycle: 282
Register Write to Reg: 0x05 Val: 0x10010018
In clock cycle: 283
Register Write to Reg: 0x06 Val: 0x0000000D
In clock cycle: 288
Register Write to Reg: 0x0A Val: 0x0000000D
In clock cycle: 289
Register Write to Reg: 0x11 Val: 0x00000001
In clock cycle: 291
Register Write to Reg: 0x0A Val: 0x10010078
In clock cycle: 292
Register Write to Reg: 0x0A Val: 0x10010050
In clock cycle: 293
Register Write to Reg: 0x11 Val: 0x00000004
In clock cycle: 295
Register Write to Reg: 0x05 Val: 0x1001001C
In clock cycle: 296
Register Write to Reg: 0x06 Val: 0x0000000C
In clock cycle: 301
Register Write to Reg: 0x0A Val: 0x00000015
In clock cycle: 302
Register Write to Reg: 0x11 Val: 0x00000001
In clock cycle: 304
Register Write to Reg: 0x0A Val: 0x10010078
In clock cycle: 305
Register Write to Reg: 0x0A Val: 0x10010050
In clock cycle: 306
Register Write to Reg: 0x11 Val: 0x00000004
In clock cycle: 308
Register Write to Reg: 0x05 Val: 0x10010020
In clock cycle: 309
Register Write to Reg: 0x06 Val: 0x0000000B
In clock cycle: 314
Register Write to Reg: 0x0A Val: 0x00000022
In clock cycle: 315
Register Write to Reg: 0x11 Val: 0x00000001
In clock cycle: 317
Register Write to Reg: 0x0A Val: 0x10010078
In clock cycle: 318
Register Write to Reg: 0x0A Val: 0x10010050
In clock cycle: 319
Register Write to Reg: 0x11 Val: 0x00000004
In clock cycle: 321
Register Write to Reg: 0x05 Val: 0x10010024
In clock cycle: 322
Register Write to Reg: 0x06 Val: 0x0000000A
In clock cycle: 327
Register Write to Reg: 0x0A Val: 0x00000037
In clock cycle: 328
Register Write to Reg: 0x11 Val: 0x00000001
In clock cycle: 330
Register Write to Reg: 0x0A Val: 0x10010078
In clock cycle: 331
Register Write to Reg: 0x0A Val: 0x10010050
In clock cycle: 332
Register Write to Reg: 0x11 Val: 0x00000004
In clock cycle: 334
Register Write to Reg: 0x05 Val: 0x10010028
In clock cycle: 335
Register Write to Reg: 0x06 Val: 0x00000009
In clock cycle: 340
Register Write to Reg: 0x0A Val: 0x00000059
In clock cycle: 341
Register Write to Reg: 0x11 Val: 0x00000001
In clock cycle: 343
Register Write to Reg: 0x0A Val: 0x10010078
In clock cycle: 344
Register Write to Reg: 0x0A Val: 0x10010050
In clock cycle: 345
Register Write to Reg: 0x11 Val: 0x00000004
In clock cycle: 347
Register Write to Reg: 0x05 Val: 0x1001002C
In clock cycle: 348
Register Write to Reg: 0x06 Val: 0x00000008
In clock cycle: 353
Register Write to Reg: 0x0A Val: 0x00000090
In clock cycle: 354
Register Write to Reg: 0x11 Val: 0x00000001
In clock cycle: 356
Register Write to Reg: 0x0A Val: 0x10010078
In clock cycle: 357
Register Write to Reg: 0x0A Val: 0x10010050
In clock cycle: 358
Register Write to Reg: 0x11 Val: 0x00000004
In clock cycle: 360
Register Write to Reg: 0x05 Val: 0x10010030
In clock cycle: 361
Register Write to Reg: 0x06 Val: 0x00000007
In clock cycle: 366
Register Write to Reg: 0x0A Val: 0x000000E9
In clock cycle: 367
Register Write to Reg: 0x11 Val: 0x00000001
In clock cycle: 369
Register Write to Reg: 0x0A Val: 0x10010078
In clock cycle: 370
Register Write to Reg: 0x0A Val: 0x10010050
In clock cycle: 371
Register Write to Reg: 0x11 Val: 0x00000004
In clock cycle: 373
Register Write to Reg: 0x05 Val: 0x10010034
In clock cycle: 374
Register Write to Reg: 0x06 Val: 0x00000006
In clock cycle: 379
Register Write to Reg: 0x0A Val: 0x00000179
In clock cycle: 380
Register Write to Reg: 0x11 Val: 0x00000001
In clock cycle: 382
Register Write to Reg: 0x0A Val: 0x10010078
In clock cycle: 383
Register Write to Reg: 0x0A Val: 0x10010050
In clock cycle: 384
Register Write to Reg: 0x11 Val: 0x00000004
In clock cycle: 386
Register Write to Reg: 0x05 Val: 0x10010038
In clock cycle: 387
Register Write to Reg: 0x06 Val: 0x00000005
In clock cycle: 392
Register Write to Reg: 0x0A Val: 0x00000262
In clock cycle: 393
Register Write to Reg: 0x11 Val: 0x00000001
In clock cycle: 395
Register Write to Reg: 0x0A Val: 0x10010078
In clock cycle: 396
Register Write to Reg: 0x0A Val: 0x10010050
In clock cycle: 397
Register Write to Reg: 0x11 Val: 0x00000004
In clock cycle: 399
Register Write to Reg: 0x05 Val: 0x1001003C
In clock cycle: 400
Register Write to Reg: 0x06 Val: 0x00000004
In clock cycle: 405
Register Write to Reg: 0x0A Val: 0x000003DB
In clock cycle: 406
Register Write to Reg: 0x11 Val: 0x00000001
In clock cycle: 408
Register Write to Reg: 0x0A Val: 0x10010078
In clock cycle: 409
Register Write to Reg: 0x0A Val: 0x10010050
In clock cycle: 410
Register Write to Reg: 0x11 Val: 0x00000004
In clock cycle: 412
Register Write to Reg: 0x05 Val: 0x10010040
In clock cycle: 413
Register Write to Reg: 0x06 Val: 0x00000003
In clock cycle: 418
Register Write to Reg: 0x0A Val: 0x0000063D
In clock cycle: 419
Register Write to Reg: 0x11 Val: 0x00000001
In clock cycle: 421
Register Write to Reg: 0x0A Val: 0x10010078
In clock cycle: 422
Register Write to Reg: 0x0A Val: 0x10010050
In clock cycle: 423
Register Write to Reg: 0x11 Val: 0x00000004
In clock cycle: 425
Register Write to Reg: 0x05 Val: 0x10010044
In clock cycle: 426
Register Write to Reg: 0x06 Val: 0x00000002
In clock cycle: 431
Register Write to Reg: 0x0A Val: 0x00000A18
In clock cycle: 432
Register Write to Reg: 0x11 Val: 0x00000001
In clock cycle: 434
Register Write to Reg: 0x0A Val: 0x10010078
In clock cycle: 435
Register Write to Reg: 0x0A Val: 0x10010050
In clock cycle: 436
Register Write to Reg: 0x11 Val: 0x00000004
In clock cycle: 438
Register Write to Reg: 0x05 Val: 0x10010048
In clock cycle: 439
Register Write to Reg: 0x06 Val: 0x00000001
In clock cycle: 444
Register Write to Reg: 0x0A Val: 0x00001055
In clock cycle: 445
Register Write to Reg: 0x11 Val: 0x00000001
In clock cycle: 447
Register Write to Reg: 0x0A Val: 0x10010078
In clock cycle: 448
Register Write to Reg: 0x0A Val: 0x10010050
In clock cycle: 449
Register Write to Reg: 0x11 Val: 0x00000004
In clock cycle: 451
Register Write to Reg: 0x05 Val: 0x1001004C
In clock cycle: 452
Register Write to Reg: 0x06 Val: 0x00000000
In clock cycle: 454
Register Write to Reg: 0x00 Val: 0x00400098
In clock cycle: 458
Register Write to Reg: 0x00 Val: 0x00400054
Execution is stopping! Clock Cycle: 462
